{
  "stats": {
    "suites": 51,
    "tests": 245,
    "passes": 225,
    "pending": 20,
    "failures": 0,
    "start": "2025-03-10T02:10:36.460Z",
    "end": "2025-03-10T02:12:25.467Z",
    "duration": 109007,
    "testsRegistered": 245,
    "passPercent": 100,
    "pendingPercent": 8.16326530612245,
    "other": 0,
    "hasOther": false,
    "skipped": 0,
    "hasSkipped": false
  },
  "results": [
    {
      "uuid": "8bbf9a57-f35c-405e-b5d3-7f8f526e52c5",
      "title": "",
      "fullFile": "/home/runner/work/CkbGuardian/CkbGuardian/ckb/test/ckb.spec.test.ts",
      "file": "/test/ckb.spec.test.ts",
      "beforeHooks": [],
      "afterHooks": [],
      "tests": [],
      "suites": [
        {
          "uuid": "16ecfeb5-ffa4-4417-915d-bb3741e698cf",
          "title": "Ckb Node Rpc check Tests",
          "fullFile": "/home/runner/work/CkbGuardian/CkbGuardian/ckb/test/ckb.spec.test.ts",
          "file": "/test/ckb.spec.test.ts",
          "beforeHooks": [
            {
              "title": "\"before all\" hook in \"Ckb Node Rpc check Tests\"",
              "fullTitle": "Ckb Node Rpc check Tests \"before all\" hook in \"Ckb Node Rpc check Tests\"",
              "timedOut": false,
              "duration": 604,
              "state": null,
              "speed": null,
              "pass": false,
              "fail": false,
              "pending": false,
              "context": null,
              "code": "return __awaiter(_this, void 0, void 0, function () {\n            var version;\n            return __generator(this, function (_a) {\n                switch (_a.label) {\n                    case 0: return [4 /*yield*/, getCkbVersion(TestCkBkbClient)];\n                    case 1:\n                        version = _a.sent();\n                        this.suites[idx].title = this.suites[idx].title + \"(\" + version + \")\";\n                        idx++;\n                        return [2 /*return*/];\n                }\n            });\n        });",
              "err": {},
              "uuid": "aa491548-c676-4695-b616-2700f0232835",
              "parentUUID": "16ecfeb5-ffa4-4417-915d-bb3741e698cf",
              "isHook": true,
              "skipped": false
            },
            {
              "title": "\"before all\" hook in \"Ckb Node Rpc check Tests\"",
              "fullTitle": "Ckb Node Rpc check Tests \"before all\" hook in \"Ckb Node Rpc check Tests\"",
              "timedOut": false,
              "duration": 575,
              "state": null,
              "speed": null,
              "pass": false,
              "fail": false,
              "pending": false,
              "context": null,
              "code": "return __awaiter(_this, void 0, void 0, function () {\n            var version;\n            return __generator(this, function (_a) {\n                switch (_a.label) {\n                    case 0: return [4 /*yield*/, getCkbVersion(TestCkBkbClient)];\n                    case 1:\n                        version = _a.sent();\n                        this.suites[idx].title = this.suites[idx].title + \"(\" + version + \")\";\n                        idx++;\n                        return [2 /*return*/];\n                }\n            });\n        });",
              "err": {},
              "uuid": "67d06150-53d4-4e0c-9756-c1322593a2ff",
              "parentUUID": "16ecfeb5-ffa4-4417-915d-bb3741e698cf",
              "isHook": true,
              "skipped": false
            },
            {
              "title": "\"before all\" hook in \"Ckb Node Rpc check Tests\"",
              "fullTitle": "Ckb Node Rpc check Tests \"before all\" hook in \"Ckb Node Rpc check Tests\"",
              "timedOut": false,
              "duration": 600,
              "state": null,
              "speed": null,
              "pass": false,
              "fail": false,
              "pending": false,
              "context": null,
              "code": "return __awaiter(_this, void 0, void 0, function () {\n            var version;\n            return __generator(this, function (_a) {\n                switch (_a.label) {\n                    case 0: return [4 /*yield*/, getCkbVersion(TestCkBkbClient)];\n                    case 1:\n                        version = _a.sent();\n                        this.suites[idx].title = this.suites[idx].title + \"(\" + version + \")\";\n                        idx++;\n                        return [2 /*return*/];\n                }\n            });\n        });",
              "err": {},
              "uuid": "fcf07a17-0dc6-4a03-b1b1-db8f946d6403",
              "parentUUID": "16ecfeb5-ffa4-4417-915d-bb3741e698cf",
              "isHook": true,
              "skipped": false
            },
            {
              "title": "\"before all\" hook in \"Ckb Node Rpc check Tests\"",
              "fullTitle": "Ckb Node Rpc check Tests \"before all\" hook in \"Ckb Node Rpc check Tests\"",
              "timedOut": false,
              "duration": 478,
              "state": null,
              "speed": null,
              "pass": false,
              "fail": false,
              "pending": false,
              "context": null,
              "code": "return __awaiter(_this, void 0, void 0, function () {\n            var version;\n            return __generator(this, function (_a) {\n                switch (_a.label) {\n                    case 0: return [4 /*yield*/, getCkbVersion(TestCkBkbClient)];\n                    case 1:\n                        version = _a.sent();\n                        this.suites[idx].title = this.suites[idx].title + \"(\" + version + \")\";\n                        idx++;\n                        return [2 /*return*/];\n                }\n            });\n        });",
              "err": {},
              "uuid": "a59d1779-b751-4cdc-bd29-89d35a793cac",
              "parentUUID": "16ecfeb5-ffa4-4417-915d-bb3741e698cf",
              "isHook": true,
              "skipped": false
            },
            {
              "title": "\"before all\" hook in \"Ckb Node Rpc check Tests\"",
              "fullTitle": "Ckb Node Rpc check Tests \"before all\" hook in \"Ckb Node Rpc check Tests\"",
              "timedOut": false,
              "duration": 256,
              "state": null,
              "speed": null,
              "pass": false,
              "fail": false,
              "pending": false,
              "context": null,
              "code": "return __awaiter(_this, void 0, void 0, function () {\n            var version;\n            return __generator(this, function (_a) {\n                switch (_a.label) {\n                    case 0: return [4 /*yield*/, getCkbVersion(TestCkBkbClient)];\n                    case 1:\n                        version = _a.sent();\n                        this.suites[idx].title = this.suites[idx].title + \"(\" + version + \")\";\n                        idx++;\n                        return [2 /*return*/];\n                }\n            });\n        });",
              "err": {},
              "uuid": "f4c9b9fa-c0d2-4fd7-9ab5-8f09d960c009",
              "parentUUID": "16ecfeb5-ffa4-4417-915d-bb3741e698cf",
              "isHook": true,
              "skipped": false
            }
          ],
          "afterHooks": [],
          "tests": [],
          "suites": [
            {
              "uuid": "7a08f245-7277-4862-9df4-cc5dfffb26d5",
              "title": "public-MIRANA(0.121.0-rc1 (cf55a97 2025-01-08))",
              "fullFile": "/home/runner/work/CkbGuardian/CkbGuardian/ckb/test/ckb.spec.test.ts",
              "file": "/test/ckb.spec.test.ts",
              "beforeHooks": [],
              "afterHooks": [],
              "tests": [],
              "suites": [
                {
                  "uuid": "2a91cc49-5c47-4844-bf1d-ca9757af8b34",
                  "title": "Chain",
                  "fullFile": "/home/runner/work/CkbGuardian/CkbGuardian/ckb/test/ckb.spec.test.ts",
                  "file": "/test/ckb.spec.test.ts",
                  "beforeHooks": [],
                  "afterHooks": [],
                  "tests": [
                    {
                      "title": "get_block",
                      "fullTitle": "Ckb Node Rpc check Tests public-MIRANA(0.121.0-rc1 (cf55a97 2025-01-08)) Chain get_block",
                      "timedOut": false,
                      "duration": 513,
                      "state": "passed",
                      "speed": "slow",
                      "pass": true,
                      "fail": false,
                      "pending": false,
                      "context": null,
                      "code": "return __awaiter(_this, void 0, void 0, function () {\n                    return __generator(this, function (_a) {\n                        switch (_a.label) {\n                            case 0: return [4 /*yield*/, ckbRequestTest(this.ctx, TestCkBkbClient.getBlock(\"0xb2671d3cc16b7738bbc8902ef11322bc2bfe7c54f5ce4a5cdfdf57b1a02fcb11\"), config)];\n                            case 1:\n                                _a.sent();\n                                return [2 /*return*/];\n                        }\n                    });\n                });",
                      "err": {},
                      "uuid": "12923da3-dcc9-4753-ae13-12037ce3bc9a",
                      "parentUUID": "2a91cc49-5c47-4844-bf1d-ca9757af8b34",
                      "isHook": false,
                      "skipped": false
                    },
                    {
                      "title": "get_block_by_number",
                      "fullTitle": "Ckb Node Rpc check Tests public-MIRANA(0.121.0-rc1 (cf55a97 2025-01-08)) Chain get_block_by_number",
                      "timedOut": false,
                      "duration": 495,
                      "state": "passed",
                      "speed": "slow",
                      "pass": true,
                      "fail": false,
                      "pending": false,
                      "context": null,
                      "code": "return __awaiter(_this, void 0, void 0, function () {\n                    return __generator(this, function (_a) {\n                        switch (_a.label) {\n                            case 0: return [4 /*yield*/, ckbRequestTest(this.ctx, TestCkBkbClient.getBlockByNumber(\"0x400\"), config)];\n                            case 1:\n                                _a.sent();\n                                return [2 /*return*/];\n                        }\n                    });\n                });",
                      "err": {},
                      "uuid": "6be8c719-83c5-4a9a-8920-f7e065d4f46f",
                      "parentUUID": "2a91cc49-5c47-4844-bf1d-ca9757af8b34",
                      "isHook": false,
                      "skipped": false
                    },
                    {
                      "title": "get_header",
                      "fullTitle": "Ckb Node Rpc check Tests public-MIRANA(0.121.0-rc1 (cf55a97 2025-01-08)) Chain get_header",
                      "timedOut": false,
                      "duration": 1277,
                      "state": "passed",
                      "speed": "slow",
                      "pass": true,
                      "fail": false,
                      "pending": false,
                      "context": null,
                      "code": "return __awaiter(_this, void 0, void 0, function () {\n                    return __generator(this, function (_a) {\n                        switch (_a.label) {\n                            case 0: return [4 /*yield*/, ckbRequestTest(this.ctx, TestCkBkbClient.getHeader(\"0xb2671d3cc16b7738bbc8902ef11322bc2bfe7c54f5ce4a5cdfdf57b1a02fcb11\"), config)];\n                            case 1:\n                                _a.sent();\n                                return [2 /*return*/];\n                        }\n                    });\n                });",
                      "err": {},
                      "uuid": "09eb57cf-c205-45a1-9a9d-dd8383a94c9b",
                      "parentUUID": "2a91cc49-5c47-4844-bf1d-ca9757af8b34",
                      "isHook": false,
                      "skipped": false
                    },
                    {
                      "title": "get_header_by_number",
                      "fullTitle": "Ckb Node Rpc check Tests public-MIRANA(0.121.0-rc1 (cf55a97 2025-01-08)) Chain get_header_by_number",
                      "timedOut": false,
                      "duration": 522,
                      "state": "passed",
                      "speed": "slow",
                      "pass": true,
                      "fail": false,
                      "pending": false,
                      "context": null,
                      "code": "return __awaiter(_this, void 0, void 0, function () {\n                    return __generator(this, function (_a) {\n                        switch (_a.label) {\n                            case 0: return [4 /*yield*/, ckbRequestTest(this.ctx, TestCkBkbClient.getHeaderByNumber(\"0x400\"), config)];\n                            case 1:\n                                _a.sent();\n                                return [2 /*return*/];\n                        }\n                    });\n                });",
                      "err": {},
                      "uuid": "285879c0-778b-4be4-b688-41f94241d617",
                      "parentUUID": "2a91cc49-5c47-4844-bf1d-ca9757af8b34",
                      "isHook": false,
                      "skipped": false
                    },
                    {
                      "title": "get_block_filter",
                      "fullTitle": "Ckb Node Rpc check Tests public-MIRANA(0.121.0-rc1 (cf55a97 2025-01-08)) Chain get_block_filter",
                      "timedOut": false,
                      "duration": 512,
                      "state": "passed",
                      "speed": "slow",
                      "pass": true,
                      "fail": false,
                      "pending": false,
                      "context": null,
                      "code": "return __awaiter(_this, void 0, void 0, function () {\n                    return __generator(this, function (_a) {\n                        switch (_a.label) {\n                            case 0: return [4 /*yield*/, ckbRequestTest(this.ctx, request(1, config.rpc, \"get_block_filter\", [\"0xb2671d3cc16b7738bbc8902ef11322bc2bfe7c54f5ce4a5cdfdf57b1a02fcb11\"]), config)];\n                            case 1:\n                                _a.sent();\n                                return [2 /*return*/];\n                        }\n                    });\n                });",
                      "err": {},
                      "uuid": "33df15dd-b478-4277-bab7-1ff4ec51eba0",
                      "parentUUID": "2a91cc49-5c47-4844-bf1d-ca9757af8b34",
                      "isHook": false,
                      "skipped": false
                    },
                    {
                      "title": "get_transaction",
                      "fullTitle": "Ckb Node Rpc check Tests public-MIRANA(0.121.0-rc1 (cf55a97 2025-01-08)) Chain get_transaction",
                      "timedOut": false,
                      "duration": 519,
                      "state": "passed",
                      "speed": "slow",
                      "pass": true,
                      "fail": false,
                      "pending": false,
                      "context": null,
                      "code": "return __awaiter(_this, void 0, void 0, function () {\n                    return __generator(this, function (_a) {\n                        switch (_a.label) {\n                            case 0: return [4 /*yield*/, ckbRequestTest(this.ctx, TestCkBkbClient.getTransaction(\"0x037dafd7f9c6f742e8c9f225191b441b0b5c4e8b3c1e87c29a2f2ec2fbbf6934\"), config)];\n                            case 1:\n                                _a.sent();\n                                return [2 /*return*/];\n                        }\n                    });\n                });",
                      "err": {},
                      "uuid": "0d027580-e2cb-4221-923c-cc2e1306c5aa",
                      "parentUUID": "2a91cc49-5c47-4844-bf1d-ca9757af8b34",
                      "isHook": false,
                      "skipped": false
                    },
                    {
                      "title": "get_block_hash",
                      "fullTitle": "Ckb Node Rpc check Tests public-MIRANA(0.121.0-rc1 (cf55a97 2025-01-08)) Chain get_block_hash",
                      "timedOut": false,
                      "duration": 511,
                      "state": "passed",
                      "speed": "slow",
                      "pass": true,
                      "fail": false,
                      "pending": false,
                      "context": null,
                      "code": "return __awaiter(_this, void 0, void 0, function () {\n                    return __generator(this, function (_a) {\n                        switch (_a.label) {\n                            case 0: return [4 /*yield*/, ckbRequestTest(this.ctx, TestCkBkbClient.getBlockHash(\"0x400\"), config)];\n                            case 1:\n                                _a.sent();\n                                return [2 /*return*/];\n                        }\n                    });\n                });",
                      "err": {},
                      "uuid": "3ab09c52-3145-4a01-a536-67cde95c5815",
                      "parentUUID": "2a91cc49-5c47-4844-bf1d-ca9757af8b34",
                      "isHook": false,
                      "skipped": false
                    },
                    {
                      "title": "get_tip_header",
                      "fullTitle": "Ckb Node Rpc check Tests public-MIRANA(0.121.0-rc1 (cf55a97 2025-01-08)) Chain get_tip_header",
                      "timedOut": false,
                      "duration": 488,
                      "state": "passed",
                      "speed": "slow",
                      "pass": true,
                      "fail": false,
                      "pending": false,
                      "context": null,
                      "code": "return __awaiter(_this, void 0, void 0, function () {\n                    return __generator(this, function (_a) {\n                        switch (_a.label) {\n                            case 0: return [4 /*yield*/, ckbRequestTest(this.ctx, TestCkBkbClient.getTipHeader(), config)];\n                            case 1:\n                                _a.sent();\n                                return [2 /*return*/];\n                        }\n                    });\n                });",
                      "err": {},
                      "uuid": "595642ab-d077-4bb1-a9a9-649a6460299e",
                      "parentUUID": "2a91cc49-5c47-4844-bf1d-ca9757af8b34",
                      "isHook": false,
                      "skipped": false
                    },
                    {
                      "title": "get_live_cell",
                      "fullTitle": "Ckb Node Rpc check Tests public-MIRANA(0.121.0-rc1 (cf55a97 2025-01-08)) Chain get_live_cell",
                      "timedOut": false,
                      "duration": 491,
                      "state": "passed",
                      "speed": "slow",
                      "pass": true,
                      "fail": false,
                      "pending": false,
                      "context": null,
                      "code": "return __awaiter(_this, void 0, void 0, function () {\n                    return __generator(this, function (_a) {\n                        switch (_a.label) {\n                            case 0: return [4 /*yield*/, ckbRequestTest(this.ctx, TestCkBkbClient.getLiveCell({\n                                    \"index\": \"0x0\",\n                                    \"txHash\": \"0x037dafd7f9c6f742e8c9f225191b441b0b5c4e8b3c1e87c29a2f2ec2fbbf6934\"\n                                }, true), config)];\n                            case 1:\n                                _a.sent();\n                                return [2 /*return*/];\n                        }\n                    });\n                });",
                      "err": {},
                      "uuid": "d525edc6-4484-45ed-8ee1-d571e3a21206",
                      "parentUUID": "2a91cc49-5c47-4844-bf1d-ca9757af8b34",
                      "isHook": false,
                      "skipped": false
                    },
                    {
                      "title": "get_tip_block_number",
                      "fullTitle": "Ckb Node Rpc check Tests public-MIRANA(0.121.0-rc1 (cf55a97 2025-01-08)) Chain get_tip_block_number",
                      "timedOut": false,
                      "duration": 497,
                      "state": "passed",
                      "speed": "slow",
                      "pass": true,
                      "fail": false,
                      "pending": false,
                      "context": null,
                      "code": "return __awaiter(_this, void 0, void 0, function () {\n                    return __generator(this, function (_a) {\n                        switch (_a.label) {\n                            case 0: return [4 /*yield*/, ckbRequestTest(this.ctx, TestCkBkbClient.getTipBlockNumber(), config)];\n                            case 1:\n                                _a.sent();\n                                return [2 /*return*/];\n                        }\n                    });\n                });",
                      "err": {},
                      "uuid": "017474eb-cde5-47e6-9151-fbc25406b0be",
                      "parentUUID": "2a91cc49-5c47-4844-bf1d-ca9757af8b34",
                      "isHook": false,
                      "skipped": false
                    },
                    {
                      "title": "get_current_epoch",
                      "fullTitle": "Ckb Node Rpc check Tests public-MIRANA(0.121.0-rc1 (cf55a97 2025-01-08)) Chain get_current_epoch",
                      "timedOut": false,
                      "duration": 534,
                      "state": "passed",
                      "speed": "slow",
                      "pass": true,
                      "fail": false,
                      "pending": false,
                      "context": null,
                      "code": "return __awaiter(_this, void 0, void 0, function () {\n                    return __generator(this, function (_a) {\n                        switch (_a.label) {\n                            case 0: return [4 /*yield*/, ckbRequestTest(this.ctx, TestCkBkbClient.getCurrentEpoch(), config)];\n                            case 1:\n                                _a.sent();\n                                return [2 /*return*/];\n                        }\n                    });\n                });",
                      "err": {},
                      "uuid": "aa5a3df4-83f5-4e6f-9e1e-67a4bfbeaac5",
                      "parentUUID": "2a91cc49-5c47-4844-bf1d-ca9757af8b34",
                      "isHook": false,
                      "skipped": false
                    },
                    {
                      "title": "get_epoch_by_number",
                      "fullTitle": "Ckb Node Rpc check Tests public-MIRANA(0.121.0-rc1 (cf55a97 2025-01-08)) Chain get_epoch_by_number",
                      "timedOut": false,
                      "duration": 1202,
                      "state": "passed",
                      "speed": "slow",
                      "pass": true,
                      "fail": false,
                      "pending": false,
                      "context": null,
                      "code": "return __awaiter(_this, void 0, void 0, function () {\n                    return __generator(this, function (_a) {\n                        switch (_a.label) {\n                            case 0: return [4 /*yield*/, ckbRequestTest(this.ctx, TestCkBkbClient.getEpochByNumber(\"0x0\"), config)];\n                            case 1:\n                                _a.sent();\n                                return [2 /*return*/];\n                        }\n                    });\n                });",
                      "err": {},
                      "uuid": "e06f9b21-b31e-49bc-8226-ae9266603b25",
                      "parentUUID": "2a91cc49-5c47-4844-bf1d-ca9757af8b34",
                      "isHook": false,
                      "skipped": false
                    },
                    {
                      "title": "get_block_economic_state",
                      "fullTitle": "Ckb Node Rpc check Tests public-MIRANA(0.121.0-rc1 (cf55a97 2025-01-08)) Chain get_block_economic_state",
                      "timedOut": false,
                      "duration": 571,
                      "state": "passed",
                      "speed": "slow",
                      "pass": true,
                      "fail": false,
                      "pending": false,
                      "context": null,
                      "code": "return __awaiter(_this, void 0, void 0, function () {\n                    return __generator(this, function (_a) {\n                        switch (_a.label) {\n                            case 0: return [4 /*yield*/, ckbRequestTest(this.ctx, TestCkBkbClient.getBlockEconomicState(\"0xb2671d3cc16b7738bbc8902ef11322bc2bfe7c54f5ce4a5cdfdf57b1a02fcb11\"), config)];\n                            case 1:\n                                _a.sent();\n                                return [2 /*return*/];\n                        }\n                    });\n                });",
                      "err": {},
                      "uuid": "0325ed1d-6d21-420d-bb78-94b619770cca",
                      "parentUUID": "2a91cc49-5c47-4844-bf1d-ca9757af8b34",
                      "isHook": false,
                      "skipped": false
                    },
                    {
                      "title": "get_transaction_proof",
                      "fullTitle": "Ckb Node Rpc check Tests public-MIRANA(0.121.0-rc1 (cf55a97 2025-01-08)) Chain get_transaction_proof",
                      "timedOut": false,
                      "duration": 2642,
                      "state": "passed",
                      "speed": "slow",
                      "pass": true,
                      "fail": false,
                      "pending": false,
                      "context": null,
                      "code": "return __awaiter(_this, void 0, void 0, function () {\n                    var block;\n                    return __generator(this, function (_a) {\n                        switch (_a.label) {\n                            case 0: return [4 /*yield*/, TestCkBkbClient.getBlockByNumber(\"0x0\")];\n                            case 1:\n                                block = _a.sent();\n                                return [4 /*yield*/, ckbRequestTest(this.ctx, TestCkBkbClient.getTransactionProof(block.transactions.map(function (tx) { return tx.hash; })), config)];\n                            case 2:\n                                _a.sent();\n                                return [2 /*return*/];\n                        }\n                    });\n                });",
                      "err": {},
                      "uuid": "3099c766-3458-448f-8b1f-c78d7a5e10cc",
                      "parentUUID": "2a91cc49-5c47-4844-bf1d-ca9757af8b34",
                      "isHook": false,
                      "skipped": false
                    },
                    {
                      "title": "verify_transaction_proof",
                      "fullTitle": "Ckb Node Rpc check Tests public-MIRANA(0.121.0-rc1 (cf55a97 2025-01-08)) Chain verify_transaction_proof",
                      "timedOut": false,
                      "duration": 3092,
                      "state": "passed",
                      "speed": "slow",
                      "pass": true,
                      "fail": false,
                      "pending": false,
                      "context": null,
                      "code": "return __awaiter(_this, void 0, void 0, function () {\n                    var block, proof;\n                    return __generator(this, function (_a) {\n                        switch (_a.label) {\n                            case 0: return [4 /*yield*/, TestCkBkbClient.getBlockByNumber(\"0x0\")];\n                            case 1:\n                                block = _a.sent();\n                                return [4 /*yield*/, TestCkBkbClient.getTransactionProof(block.transactions.map(function (tx) { return tx.hash; }))];\n                            case 2:\n                                proof = _a.sent();\n                                return [4 /*yield*/, ckbRequestTest(this.ctx, TestCkBkbClient.verifyTransactionProof(proof), config)];\n                            case 3:\n                                _a.sent();\n                                return [2 /*return*/];\n                        }\n                    });\n                });",
                      "err": {},
                      "uuid": "9c87db93-6291-4cc8-9698-6b4b9bdde3b0",
                      "parentUUID": "2a91cc49-5c47-4844-bf1d-ca9757af8b34",
                      "isHook": false,
                      "skipped": false
                    },
                    {
                      "title": "get_consensus",
                      "fullTitle": "Ckb Node Rpc check Tests public-MIRANA(0.121.0-rc1 (cf55a97 2025-01-08)) Chain get_consensus",
                      "timedOut": false,
                      "duration": 274,
                      "state": "passed",
                      "speed": "slow",
                      "pass": true,
                      "fail": false,
                      "pending": false,
                      "context": null,
                      "code": "return __awaiter(_this, void 0, void 0, function () {\n                    return __generator(this, function (_a) {\n                        switch (_a.label) {\n                            case 0: return [4 /*yield*/, ckbRequestTest(this.ctx, request(1, config.rpc, \"get_consensus\", []), config)];\n                            case 1:\n                                _a.sent();\n                                return [2 /*return*/];\n                        }\n                    });\n                });",
                      "err": {},
                      "uuid": "b42cb2be-2745-42f7-873a-fda307d6276e",
                      "parentUUID": "2a91cc49-5c47-4844-bf1d-ca9757af8b34",
                      "isHook": false,
                      "skipped": false
                    },
                    {
                      "title": "get_block_median_time",
                      "fullTitle": "Ckb Node Rpc check Tests public-MIRANA(0.121.0-rc1 (cf55a97 2025-01-08)) Chain get_block_median_time",
                      "timedOut": false,
                      "duration": 561,
                      "state": "passed",
                      "speed": "slow",
                      "pass": true,
                      "fail": false,
                      "pending": false,
                      "context": null,
                      "code": "return __awaiter(_this, void 0, void 0, function () {\n                    return __generator(this, function (_a) {\n                        switch (_a.label) {\n                            case 0: return [4 /*yield*/, ckbRequestTest(this.ctx, request(1, config.rpc, \"get_block_median_time\", [\"0xb3c5b9789dff3821e298a62e6cc4060accb19ed2558f988a8826573252b9ae20\"]), config)];\n                            case 1:\n                                _a.sent();\n                                return [2 /*return*/];\n                        }\n                    });\n                });",
                      "err": {},
                      "uuid": "406e02dc-61e3-483a-8b93-d02d85f0e171",
                      "parentUUID": "2a91cc49-5c47-4844-bf1d-ca9757af8b34",
                      "isHook": false,
                      "skipped": false
                    },
                    {
                      "title": "estimate_cycles",
                      "fullTitle": "Ckb Node Rpc check Tests public-MIRANA(0.121.0-rc1 (cf55a97 2025-01-08)) Chain estimate_cycles",
                      "timedOut": false,
                      "duration": 286,
                      "state": "passed",
                      "speed": "slow",
                      "pass": true,
                      "fail": false,
                      "pending": false,
                      "context": null,
                      "code": "return __awaiter(_this, void 0, void 0, function () {\n                    function test() {\n                        return __awaiter(this, void 0, void 0, function () {\n                            var response, e_1;\n                            return __generator(this, function (_a) {\n                                switch (_a.label) {\n                                    case 0:\n                                        _a.trys.push([0, 2, , 3]);\n                                        return [4 /*yield*/, request(1, config.rpc, \"estimate_cycles\", [\n                                                {\n                                                    \"cell_deps\": [\n                                                        {\n                                                            \"dep_type\": \"code\",\n                                                            \"out_point\": {\n                                                                \"index\": \"0x0\",\n                                                                \"tx_hash\": \"0xa4037a893eb48e18ed4ef61034ce26eba9c585f15c9cee102ae58505565eccc3\"\n                                                            }\n                                                        }\n                                                    ],\n                                                    \"header_deps\": [\n                                                        \"0x7978ec7ce5b507cfb52e149e36b1a23f6062ed150503c85bbf825da3599095ed\"\n                                                    ],\n                                                    \"inputs\": [\n                                                        {\n                                                            \"previous_output\": {\n                                                                \"index\": \"0x0\",\n                                                                \"tx_hash\": \"0x365698b50ca0da75dca2c87f9e7b563811d3b5813736b8cc62cc3b106faceb17\"\n                                                            },\n                                                            \"since\": \"0x0\"\n                                                        }\n                                                    ],\n                                                    \"outputs\": [\n                                                        {\n                                                            \"capacity\": \"0x2540be400\",\n                                                            \"lock\": {\n                                                                \"code_hash\": \"0x28e83a1277d48add8e72fadaa9248559e1b632bab2bd60b27955ebc4c03800a5\",\n                                                                \"hash_type\": \"data\",\n                                                                \"args\": \"0x\"\n                                                            },\n                                                            \"type\": null\n                                                        }\n                                                    ],\n                                                    \"outputs_data\": [\n                                                        \"0x\"\n                                                    ],\n                                                    \"version\": \"0x0\",\n                                                    \"witnesses\": []\n                                                }\n                                            ])];\n                                    case 1:\n                                        response = _a.sent();\n                                        console.log(\"response1:\", response);\n                                        return [3 /*break*/, 3];\n                                    case 2:\n                                        e_1 = _a.sent();\n                                        chai_1.expect(e_1.toString()).to.be.include(\"TransactionFailedToResolve\");\n                                        return [2 /*return*/];\n                                    case 3:\n                                        chai_1.expect.fail(\"failed\");\n                                        return [2 /*return*/];\n                                }\n                            });\n                        });\n                    }\n                    return __generator(this, function (_a) {\n                        switch (_a.label) {\n                            case 0: return [4 /*yield*/, ckbRequestTest(this.ctx, test(), config)];\n                            case 1:\n                                _a.sent();\n                                return [2 /*return*/];\n                        }\n                    });\n                });",
                      "err": {},
                      "uuid": "17b2d104-d1f8-4c63-b421-2ec9cebeaf8c",
                      "parentUUID": "2a91cc49-5c47-4844-bf1d-ca9757af8b34",
                      "isHook": false,
                      "skipped": false
                    },
                    {
                      "title": "get_fee_rate_statics",
                      "fullTitle": "Ckb Node Rpc check Tests public-MIRANA(0.121.0-rc1 (cf55a97 2025-01-08)) Chain get_fee_rate_statics",
                      "timedOut": false,
                      "duration": 503,
                      "state": "passed",
                      "speed": "slow",
                      "pass": true,
                      "fail": false,
                      "pending": false,
                      "context": null,
                      "code": "return __awaiter(_this, void 0, void 0, function () {\n                    return __generator(this, function (_a) {\n                        switch (_a.label) {\n                            case 0: return [4 /*yield*/, ckbRequestTest(this.ctx, request(1, config.rpc, \"get_fee_rate_statics\", []), config)];\n                            case 1:\n                                _a.sent();\n                                return [2 /*return*/];\n                        }\n                    });\n                });",
                      "err": {},
                      "uuid": "a207afdc-ebc6-4439-918b-0e8740fbe409",
                      "parentUUID": "2a91cc49-5c47-4844-bf1d-ca9757af8b34",
                      "isHook": false,
                      "skipped": false
                    }
                  ],
                  "suites": [],
                  "passes": [
                    "12923da3-dcc9-4753-ae13-12037ce3bc9a",
                    "6be8c719-83c5-4a9a-8920-f7e065d4f46f",
                    "09eb57cf-c205-45a1-9a9d-dd8383a94c9b",
                    "285879c0-778b-4be4-b688-41f94241d617",
                    "33df15dd-b478-4277-bab7-1ff4ec51eba0",
                    "0d027580-e2cb-4221-923c-cc2e1306c5aa",
                    "3ab09c52-3145-4a01-a536-67cde95c5815",
                    "595642ab-d077-4bb1-a9a9-649a6460299e",
                    "d525edc6-4484-45ed-8ee1-d571e3a21206",
                    "017474eb-cde5-47e6-9151-fbc25406b0be",
                    "aa5a3df4-83f5-4e6f-9e1e-67a4bfbeaac5",
                    "e06f9b21-b31e-49bc-8226-ae9266603b25",
                    "0325ed1d-6d21-420d-bb78-94b619770cca",
                    "3099c766-3458-448f-8b1f-c78d7a5e10cc",
                    "9c87db93-6291-4cc8-9698-6b4b9bdde3b0",
                    "b42cb2be-2745-42f7-873a-fda307d6276e",
                    "406e02dc-61e3-483a-8b93-d02d85f0e171",
                    "17b2d104-d1f8-4c63-b421-2ec9cebeaf8c",
                    "a207afdc-ebc6-4439-918b-0e8740fbe409"
                  ],
                  "failures": [],
                  "pending": [],
                  "skipped": [],
                  "duration": 15490,
                  "root": false,
                  "rootEmpty": false,
                  "_timeout": 1000000
                },
                {
                  "uuid": "2b641c8d-5f55-48d2-aa8b-270dcbc17264",
                  "title": "Experiment",
                  "fullFile": "/home/runner/work/CkbGuardian/CkbGuardian/ckb/test/ckb.spec.test.ts",
                  "file": "/test/ckb.spec.test.ts",
                  "beforeHooks": [],
                  "afterHooks": [],
                  "tests": [
                    {
                      "title": "calculate_dao_maximum_withdraw",
                      "fullTitle": "Ckb Node Rpc check Tests public-MIRANA(0.121.0-rc1 (cf55a97 2025-01-08)) Experiment calculate_dao_maximum_withdraw",
                      "timedOut": false,
                      "duration": 490,
                      "state": "passed",
                      "speed": "slow",
                      "pass": true,
                      "fail": false,
                      "pending": false,
                      "context": null,
                      "code": "return __awaiter(_this, void 0, void 0, function () {\n                    function test() {\n                        return __awaiter(this, void 0, void 0, function () {\n                            var e_2;\n                            return __generator(this, function (_a) {\n                                switch (_a.label) {\n                                    case 0:\n                                        _a.trys.push([0, 2, , 3]);\n                                        return [4 /*yield*/, TestCkBkbClient.calculateDaoMaximumWithdraw({\n                                                index: \"0x1\",\n                                                txHash: \"0x12e82575740ec53e0b52ce8a36e212ad62beb58d1beac997996363e0bfe3d9e5\"\n                                            }, \"0xa5f5c85987a15de25661e5a214f2c1449cd803f071acc7999820f25246471f40\")];\n                                    case 1:\n                                        _a.sent();\n                                        return [3 /*break*/, 3];\n                                    case 2:\n                                        e_2 = _a.sent();\n                                        chai_1.expect(e_2.toString()).to.be.include(\"invalid out_point\");\n                                        return [2 /*return*/];\n                                    case 3:\n                                        chai_1.expect.fail(\"failed \");\n                                        return [2 /*return*/];\n                                }\n                            });\n                        });\n                    }\n                    return __generator(this, function (_a) {\n                        switch (_a.label) {\n                            case 0: return [4 /*yield*/, ckbRequestTest(this.ctx, test(), config)];\n                            case 1:\n                                _a.sent();\n                                return [2 /*return*/];\n                        }\n                    });\n                });",
                      "err": {},
                      "uuid": "8bbf2956-24d7-4580-8ed1-cf2aa908ed32",
                      "parentUUID": "2b641c8d-5f55-48d2-aa8b-270dcbc17264",
                      "isHook": false,
                      "skipped": false
                    },
                    {
                      "title": "dry_run_transaction",
                      "fullTitle": "Ckb Node Rpc check Tests public-MIRANA(0.121.0-rc1 (cf55a97 2025-01-08)) Experiment dry_run_transaction",
                      "timedOut": false,
                      "duration": 484,
                      "state": "passed",
                      "speed": "slow",
                      "pass": true,
                      "fail": false,
                      "pending": false,
                      "context": null,
                      "code": "return __awaiter(_this, void 0, void 0, function () {\n                    function test() {\n                        return __awaiter(this, void 0, void 0, function () {\n                            var e_3;\n                            return __generator(this, function (_a) {\n                                switch (_a.label) {\n                                    case 0:\n                                        _a.trys.push([0, 2, , 3]);\n                                        return [4 /*yield*/, TestCkBkbClient.dryRunTransaction({\n                                                cellDeps: [\n                                                    {\n                                                        depType: \"code\",\n                                                        outPoint: {\n                                                            index: \"0x0\",\n                                                            txHash: \"0xa4037a893eb48e18ed4ef61034ce26eba9c585f15c9cee102ae58505565eccc3\"\n                                                        }\n                                                    }\n                                                ],\n                                                headerDeps: [\n                                                    \"0x7978ec7ce5b507cfb52e149e36b1a23f6062ed150503c85bbf825da3599095ed\"\n                                                ],\n                                                inputs: [\n                                                    {\n                                                        previousOutput: {\n                                                            index: \"0x0\",\n                                                            txHash: \"0x365698b50ca0da75dca2c87f9e7b563811d3b5813736b8cc62cc3b106faceb17\"\n                                                        },\n                                                        since: \"0x0\"\n                                                    }\n                                                ],\n                                                outputs: [\n                                                    {\n                                                        capacity: \"0x2540be400\",\n                                                        lock: {\n                                                            codeHash: \"0x28e83a1277d48add8e72fadaa9248559e1b632bab2bd60b27955ebc4c03800a5\",\n                                                            hashType: \"data\",\n                                                            args: \"0x\"\n                                                        },\n                                                        type: null\n                                                    }\n                                                ],\n                                                outputsData: [\n                                                    \"0x\"\n                                                ],\n                                                version: \"0x0\",\n                                                witnesses: []\n                                            })];\n                                    case 1:\n                                        _a.sent();\n                                        return [3 /*break*/, 3];\n                                    case 2:\n                                        e_3 = _a.sent();\n                                        chai_1.expect(e_3.toString()).to.be.include(\"TransactionFailedToResolve\");\n                                        return [2 /*return*/];\n                                    case 3:\n                                        chai_1.expect.fail(\"failed\");\n                                        return [2 /*return*/];\n                                }\n                            });\n                        });\n                    }\n                    return __generator(this, function (_a) {\n                        switch (_a.label) {\n                            case 0: return [4 /*yield*/, ckbRequestTest(this.ctx, test(), config)];\n                            case 1:\n                                _a.sent();\n                                return [2 /*return*/];\n                        }\n                    });\n                });",
                      "err": {},
                      "uuid": "8e99fe45-f35d-4e68-8003-e780638161e2",
                      "parentUUID": "2b641c8d-5f55-48d2-aa8b-270dcbc17264",
                      "isHook": false,
                      "skipped": false
                    }
                  ],
                  "suites": [],
                  "passes": [
                    "8bbf2956-24d7-4580-8ed1-cf2aa908ed32",
                    "8e99fe45-f35d-4e68-8003-e780638161e2"
                  ],
                  "failures": [],
                  "pending": [],
                  "skipped": [],
                  "duration": 974,
                  "root": false,
                  "rootEmpty": false,
                  "_timeout": 100000000
                },
                {
                  "uuid": "8ddc475e-a186-42a1-916b-1648a2c6feb3",
                  "title": "Alert",
                  "fullFile": "/home/runner/work/CkbGuardian/CkbGuardian/ckb/test/ckb.spec.test.ts",
                  "file": "/test/ckb.spec.test.ts",
                  "beforeHooks": [],
                  "afterHooks": [],
                  "tests": [
                    {
                      "title": "send_alert,should failed",
                      "fullTitle": "Ckb Node Rpc check Tests public-MIRANA(0.121.0-rc1 (cf55a97 2025-01-08)) Alert send_alert,should failed",
                      "timedOut": false,
                      "duration": 526,
                      "state": "passed",
                      "speed": "slow",
                      "pass": true,
                      "fail": false,
                      "pending": false,
                      "context": null,
                      "code": "return __awaiter(_this, void 0, void 0, function () {\n                    return __generator(this, function (_a) {\n                        switch (_a.label) {\n                            case 0: return [4 /*yield*/, ckbRequestTest(this.ctx, request(1, config.rpc, \"send_alert\", [\n                                    {\n                                        \"id\": \"0x1\",\n                                        \"cancel\": \"0x0\",\n                                        \"priority\": \"0x1\",\n                                        \"message\": \"An example alert message!\",\n                                        \"notice_until\": \"0x24bcca57c00\",\n                                        \"signatures\": [\n                                            \"0xbd07059aa9a3d057da294c2c4d96fa1e67eeb089837c87b523f124239e18e9fc7d11bb95b720478f7f937d073517d0e4eb9a91d12da5c88a05f750362f4c214dd0\",\n                                            \"0x0242ef40bb64fe3189284de91f981b17f4d740c5e24a3fc9b70059db6aa1d198a2e76da4f84ab37549880d116860976e0cf81cd039563c452412076ebffa2e4453\"\n                                        ]\n                                    }\n                                ]), config)];\n                            case 1:\n                                _a.sent();\n                                return [2 /*return*/];\n                        }\n                    });\n                });",
                      "err": {},
                      "uuid": "efb3b1fe-e903-4f9c-8ef8-a67522c9a6c5",
                      "parentUUID": "8ddc475e-a186-42a1-916b-1648a2c6feb3",
                      "isHook": false,
                      "skipped": false
                    }
                  ],
                  "suites": [],
                  "passes": [
                    "efb3b1fe-e903-4f9c-8ef8-a67522c9a6c5"
                  ],
                  "failures": [],
                  "pending": [],
                  "skipped": [],
                  "duration": 526,
                  "root": false,
                  "rootEmpty": false,
                  "_timeout": 100000000
                },
                {
                  "uuid": "6c3458bc-fb72-46a6-96e5-4e96181bdaa9",
                  "title": "Indexer",
                  "fullFile": "/home/runner/work/CkbGuardian/CkbGuardian/ckb/test/ckb.spec.test.ts",
                  "file": "/test/ckb.spec.test.ts",
                  "beforeHooks": [],
                  "afterHooks": [],
                  "tests": [
                    {
                      "title": "get_indexer_tip",
                      "fullTitle": "Ckb Node Rpc check Tests public-MIRANA(0.121.0-rc1 (cf55a97 2025-01-08)) Indexer get_indexer_tip",
                      "timedOut": false,
                      "duration": 1212,
                      "state": "passed",
                      "speed": "slow",
                      "pass": true,
                      "fail": false,
                      "pending": false,
                      "context": null,
                      "code": "return __awaiter(_this, void 0, void 0, function () {\n                    return __generator(this, function (_a) {\n                        switch (_a.label) {\n                            case 0: \n                            // await request(1,)\n                            return [4 /*yield*/, ckbRequestTest(this.ctx, TestCkBkbClient.getIndexerTip(), config)];\n                            case 1:\n                                // await request(1,)\n                                _a.sent();\n                                return [2 /*return*/];\n                        }\n                    });\n                });",
                      "err": {},
                      "uuid": "55301897-eb23-4e22-8d68-beb3fbddd12e",
                      "parentUUID": "6c3458bc-fb72-46a6-96e5-4e96181bdaa9",
                      "isHook": false,
                      "skipped": false
                    },
                    {
                      "title": "get_cells",
                      "fullTitle": "Ckb Node Rpc check Tests public-MIRANA(0.121.0-rc1 (cf55a97 2025-01-08)) Indexer get_cells",
                      "timedOut": false,
                      "duration": 504,
                      "state": "passed",
                      "speed": "slow",
                      "pass": true,
                      "fail": false,
                      "pending": false,
                      "context": null,
                      "code": "return __awaiter(_this, void 0, void 0, function () {\n                    return __generator(this, function (_a) {\n                        switch (_a.label) {\n                            case 0: return [4 /*yield*/, ckbRequestTest(this.ctx, TestCkBkbClient.getCells({\n                                    \"script\": {\n                                        \"codeHash\": \"0x9bd7e06f3ecf4be0f2fcd2188b23f1b9fcc88e5d4b65a8637b17723bbda3cce8\",\n                                        \"hashType\": \"type\",\n                                        \"args\": \"0x5989ae415bb667931a99896e5fbbfad9ba53a223\"\n                                    },\n                                    \"scriptType\": \"lock\"\n                                }, \"asc\", \"0x64\"), config)];\n                            case 1:\n                                _a.sent();\n                                return [2 /*return*/];\n                        }\n                    });\n                });",
                      "err": {},
                      "uuid": "af40913b-d2ca-4778-b22e-4561d456e8ee",
                      "parentUUID": "6c3458bc-fb72-46a6-96e5-4e96181bdaa9",
                      "isHook": false,
                      "skipped": false
                    },
                    {
                      "title": "get_transactions",
                      "fullTitle": "Ckb Node Rpc check Tests public-MIRANA(0.121.0-rc1 (cf55a97 2025-01-08)) Indexer get_transactions",
                      "timedOut": false,
                      "duration": 511,
                      "state": "passed",
                      "speed": "slow",
                      "pass": true,
                      "fail": false,
                      "pending": false,
                      "context": null,
                      "code": "return __awaiter(_this, void 0, void 0, function () {\n                    return __generator(this, function (_a) {\n                        switch (_a.label) {\n                            case 0: return [4 /*yield*/, ckbRequestTest(this.ctx, TestCkBkbClient.getTransactions({\n                                    \"script\": {\n                                        \"codeHash\": \"0x9bd7e06f3ecf4be0f2fcd2188b23f1b9fcc88e5d4b65a8637b17723bbda3cce8\",\n                                        \"hashType\": \"type\",\n                                        \"args\": \"0x5989ae415bb667931a99896e5fbbfad9ba53a223\"\n                                    },\n                                    \"scriptType\": \"lock\"\n                                }, \"asc\", \"0x64\"), config)];\n                            case 1:\n                                _a.sent();\n                                return [2 /*return*/];\n                        }\n                    });\n                });",
                      "err": {},
                      "uuid": "4971ec0b-b9f8-43d4-adae-1bb358e20641",
                      "parentUUID": "6c3458bc-fb72-46a6-96e5-4e96181bdaa9",
                      "isHook": false,
                      "skipped": false
                    },
                    {
                      "title": "get_cells_capacity",
                      "fullTitle": "Ckb Node Rpc check Tests public-MIRANA(0.121.0-rc1 (cf55a97 2025-01-08)) Indexer get_cells_capacity",
                      "timedOut": false,
                      "duration": 504,
                      "state": "passed",
                      "speed": "slow",
                      "pass": true,
                      "fail": false,
                      "pending": false,
                      "context": null,
                      "code": "return __awaiter(_this, void 0, void 0, function () {\n                    return __generator(this, function (_a) {\n                        switch (_a.label) {\n                            case 0: return [4 /*yield*/, ckbRequestTest(this.ctx, TestCkBkbClient.getCellsCapacity({\n                                    \"script\": {\n                                        \"codeHash\": \"0x9bd7e06f3ecf4be0f2fcd2188b23f1b9fcc88e5d4b65a8637b17723bbda3cce8\",\n                                        \"hashType\": \"type\",\n                                        \"args\": \"0x5989ae415bb667931a99896e5fbbfad9ba53a223\"\n                                    },\n                                    \"scriptType\": \"lock\"\n                                }), config)];\n                            case 1:\n                                _a.sent();\n                                return [2 /*return*/];\n                        }\n                    });\n                });",
                      "err": {},
                      "uuid": "d59b710c-38ac-44c3-9903-b34ed8ccea81",
                      "parentUUID": "6c3458bc-fb72-46a6-96e5-4e96181bdaa9",
                      "isHook": false,
                      "skipped": false
                    }
                  ],
                  "suites": [],
                  "passes": [
                    "55301897-eb23-4e22-8d68-beb3fbddd12e",
                    "af40913b-d2ca-4778-b22e-4561d456e8ee",
                    "4971ec0b-b9f8-43d4-adae-1bb358e20641",
                    "d59b710c-38ac-44c3-9903-b34ed8ccea81"
                  ],
                  "failures": [],
                  "pending": [],
                  "skipped": [],
                  "duration": 2731,
                  "root": false,
                  "rootEmpty": false,
                  "_timeout": 100000000
                },
                {
                  "uuid": "748ede6d-6c54-46b0-ae35-557712a8d268",
                  "title": "IntegrationTest",
                  "fullFile": "/home/runner/work/CkbGuardian/CkbGuardian/ckb/test/ckb.spec.test.ts",
                  "file": "/test/ckb.spec.test.ts",
                  "beforeHooks": [],
                  "afterHooks": [],
                  "tests": [
                    {
                      "title": "process_block_without_verify",
                      "fullTitle": "Ckb Node Rpc check Tests public-MIRANA(0.121.0-rc1 (cf55a97 2025-01-08)) IntegrationTest process_block_without_verify",
                      "timedOut": false,
                      "duration": 0,
                      "state": "pending",
                      "speed": null,
                      "pass": false,
                      "fail": false,
                      "pending": true,
                      "context": null,
                      "code": "",
                      "err": {},
                      "uuid": "bfc36035-c0e1-4451-91f2-205888378324",
                      "parentUUID": "748ede6d-6c54-46b0-ae35-557712a8d268",
                      "isHook": false,
                      "skipped": false
                    },
                    {
                      "title": "truncate",
                      "fullTitle": "Ckb Node Rpc check Tests public-MIRANA(0.121.0-rc1 (cf55a97 2025-01-08)) IntegrationTest truncate",
                      "timedOut": false,
                      "duration": 0,
                      "state": "pending",
                      "speed": null,
                      "pass": false,
                      "fail": false,
                      "pending": true,
                      "context": null,
                      "code": "",
                      "err": {},
                      "uuid": "45d14948-cf1d-4c93-ad2f-4885551cff06",
                      "parentUUID": "748ede6d-6c54-46b0-ae35-557712a8d268",
                      "isHook": false,
                      "skipped": false
                    },
                    {
                      "title": "notify_transaction",
                      "fullTitle": "Ckb Node Rpc check Tests public-MIRANA(0.121.0-rc1 (cf55a97 2025-01-08)) IntegrationTest notify_transaction",
                      "timedOut": false,
                      "duration": 0,
                      "state": "pending",
                      "speed": null,
                      "pass": false,
                      "fail": false,
                      "pending": true,
                      "context": null,
                      "code": "",
                      "err": {},
                      "uuid": "bc5c2d26-4e10-47f7-935d-f5dd8d2887b2",
                      "parentUUID": "748ede6d-6c54-46b0-ae35-557712a8d268",
                      "isHook": false,
                      "skipped": false
                    }
                  ],
                  "suites": [],
                  "passes": [],
                  "failures": [],
                  "pending": [
                    "bfc36035-c0e1-4451-91f2-205888378324",
                    "45d14948-cf1d-4c93-ad2f-4885551cff06",
                    "bc5c2d26-4e10-47f7-935d-f5dd8d2887b2"
                  ],
                  "skipped": [],
                  "duration": 0,
                  "root": false,
                  "rootEmpty": false,
                  "_timeout": 100000000
                },
                {
                  "uuid": "3236e920-e2e5-4936-8dad-d9b4db8c4ed0",
                  "title": "Net",
                  "fullFile": "/home/runner/work/CkbGuardian/CkbGuardian/ckb/test/ckb.spec.test.ts",
                  "file": "/test/ckb.spec.test.ts",
                  "beforeHooks": [],
                  "afterHooks": [],
                  "tests": [
                    {
                      "title": "local_node_info",
                      "fullTitle": "Ckb Node Rpc check Tests public-MIRANA(0.121.0-rc1 (cf55a97 2025-01-08)) Net local_node_info",
                      "timedOut": false,
                      "duration": 486,
                      "state": "passed",
                      "speed": "slow",
                      "pass": true,
                      "fail": false,
                      "pending": false,
                      "context": null,
                      "code": "return __awaiter(_this, void 0, void 0, function () {\n                    return __generator(this, function (_a) {\n                        switch (_a.label) {\n                            case 0: return [4 /*yield*/, ckbRequestTest(this.ctx, TestCkBkbClient.localNodeInfo(), config)];\n                            case 1:\n                                _a.sent();\n                                return [2 /*return*/];\n                        }\n                    });\n                });",
                      "err": {},
                      "uuid": "c9356403-4bd4-434d-a894-ca8da6ffcb24",
                      "parentUUID": "3236e920-e2e5-4936-8dad-d9b4db8c4ed0",
                      "isHook": false,
                      "skipped": false
                    },
                    {
                      "title": "get_peers",
                      "fullTitle": "Ckb Node Rpc check Tests public-MIRANA(0.121.0-rc1 (cf55a97 2025-01-08)) Net get_peers",
                      "timedOut": false,
                      "duration": 501,
                      "state": "passed",
                      "speed": "slow",
                      "pass": true,
                      "fail": false,
                      "pending": false,
                      "context": null,
                      "code": "return __awaiter(_this, void 0, void 0, function () {\n                    return __generator(this, function (_a) {\n                        switch (_a.label) {\n                            case 0: return [4 /*yield*/, ckbRequestTest(this.ctx, TestCkBkbClient.getPeers(), config)];\n                            case 1:\n                                _a.sent();\n                                return [2 /*return*/];\n                        }\n                    });\n                });",
                      "err": {},
                      "uuid": "83417e09-9d15-4be5-8e31-54b688caa7be",
                      "parentUUID": "3236e920-e2e5-4936-8dad-d9b4db8c4ed0",
                      "isHook": false,
                      "skipped": false
                    },
                    {
                      "title": "get_banned_addresses",
                      "fullTitle": "Ckb Node Rpc check Tests public-MIRANA(0.121.0-rc1 (cf55a97 2025-01-08)) Net get_banned_addresses",
                      "timedOut": false,
                      "duration": 508,
                      "state": "passed",
                      "speed": "slow",
                      "pass": true,
                      "fail": false,
                      "pending": false,
                      "context": null,
                      "code": "return __awaiter(_this, void 0, void 0, function () {\n                    return __generator(this, function (_a) {\n                        switch (_a.label) {\n                            case 0: return [4 /*yield*/, ckbRequestTest(this.ctx, TestCkBkbClient.getBannedAddresses(), config)];\n                            case 1:\n                                _a.sent();\n                                return [2 /*return*/];\n                        }\n                    });\n                });",
                      "err": {},
                      "uuid": "1c0864ec-f395-479d-aefb-5a05b81c0a97",
                      "parentUUID": "3236e920-e2e5-4936-8dad-d9b4db8c4ed0",
                      "isHook": false,
                      "skipped": false
                    },
                    {
                      "title": "clear_banned_addresses,should failed",
                      "fullTitle": "Ckb Node Rpc check Tests public-MIRANA(0.121.0-rc1 (cf55a97 2025-01-08)) Net clear_banned_addresses,should failed",
                      "timedOut": false,
                      "duration": 501,
                      "state": "passed",
                      "speed": "slow",
                      "pass": true,
                      "fail": false,
                      "pending": false,
                      "context": null,
                      "code": "return __awaiter(_this, void 0, void 0, function () {\n                    return __generator(this, function (_a) {\n                        switch (_a.label) {\n                            case 0: return [4 /*yield*/, ckbRequestTest(this.ctx, TestCkBkbClient.clearBannedAddresses(), config)];\n                            case 1:\n                                _a.sent();\n                                return [2 /*return*/];\n                        }\n                    });\n                });",
                      "err": {},
                      "uuid": "5846892a-e47c-441b-aef8-70807af09e98",
                      "parentUUID": "3236e920-e2e5-4936-8dad-d9b4db8c4ed0",
                      "isHook": false,
                      "skipped": false
                    },
                    {
                      "title": "set_ban,should failed",
                      "fullTitle": "Ckb Node Rpc check Tests public-MIRANA(0.121.0-rc1 (cf55a97 2025-01-08)) Net set_ban,should failed",
                      "timedOut": false,
                      "duration": 521,
                      "state": "passed",
                      "speed": "slow",
                      "pass": true,
                      "fail": false,
                      "pending": false,
                      "context": null,
                      "code": "return __awaiter(_this, void 0, void 0, function () {\n                    return __generator(this, function (_a) {\n                        switch (_a.label) {\n                            case 0: return [4 /*yield*/, ckbRequestTest(this.ctx, TestCkBkbClient.setBan(\"192.168.0.2\", \"delete\", \"0x1ac89236180\", true, \"set_ban example\"), config)];\n                            case 1:\n                                _a.sent();\n                                return [2 /*return*/];\n                        }\n                    });\n                });",
                      "err": {},
                      "uuid": "d9f5f890-2145-41a0-8ce2-e662ffe73000",
                      "parentUUID": "3236e920-e2e5-4936-8dad-d9b4db8c4ed0",
                      "isHook": false,
                      "skipped": false
                    },
                    {
                      "title": "sync_state",
                      "fullTitle": "Ckb Node Rpc check Tests public-MIRANA(0.121.0-rc1 (cf55a97 2025-01-08)) Net sync_state",
                      "timedOut": false,
                      "duration": 282,
                      "state": "passed",
                      "speed": "slow",
                      "pass": true,
                      "fail": false,
                      "pending": false,
                      "context": null,
                      "code": "return __awaiter(_this, void 0, void 0, function () {\n                    return __generator(this, function (_a) {\n                        switch (_a.label) {\n                            case 0: return [4 /*yield*/, ckbRequestTest(this.ctx, TestCkBkbClient.syncState(), config)];\n                            case 1:\n                                _a.sent();\n                                return [2 /*return*/];\n                        }\n                    });\n                });",
                      "err": {},
                      "uuid": "bf0fc98d-0aae-4e3a-bbe6-af2a56fe9d45",
                      "parentUUID": "3236e920-e2e5-4936-8dad-d9b4db8c4ed0",
                      "isHook": false,
                      "skipped": false
                    },
                    {
                      "title": "set_network_active,should failed",
                      "fullTitle": "Ckb Node Rpc check Tests public-MIRANA(0.121.0-rc1 (cf55a97 2025-01-08)) Net set_network_active,should failed",
                      "timedOut": false,
                      "duration": 524,
                      "state": "passed",
                      "speed": "slow",
                      "pass": true,
                      "fail": false,
                      "pending": false,
                      "context": null,
                      "code": "return __awaiter(_this, void 0, void 0, function () {\n                    return __generator(this, function (_a) {\n                        switch (_a.label) {\n                            case 0: return [4 /*yield*/, ckbRequestTest(this.ctx, TestCkBkbClient.setNetworkActive(true), config)];\n                            case 1:\n                                _a.sent();\n                                return [2 /*return*/];\n                        }\n                    });\n                });",
                      "err": {},
                      "uuid": "76eeea25-da7b-4d5a-9a40-3ba6f4f9e204",
                      "parentUUID": "3236e920-e2e5-4936-8dad-d9b4db8c4ed0",
                      "isHook": false,
                      "skipped": false
                    },
                    {
                      "title": "add_node,should failed",
                      "fullTitle": "Ckb Node Rpc check Tests public-MIRANA(0.121.0-rc1 (cf55a97 2025-01-08)) Net add_node,should failed",
                      "timedOut": false,
                      "duration": 495,
                      "state": "passed",
                      "speed": "slow",
                      "pass": true,
                      "fail": false,
                      "pending": false,
                      "context": null,
                      "code": "return __awaiter(_this, void 0, void 0, function () {\n                    return __generator(this, function (_a) {\n                        switch (_a.label) {\n                            case 0: return [4 /*yield*/, ckbRequestTest(this.ctx, TestCkBkbClient.addNode(\"id1\", \"/ip4/192.168.2.100/tcp/8114/QmUsZHPbjjzU627UZFt4k8j6ycEcNvXRnVGxCPKqwbAfQS\"), config)];\n                            case 1:\n                                _a.sent();\n                                return [2 /*return*/];\n                        }\n                    });\n                });",
                      "err": {},
                      "uuid": "723c5054-23d0-4df7-b954-df02b6411cd5",
                      "parentUUID": "3236e920-e2e5-4936-8dad-d9b4db8c4ed0",
                      "isHook": false,
                      "skipped": false
                    },
                    {
                      "title": "remove_node,should failed",
                      "fullTitle": "Ckb Node Rpc check Tests public-MIRANA(0.121.0-rc1 (cf55a97 2025-01-08)) Net remove_node,should failed",
                      "timedOut": false,
                      "duration": 519,
                      "state": "passed",
                      "speed": "slow",
                      "pass": true,
                      "fail": false,
                      "pending": false,
                      "context": null,
                      "code": "return __awaiter(_this, void 0, void 0, function () {\n                    return __generator(this, function (_a) {\n                        switch (_a.label) {\n                            case 0: return [4 /*yield*/, ckbRequestTest(this.ctx, TestCkBkbClient.removeNode(\"1234\"), config)];\n                            case 1:\n                                _a.sent();\n                                return [2 /*return*/];\n                        }\n                    });\n                });",
                      "err": {},
                      "uuid": "e97b8952-83b7-4c7e-aff2-e705536b7f80",
                      "parentUUID": "3236e920-e2e5-4936-8dad-d9b4db8c4ed0",
                      "isHook": false,
                      "skipped": false
                    },
                    {
                      "title": "ping_peers",
                      "fullTitle": "Ckb Node Rpc check Tests public-MIRANA(0.121.0-rc1 (cf55a97 2025-01-08)) Net ping_peers",
                      "timedOut": false,
                      "duration": 1193,
                      "state": "passed",
                      "speed": "slow",
                      "pass": true,
                      "fail": false,
                      "pending": false,
                      "context": null,
                      "code": "return __awaiter(_this, void 0, void 0, function () {\n                    return __generator(this, function (_a) {\n                        switch (_a.label) {\n                            case 0: return [4 /*yield*/, ckbRequestTest(this.ctx, TestCkBkbClient.pingPeers(), config)];\n                            case 1:\n                                _a.sent();\n                                return [2 /*return*/];\n                        }\n                    });\n                });",
                      "err": {},
                      "uuid": "3acace20-fd48-4a42-98a8-e5b1c436e89c",
                      "parentUUID": "3236e920-e2e5-4936-8dad-d9b4db8c4ed0",
                      "isHook": false,
                      "skipped": false
                    }
                  ],
                  "suites": [],
                  "passes": [
                    "c9356403-4bd4-434d-a894-ca8da6ffcb24",
                    "83417e09-9d15-4be5-8e31-54b688caa7be",
                    "1c0864ec-f395-479d-aefb-5a05b81c0a97",
                    "5846892a-e47c-441b-aef8-70807af09e98",
                    "d9f5f890-2145-41a0-8ce2-e662ffe73000",
                    "bf0fc98d-0aae-4e3a-bbe6-af2a56fe9d45",
                    "76eeea25-da7b-4d5a-9a40-3ba6f4f9e204",
                    "723c5054-23d0-4df7-b954-df02b6411cd5",
                    "e97b8952-83b7-4c7e-aff2-e705536b7f80",
                    "3acace20-fd48-4a42-98a8-e5b1c436e89c"
                  ],
                  "failures": [],
                  "pending": [],
                  "skipped": [],
                  "duration": 5530,
                  "root": false,
                  "rootEmpty": false,
                  "_timeout": 100000000
                },
                {
                  "uuid": "d588a42a-b0e3-4205-99ea-976b2b133ddc",
                  "title": "Pool",
                  "fullFile": "/home/runner/work/CkbGuardian/CkbGuardian/ckb/test/ckb.spec.test.ts",
                  "file": "/test/ckb.spec.test.ts",
                  "beforeHooks": [],
                  "afterHooks": [],
                  "tests": [
                    {
                      "title": "send_transaction",
                      "fullTitle": "Ckb Node Rpc check Tests public-MIRANA(0.121.0-rc1 (cf55a97 2025-01-08)) Pool send_transaction",
                      "timedOut": false,
                      "duration": 0,
                      "state": "passed",
                      "speed": "fast",
                      "pass": true,
                      "fail": false,
                      "pending": false,
                      "context": null,
[...]
                      "state": "passed",
                      "speed": "medium",
                      "pass": true,
                      "fail": false,
                      "pending": false,
                      "context": null,
                      "code": "return __awaiter(_this, void 0, void 0, function () {\n                    return __generator(this, function (_a) {\n                        switch (_a.label) {\n                            case 0: return [4 /*yield*/, ckbRequestTest(this.ctx, TestCkBkbClient.removeNode(\"1234\"), config)];\n                            case 1:\n                                _a.sent();\n                                return [2 /*return*/];\n                        }\n                    });\n                });",
                      "err": {},
                      "uuid": "dde373b7-a3c4-49b0-b780-1a45ee473b03",
                      "parentUUID": "63dc6000-2f12-4e7c-ad0d-631633c0ef17",
                      "isHook": false,
                      "skipped": false
                    },
                    {
                      "title": "ping_peers",
                      "fullTitle": "Ckb Node Rpc check Tests ankr-MIRANA(0.121.0 (45e4c67 2025-01-22)) Net ping_peers",
                      "timedOut": false,
                      "duration": 116,
                      "state": "passed",
                      "speed": "slow",
                      "pass": true,
                      "fail": false,
                      "pending": false,
                      "context": null,
                      "code": "return __awaiter(_this, void 0, void 0, function () {\n                    return __generator(this, function (_a) {\n                        switch (_a.label) {\n                            case 0: return [4 /*yield*/, ckbRequestTest(this.ctx, TestCkBkbClient.pingPeers(), config)];\n                            case 1:\n                                _a.sent();\n                                return [2 /*return*/];\n                        }\n                    });\n                });",
                      "err": {},
                      "uuid": "73478d18-3c4e-4ef4-b205-04b6f8efd726",
                      "parentUUID": "63dc6000-2f12-4e7c-ad0d-631633c0ef17",
                      "isHook": false,
                      "skipped": false
                    }
                  ],
                  "suites": [],
                  "passes": [
                    "ba49e0a5-5b88-427a-8dde-f9a812e84689",
                    "4137ce82-3250-44c0-8911-202cd6b1279b",
                    "2e239b86-f3f8-4515-84f6-e52a28a523fc",
                    "190b3e63-3ccc-4825-b660-68999eec5ef8",
                    "7445adb7-ef3b-40e4-953d-e15ac7139cfd",
                    "9bf463c1-0abc-467b-a255-71f702fbaa4f",
                    "6b083841-0dc5-49d4-939c-4789961b2dc4",
                    "14b43507-5df9-41de-8c42-eb1797260906",
                    "dde373b7-a3c4-49b0-b780-1a45ee473b03",
                    "73478d18-3c4e-4ef4-b205-04b6f8efd726"
                  ],
                  "failures": [],
                  "pending": [],
                  "skipped": [],
                  "duration": 1156,
                  "root": false,
                  "rootEmpty": false,
                  "_timeout": 100000000
                },
                {
                  "uuid": "36a8d518-9558-40a2-b54c-c2ca5407aab8",
                  "title": "Pool",
                  "fullFile": "/home/runner/work/CkbGuardian/CkbGuardian/ckb/test/ckb.spec.test.ts",
                  "file": "/test/ckb.spec.test.ts",
                  "beforeHooks": [],
                  "afterHooks": [],
                  "tests": [
                    {
                      "title": "send_transaction",
                      "fullTitle": "Ckb Node Rpc check Tests ankr-MIRANA(0.121.0 (45e4c67 2025-01-22)) Pool send_transaction",
                      "timedOut": false,
                      "duration": 0,
                      "state": "passed",
                      "speed": "fast",
                      "pass": true,
                      "fail": false,
                      "pending": false,
                      "context": null,
                      "code": "return __awaiter(_this, void 0, void 0, function () {\n                    return __generator(this, function (_a) {\n                        return [2 /*return*/];\n                    });\n                });",
                      "err": {},
                      "uuid": "84ecea0d-2acc-44b9-a292-6cce63a161db",
                      "parentUUID": "36a8d518-9558-40a2-b54c-c2ca5407aab8",
                      "isHook": false,
                      "skipped": false
                    },
                    {
                      "title": "remove_transaction,should failed",
                      "fullTitle": "Ckb Node Rpc check Tests ankr-MIRANA(0.121.0 (45e4c67 2025-01-22)) Pool remove_transaction,should failed",
                      "timedOut": false,
                      "duration": 37,
                      "state": "passed",
                      "speed": "fast",
                      "pass": true,
                      "fail": false,
                      "pending": false,
                      "context": null,
                      "code": "return __awaiter(_this, void 0, void 0, function () {\n                    return __generator(this, function (_a) {\n                        switch (_a.label) {\n                            case 0: return [4 /*yield*/, ckbRequestTest(this.ctx, request(1, config.rpc, \"remove_transaction\", [\"0xa0ef4eb5f4ceeb08a4c8524d84c5da95dce2f608e0ca2ec8091191b0f330c6e3\"]), config)];\n                            case 1:\n                                _a.sent();\n                                return [2 /*return*/];\n                        }\n                    });\n                });",
                      "err": {},
                      "uuid": "3c355a19-3acc-4355-98da-cd9ecf0db7c6",
                      "parentUUID": "36a8d518-9558-40a2-b54c-c2ca5407aab8",
                      "isHook": false,
                      "skipped": false
                    },
                    {
                      "title": "tx_pool_info",
                      "fullTitle": "Ckb Node Rpc check Tests ankr-MIRANA(0.121.0 (45e4c67 2025-01-22)) Pool tx_pool_info",
                      "timedOut": false,
                      "duration": 130,
                      "state": "passed",
                      "speed": "slow",
                      "pass": true,
                      "fail": false,
                      "pending": false,
                      "context": null,
                      "code": "return __awaiter(_this, void 0, void 0, function () {\n                    return __generator(this, function (_a) {\n                        switch (_a.label) {\n                            case 0: return [4 /*yield*/, ckbRequestTest(this.ctx, TestCkBkbClient.txPoolInfo(), config)];\n                            case 1:\n                                _a.sent();\n                                return [2 /*return*/];\n                        }\n                    });\n                });",
                      "err": {},
                      "uuid": "49f81c6f-870e-492b-ba01-2c2510f1004f",
                      "parentUUID": "36a8d518-9558-40a2-b54c-c2ca5407aab8",
                      "isHook": false,
                      "skipped": false
                    },
                    {
                      "title": "clear_tx_pool,should failed",
                      "fullTitle": "Ckb Node Rpc check Tests ankr-MIRANA(0.121.0 (45e4c67 2025-01-22)) Pool clear_tx_pool,should failed",
                      "timedOut": false,
                      "duration": 42,
                      "state": "passed",
                      "speed": "medium",
                      "pass": true,
                      "fail": false,
                      "pending": false,
                      "context": null,
                      "code": "return __awaiter(_this, void 0, void 0, function () {\n                    return __generator(this, function (_a) {\n                        switch (_a.label) {\n                            case 0: return [4 /*yield*/, ckbRequestTest(this.ctx, TestCkBkbClient.clearTxPool(), config)];\n                            case 1:\n                                _a.sent();\n                                return [2 /*return*/];\n                        }\n                    });\n                });",
                      "err": {},
                      "uuid": "ca3afc69-04f6-4b79-af79-f8a4ee539d7d",
                      "parentUUID": "36a8d518-9558-40a2-b54c-c2ca5407aab8",
                      "isHook": false,
                      "skipped": false
                    },
                    {
                      "title": "get_raw_tx_pool",
                      "fullTitle": "Ckb Node Rpc check Tests ankr-MIRANA(0.121.0 (45e4c67 2025-01-22)) Pool get_raw_tx_pool",
                      "timedOut": false,
                      "duration": 44,
                      "state": "passed",
                      "speed": "medium",
                      "pass": true,
                      "fail": false,
                      "pending": false,
                      "context": null,
                      "code": "return __awaiter(_this, void 0, void 0, function () {\n                    return __generator(this, function (_a) {\n                        switch (_a.label) {\n                            case 0: return [4 /*yield*/, ckbRequestTest(this.ctx, TestCkBkbClient.getRawTxPool(), config)];\n                            case 1:\n                                _a.sent();\n                                return [2 /*return*/];\n                        }\n                    });\n                });",
                      "err": {},
                      "uuid": "08700dcd-4d75-4956-9a33-f82115547cce",
                      "parentUUID": "36a8d518-9558-40a2-b54c-c2ca5407aab8",
                      "isHook": false,
                      "skipped": false
                    },
                    {
                      "title": "tx_pool_ready",
                      "fullTitle": "Ckb Node Rpc check Tests ankr-MIRANA(0.121.0 (45e4c67 2025-01-22)) Pool tx_pool_ready",
                      "timedOut": false,
                      "duration": 81,
                      "state": "passed",
                      "speed": "slow",
                      "pass": true,
                      "fail": false,
                      "pending": false,
                      "context": null,
                      "code": "return __awaiter(_this, void 0, void 0, function () {\n                    return __generator(this, function (_a) {\n                        switch (_a.label) {\n                            case 0: return [4 /*yield*/, ckbRequestTest(this.ctx, request(1, config.rpc, \"tx_pool_ready\", []), config)];\n                            case 1:\n                                _a.sent();\n                                return [2 /*return*/];\n                        }\n                    });\n                });",
                      "err": {},
                      "uuid": "d70c6525-281e-4abb-91ff-fb7e14e4cc3f",
                      "parentUUID": "36a8d518-9558-40a2-b54c-c2ca5407aab8",
                      "isHook": false,
                      "skipped": false
                    }
                  ],
                  "suites": [],
                  "passes": [
                    "84ecea0d-2acc-44b9-a292-6cce63a161db",
                    "3c355a19-3acc-4355-98da-cd9ecf0db7c6",
                    "49f81c6f-870e-492b-ba01-2c2510f1004f",
                    "ca3afc69-04f6-4b79-af79-f8a4ee539d7d",
                    "08700dcd-4d75-4956-9a33-f82115547cce",
                    "d70c6525-281e-4abb-91ff-fb7e14e4cc3f"
                  ],
                  "failures": [],
                  "pending": [],
                  "skipped": [],
                  "duration": 334,
                  "root": false,
                  "rootEmpty": false,
                  "_timeout": 100000000
                },
                {
                  "uuid": "a5e9adff-f6a1-402b-a23e-9d37291015fb",
                  "title": "Stats",
                  "fullFile": "/home/runner/work/CkbGuardian/CkbGuardian/ckb/test/ckb.spec.test.ts",
                  "file": "/test/ckb.spec.test.ts",
                  "beforeHooks": [],
                  "afterHooks": [],
                  "tests": [
                    {
                      "title": "get_blockchain_info",
                      "fullTitle": "Ckb Node Rpc check Tests ankr-MIRANA(0.121.0 (45e4c67 2025-01-22)) Stats get_blockchain_info",
                      "timedOut": false,
                      "duration": 113,
                      "state": "passed",
                      "speed": "slow",
                      "pass": true,
                      "fail": false,
                      "pending": false,
                      "context": null,
                      "code": "return __awaiter(_this, void 0, void 0, function () {\n                    return __generator(this, function (_a) {\n                        switch (_a.label) {\n                            case 0: return [4 /*yield*/, ckbRequestTest(this.ctx, request(1, config.rpc, \"get_blockchain_info\", []), config)];\n                            case 1:\n                                _a.sent();\n                                return [2 /*return*/];\n                        }\n                    });\n                });",
                      "err": {},
                      "uuid": "c088bd94-95ab-4d89-a4fa-d43ff8855d0e",
                      "parentUUID": "a5e9adff-f6a1-402b-a23e-9d37291015fb",
                      "isHook": false,
                      "skipped": false
                    },
                    {
                      "title": "get_deployments_info",
                      "fullTitle": "Ckb Node Rpc check Tests ankr-MIRANA(0.121.0 (45e4c67 2025-01-22)) Stats get_deployments_info",
                      "timedOut": false,
                      "duration": 113,
                      "state": "passed",
                      "speed": "slow",
                      "pass": true,
                      "fail": false,
                      "pending": false,
                      "context": null,
                      "code": "return __awaiter(_this, void 0, void 0, function () {\n                    return __generator(this, function (_a) {\n                        switch (_a.label) {\n                            case 0: return [4 /*yield*/, ckbRequestTest(this.ctx, request(1, config.rpc, \"get_deployments_info\", []), config)];\n                            case 1:\n                                _a.sent();\n                                return [2 /*return*/];\n                        }\n                    });\n                });",
                      "err": {},
                      "uuid": "a2750d6f-ca66-4ddf-998c-ff3b8ade2281",
                      "parentUUID": "a5e9adff-f6a1-402b-a23e-9d37291015fb",
                      "isHook": false,
                      "skipped": false
                    }
                  ],
                  "suites": [],
                  "passes": [
                    "c088bd94-95ab-4d89-a4fa-d43ff8855d0e",
                    "a2750d6f-ca66-4ddf-998c-ff3b8ade2281"
                  ],
                  "failures": [],
                  "pending": [],
                  "skipped": [],
                  "duration": 226,
                  "root": false,
                  "rootEmpty": false,
                  "_timeout": 100000000
                },
                {
                  "uuid": "8c49b71e-acea-4865-818f-f1cbb92c4d34",
                  "title": "Subscription",
                  "fullFile": "/home/runner/work/CkbGuardian/CkbGuardian/ckb/test/ckb.spec.test.ts",
                  "file": "/test/ckb.spec.test.ts",
                  "beforeHooks": [],
                  "afterHooks": [],
                  "tests": [
                    {
                      "title": "subscribe,should failed",
                      "fullTitle": "Ckb Node Rpc check Tests ankr-MIRANA(0.121.0 (45e4c67 2025-01-22)) Subscription subscribe,should failed",
                      "timedOut": false,
                      "duration": 145,
                      "state": "passed",
                      "speed": "slow",
                      "pass": true,
                      "fail": false,
                      "pending": false,
                      "context": null,
                      "code": "return __awaiter(_this, void 0, void 0, function () {\n                    return __generator(this, function (_a) {\n                        switch (_a.label) {\n                            case 0: return [4 /*yield*/, ckbRequestTest(this.ctx, request(1, config.rpc, \"subscribe\", [\"new_tip_header\"]), config)];\n                            case 1:\n                                _a.sent();\n                                return [2 /*return*/];\n                        }\n                    });\n                });",
                      "err": {},
                      "uuid": "e5170446-d227-4333-be90-c4b20e063856",
                      "parentUUID": "8c49b71e-acea-4865-818f-f1cbb92c4d34",
                      "isHook": false,
                      "skipped": false
                    },
                    {
                      "title": "unsubscribe",
                      "fullTitle": "Ckb Node Rpc check Tests ankr-MIRANA(0.121.0 (45e4c67 2025-01-22)) Subscription unsubscribe",
                      "timedOut": false,
                      "duration": 0,
                      "state": "pending",
                      "speed": null,
                      "pass": false,
                      "fail": false,
                      "pending": true,
                      "context": null,
                      "code": "",
                      "err": {},
                      "uuid": "ea96897c-70aa-4ee4-ac5e-565bb0a09759",
                      "parentUUID": "8c49b71e-acea-4865-818f-f1cbb92c4d34",
                      "isHook": false,
                      "skipped": false
                    }
                  ],
                  "suites": [],
                  "passes": [
                    "e5170446-d227-4333-be90-c4b20e063856"
                  ],
                  "failures": [],
                  "pending": [
                    "ea96897c-70aa-4ee4-ac5e-565bb0a09759"
                  ],
                  "skipped": [],
                  "duration": 145,
                  "root": false,
                  "rootEmpty": false,
                  "_timeout": 100000000
                }
              ],
              "passes": [],
              "failures": [],
              "pending": [],
              "skipped": [],
              "duration": 0,
              "root": false,
              "rootEmpty": false,
              "_timeout": 100000000
            }
          ],
          "passes": [],
          "failures": [],
          "pending": [],
          "skipped": [],
          "duration": 0,
          "root": false,
          "rootEmpty": false,
          "_timeout": 100000000
        }
      ],
      "passes": [],
      "failures": [],
      "pending": [],
      "skipped": [],
      "duration": 0,
      "root": true,
      "rootEmpty": true,
      "_timeout": 2000
    }
  ],
  "meta": {
    "mocha": {
      "version": "9.2.2"
    },
    "mochawesome": {
      "options": {
        "quiet": false,
        "reportFilename": "mochawesome",
        "saveHtml": true,
        "saveJson": true,
        "consoleReporter": "spec",
        "useInlineDiffs": false,
        "code": true
      },
      "version": "7.1.3"
    },
    "marge": {
      "options": null,
      "version": "6.2.0"
    }
  }
}