{
  "stats": {
    "suites": 41,
    "tests": 196,
    "passes": 180,
    "pending": 16,
    "failures": 0,
    "start": "2024-10-28T02:19:49.370Z",
    "end": "2024-10-28T02:21:39.765Z",
    "duration": 110395,
    "testsRegistered": 196,
    "passPercent": 100,
    "pendingPercent": 8.16326530612245,
    "other": 0,
    "hasOther": false,
    "skipped": 0,
    "hasSkipped": false
  },
  "results": [
    {
      "uuid": "13b5cf3b-cd3e-4727-8939-6453b20c4b2a",
      "title": "",
      "fullFile": "/home/runner/work/CkbGuardian/CkbGuardian/ckb/test/ckb.spec.test.ts",
      "file": "/test/ckb.spec.test.ts",
      "beforeHooks": [],
      "afterHooks": [],
      "tests": [],
      "suites": [
        {
          "uuid": "1dfe9f25-e41f-4d00-88ee-1fa8fafa7994",
          "title": "Ckb Node Rpc check Tests",
          "fullFile": "/home/runner/work/CkbGuardian/CkbGuardian/ckb/test/ckb.spec.test.ts",
          "file": "/test/ckb.spec.test.ts",
          "beforeHooks": [
            {
              "title": "\"before all\" hook in \"Ckb Node Rpc check Tests\"",
              "fullTitle": "Ckb Node Rpc check Tests \"before all\" hook in \"Ckb Node Rpc check Tests\"",
              "timedOut": false,
              "duration": 633,
              "state": null,
              "speed": null,
              "pass": false,
              "fail": false,
              "pending": false,
              "context": null,
              "code": "return __awaiter(_this, void 0, void 0, function () {\n            var version;\n            return __generator(this, function (_a) {\n                switch (_a.label) {\n                    case 0: return [4 /*yield*/, getCkbVersion(TestCkBkbClient)];\n                    case 1:\n                        version = _a.sent();\n                        this.suites[idx].title = this.suites[idx].title + \"(\" + version + \")\";\n                        idx++;\n                        return [2 /*return*/];\n                }\n            });\n        });",
              "err": {},
              "uuid": "089376a3-4d95-41b9-9cb6-b929c9fe160f",
              "parentUUID": "1dfe9f25-e41f-4d00-88ee-1fa8fafa7994",
              "isHook": true,
              "skipped": false
            },
            {
              "title": "\"before all\" hook in \"Ckb Node Rpc check Tests\"",
              "fullTitle": "Ckb Node Rpc check Tests \"before all\" hook in \"Ckb Node Rpc check Tests\"",
              "timedOut": false,
              "duration": 578,
              "state": null,
              "speed": null,
              "pass": false,
              "fail": false,
              "pending": false,
              "context": null,
              "code": "return __awaiter(_this, void 0, void 0, function () {\n            var version;\n            return __generator(this, function (_a) {\n                switch (_a.label) {\n                    case 0: return [4 /*yield*/, getCkbVersion(TestCkBkbClient)];\n                    case 1:\n                        version = _a.sent();\n                        this.suites[idx].title = this.suites[idx].title + \"(\" + version + \")\";\n                        idx++;\n                        return [2 /*return*/];\n                }\n            });\n        });",
              "err": {},
              "uuid": "239a0ce7-3bed-4c04-b245-7720e25cdf85",
              "parentUUID": "1dfe9f25-e41f-4d00-88ee-1fa8fafa7994",
              "isHook": true,
              "skipped": false
            },
            {
              "title": "\"before all\" hook in \"Ckb Node Rpc check Tests\"",
              "fullTitle": "Ckb Node Rpc check Tests \"before all\" hook in \"Ckb Node Rpc check Tests\"",
              "timedOut": false,
              "duration": 631,
              "state": null,
              "speed": null,
              "pass": false,
              "fail": false,
              "pending": false,
              "context": null,
              "code": "return __awaiter(_this, void 0, void 0, function () {\n            var version;\n            return __generator(this, function (_a) {\n                switch (_a.label) {\n                    case 0: return [4 /*yield*/, getCkbVersion(TestCkBkbClient)];\n                    case 1:\n                        version = _a.sent();\n                        this.suites[idx].title = this.suites[idx].title + \"(\" + version + \")\";\n                        idx++;\n                        return [2 /*return*/];\n                }\n            });\n        });",
              "err": {},
              "uuid": "80fbfce2-911f-49f8-98a9-3c69944f082f",
              "parentUUID": "1dfe9f25-e41f-4d00-88ee-1fa8fafa7994",
              "isHook": true,
              "skipped": false
            },
            {
              "title": "\"before all\" hook in \"Ckb Node Rpc check Tests\"",
              "fullTitle": "Ckb Node Rpc check Tests \"before all\" hook in \"Ckb Node Rpc check Tests\"",
              "timedOut": false,
              "duration": 441,
              "state": null,
              "speed": null,
              "pass": false,
              "fail": false,
              "pending": false,
              "context": null,
              "code": "return __awaiter(_this, void 0, void 0, function () {\n            var version;\n            return __generator(this, function (_a) {\n                switch (_a.label) {\n                    case 0: return [4 /*yield*/, getCkbVersion(TestCkBkbClient)];\n                    case 1:\n                        version = _a.sent();\n                        this.suites[idx].title = this.suites[idx].title + \"(\" + version + \")\";\n                        idx++;\n                        return [2 /*return*/];\n                }\n            });\n        });",
              "err": {},
              "uuid": "58a6f164-2265-4466-ae83-5d3e4639a389",
              "parentUUID": "1dfe9f25-e41f-4d00-88ee-1fa8fafa7994",
              "isHook": true,
              "skipped": false
            }
          ],
          "afterHooks": [],
          "tests": [],
          "suites": [
            {
              "uuid": "3ed33269-6c29-4921-895d-05e1da8ce190",
              "title": "public-MIRANA(0.118.0 (b0bde9f 2024-09-14))",
              "fullFile": "/home/runner/work/CkbGuardian/CkbGuardian/ckb/test/ckb.spec.test.ts",
              "file": "/test/ckb.spec.test.ts",
              "beforeHooks": [],
              "afterHooks": [],
              "tests": [],
              "suites": [
                {
                  "uuid": "daabdba7-d6a5-481c-8439-8ae3856d21ba",
                  "title": "Chain",
                  "fullFile": "/home/runner/work/CkbGuardian/CkbGuardian/ckb/test/ckb.spec.test.ts",
                  "file": "/test/ckb.spec.test.ts",
                  "beforeHooks": [],
                  "afterHooks": [],
                  "tests": [
                    {
                      "title": "get_block",
                      "fullTitle": "Ckb Node Rpc check Tests public-MIRANA(0.118.0 (b0bde9f 2024-09-14)) Chain get_block",
                      "timedOut": false,
                      "duration": 544,
                      "state": "passed",
                      "speed": "slow",
                      "pass": true,
                      "fail": false,
                      "pending": false,
                      "context": null,
                      "code": "return __awaiter(_this, void 0, void 0, function () {\n                    return __generator(this, function (_a) {\n                        switch (_a.label) {\n                            case 0: return [4 /*yield*/, ckbRequestTest(this.ctx, TestCkBkbClient.getBlock(\"0xb2671d3cc16b7738bbc8902ef11322bc2bfe7c54f5ce4a5cdfdf57b1a02fcb11\"), config)];\n                            case 1:\n                                _a.sent();\n                                return [2 /*return*/];\n                        }\n                    });\n                });",
                      "err": {},
                      "uuid": "96c0186d-4e11-4c3d-87f2-afc606d9eb85",
                      "parentUUID": "daabdba7-d6a5-481c-8439-8ae3856d21ba",
                      "isHook": false,
                      "skipped": false
                    },
                    {
                      "title": "get_block_by_number",
                      "fullTitle": "Ckb Node Rpc check Tests public-MIRANA(0.118.0 (b0bde9f 2024-09-14)) Chain get_block_by_number",
                      "timedOut": false,
                      "duration": 494,
                      "state": "passed",
                      "speed": "slow",
                      "pass": true,
                      "fail": false,
                      "pending": false,
                      "context": null,
                      "code": "return __awaiter(_this, void 0, void 0, function () {\n                    return __generator(this, function (_a) {\n                        switch (_a.label) {\n                            case 0: return [4 /*yield*/, ckbRequestTest(this.ctx, TestCkBkbClient.getBlockByNumber(\"0x400\"), config)];\n                            case 1:\n                                _a.sent();\n                                return [2 /*return*/];\n                        }\n                    });\n                });",
                      "err": {},
                      "uuid": "764f1840-0fc9-4dc2-853d-52fbf53912cb",
                      "parentUUID": "daabdba7-d6a5-481c-8439-8ae3856d21ba",
                      "isHook": false,
                      "skipped": false
                    },
                    {
                      "title": "get_header",
                      "fullTitle": "Ckb Node Rpc check Tests public-MIRANA(0.118.0 (b0bde9f 2024-09-14)) Chain get_header",
                      "timedOut": false,
                      "duration": 624,
                      "state": "passed",
                      "speed": "slow",
                      "pass": true,
                      "fail": false,
                      "pending": false,
                      "context": null,
                      "code": "return __awaiter(_this, void 0, void 0, function () {\n                    return __generator(this, function (_a) {\n                        switch (_a.label) {\n                            case 0: return [4 /*yield*/, ckbRequestTest(this.ctx, TestCkBkbClient.getHeader(\"0xb2671d3cc16b7738bbc8902ef11322bc2bfe7c54f5ce4a5cdfdf57b1a02fcb11\"), config)];\n                            case 1:\n                                _a.sent();\n                                return [2 /*return*/];\n                        }\n                    });\n                });",
                      "err": {},
                      "uuid": "a9081853-5e8d-482d-bf96-6c3ed7e0568a",
                      "parentUUID": "daabdba7-d6a5-481c-8439-8ae3856d21ba",
                      "isHook": false,
                      "skipped": false
                    },
                    {
                      "title": "get_header_by_number",
                      "fullTitle": "Ckb Node Rpc check Tests public-MIRANA(0.118.0 (b0bde9f 2024-09-14)) Chain get_header_by_number",
                      "timedOut": false,
                      "duration": 530,
                      "state": "passed",
                      "speed": "slow",
                      "pass": true,
                      "fail": false,
                      "pending": false,
                      "context": null,
                      "code": "return __awaiter(_this, void 0, void 0, function () {\n                    return __generator(this, function (_a) {\n                        switch (_a.label) {\n                            case 0: return [4 /*yield*/, ckbRequestTest(this.ctx, TestCkBkbClient.getHeaderByNumber(\"0x400\"), config)];\n                            case 1:\n                                _a.sent();\n                                return [2 /*return*/];\n                        }\n                    });\n                });",
                      "err": {},
                      "uuid": "af544086-be35-44f4-a3fb-c613bae6acdf",
                      "parentUUID": "daabdba7-d6a5-481c-8439-8ae3856d21ba",
                      "isHook": false,
                      "skipped": false
                    },
                    {
                      "title": "get_block_filter",
                      "fullTitle": "Ckb Node Rpc check Tests public-MIRANA(0.118.0 (b0bde9f 2024-09-14)) Chain get_block_filter",
                      "timedOut": false,
                      "duration": 527,
                      "state": "passed",
                      "speed": "slow",
                      "pass": true,
                      "fail": false,
                      "pending": false,
                      "context": null,
                      "code": "return __awaiter(_this, void 0, void 0, function () {\n                    return __generator(this, function (_a) {\n                        switch (_a.label) {\n                            case 0: return [4 /*yield*/, ckbRequestTest(this.ctx, request(1, config.rpc, \"get_block_filter\", [\"0xb2671d3cc16b7738bbc8902ef11322bc2bfe7c54f5ce4a5cdfdf57b1a02fcb11\"]), config)];\n                            case 1:\n                                _a.sent();\n                                return [2 /*return*/];\n                        }\n                    });\n                });",
                      "err": {},
                      "uuid": "7734d4e0-cc7f-4711-b488-6db74b10a831",
                      "parentUUID": "daabdba7-d6a5-481c-8439-8ae3856d21ba",
                      "isHook": false,
                      "skipped": false
                    },
                    {
                      "title": "get_transaction",
                      "fullTitle": "Ckb Node Rpc check Tests public-MIRANA(0.118.0 (b0bde9f 2024-09-14)) Chain get_transaction",
                      "timedOut": false,
                      "duration": 530,
                      "state": "passed",
                      "speed": "slow",
                      "pass": true,
                      "fail": false,
                      "pending": false,
                      "context": null,
                      "code": "return __awaiter(_this, void 0, void 0, function () {\n                    return __generator(this, function (_a) {\n                        switch (_a.label) {\n                            case 0: return [4 /*yield*/, ckbRequestTest(this.ctx, TestCkBkbClient.getTransaction(\"0x037dafd7f9c6f742e8c9f225191b441b0b5c4e8b3c1e87c29a2f2ec2fbbf6934\"), config)];\n                            case 1:\n                                _a.sent();\n                                return [2 /*return*/];\n                        }\n                    });\n                });",
                      "err": {},
                      "uuid": "544a0a83-455d-4fe3-883f-5a6dd02bc1db",
                      "parentUUID": "daabdba7-d6a5-481c-8439-8ae3856d21ba",
                      "isHook": false,
                      "skipped": false
                    },
                    {
                      "title": "get_block_hash",
                      "fullTitle": "Ckb Node Rpc check Tests public-MIRANA(0.118.0 (b0bde9f 2024-09-14)) Chain get_block_hash",
                      "timedOut": false,
                      "duration": 1610,
                      "state": "passed",
                      "speed": "slow",
                      "pass": true,
                      "fail": false,
                      "pending": false,
                      "context": null,
                      "code": "return __awaiter(_this, void 0, void 0, function () {\n                    return __generator(this, function (_a) {\n                        switch (_a.label) {\n                            case 0: return [4 /*yield*/, ckbRequestTest(this.ctx, TestCkBkbClient.getBlockHash(\"0x400\"), config)];\n                            case 1:\n                                _a.sent();\n                                return [2 /*return*/];\n                        }\n                    });\n                });",
                      "err": {},
                      "uuid": "238f9d34-17cf-4d1f-ab86-1d0a9a7d2329",
                      "parentUUID": "daabdba7-d6a5-481c-8439-8ae3856d21ba",
                      "isHook": false,
                      "skipped": false
                    },
                    {
                      "title": "get_tip_header",
                      "fullTitle": "Ckb Node Rpc check Tests public-MIRANA(0.118.0 (b0bde9f 2024-09-14)) Chain get_tip_header",
                      "timedOut": false,
                      "duration": 1127,
                      "state": "passed",
                      "speed": "slow",
                      "pass": true,
                      "fail": false,
                      "pending": false,
                      "context": null,
                      "code": "return __awaiter(_this, void 0, void 0, function () {\n                    return __generator(this, function (_a) {\n                        switch (_a.label) {\n                            case 0: return [4 /*yield*/, ckbRequestTest(this.ctx, TestCkBkbClient.getTipHeader(), config)];\n                            case 1:\n                                _a.sent();\n                                return [2 /*return*/];\n                        }\n                    });\n                });",
                      "err": {},
                      "uuid": "b45f5b6a-d1ac-4f8d-b1f0-cccfae47c630",
                      "parentUUID": "daabdba7-d6a5-481c-8439-8ae3856d21ba",
                      "isHook": false,
                      "skipped": false
                    },
                    {
                      "title": "get_live_cell",
                      "fullTitle": "Ckb Node Rpc check Tests public-MIRANA(0.118.0 (b0bde9f 2024-09-14)) Chain get_live_cell",
                      "timedOut": false,
                      "duration": 1136,
                      "state": "passed",
                      "speed": "slow",
                      "pass": true,
                      "fail": false,
                      "pending": false,
                      "context": null,
                      "code": "return __awaiter(_this, void 0, void 0, function () {\n                    return __generator(this, function (_a) {\n                        switch (_a.label) {\n                            case 0: return [4 /*yield*/, ckbRequestTest(this.ctx, TestCkBkbClient.getLiveCell({\n                                    \"index\": \"0x0\",\n                                    \"txHash\": \"0x037dafd7f9c6f742e8c9f225191b441b0b5c4e8b3c1e87c29a2f2ec2fbbf6934\"\n                                }, true), config)];\n                            case 1:\n                                _a.sent();\n                                return [2 /*return*/];\n                        }\n                    });\n                });",
                      "err": {},
                      "uuid": "b9c98ddb-e5c5-4104-955f-679db9592c42",
                      "parentUUID": "daabdba7-d6a5-481c-8439-8ae3856d21ba",
                      "isHook": false,
                      "skipped": false
                    },
                    {
                      "title": "get_tip_block_number",
                      "fullTitle": "Ckb Node Rpc check Tests public-MIRANA(0.118.0 (b0bde9f 2024-09-14)) Chain get_tip_block_number",
                      "timedOut": false,
                      "duration": 1477,
                      "state": "passed",
                      "speed": "slow",
                      "pass": true,
                      "fail": false,
                      "pending": false,
                      "context": null,
                      "code": "return __awaiter(_this, void 0, void 0, function () {\n                    return __generator(this, function (_a) {\n                        switch (_a.label) {\n                            case 0: return [4 /*yield*/, ckbRequestTest(this.ctx, TestCkBkbClient.getTipBlockNumber(), config)];\n                            case 1:\n                                _a.sent();\n                                return [2 /*return*/];\n                        }\n                    });\n                });",
                      "err": {},
                      "uuid": "8b8f7ab2-069b-4752-a616-5d8c5ebecf50",
                      "parentUUID": "daabdba7-d6a5-481c-8439-8ae3856d21ba",
                      "isHook": false,
                      "skipped": false
                    },
                    {
                      "title": "get_current_epoch",
                      "fullTitle": "Ckb Node Rpc check Tests public-MIRANA(0.118.0 (b0bde9f 2024-09-14)) Chain get_current_epoch",
                      "timedOut": false,
                      "duration": 1490,
                      "state": "passed",
                      "speed": "slow",
                      "pass": true,
                      "fail": false,
                      "pending": false,
                      "context": null,
                      "code": "return __awaiter(_this, void 0, void 0, function () {\n                    return __generator(this, function (_a) {\n                        switch (_a.label) {\n                            case 0: return [4 /*yield*/, ckbRequestTest(this.ctx, TestCkBkbClient.getCurrentEpoch(), config)];\n                            case 1:\n                                _a.sent();\n                                return [2 /*return*/];\n                        }\n                    });\n                });",
                      "err": {},
                      "uuid": "9a3b62ae-dff1-4e6d-bf58-3d0728624931",
                      "parentUUID": "daabdba7-d6a5-481c-8439-8ae3856d21ba",
                      "isHook": false,
                      "skipped": false
                    },
                    {
                      "title": "get_epoch_by_number",
                      "fullTitle": "Ckb Node Rpc check Tests public-MIRANA(0.118.0 (b0bde9f 2024-09-14)) Chain get_epoch_by_number",
                      "timedOut": false,
                      "duration": 495,
                      "state": "passed",
                      "speed": "slow",
                      "pass": true,
                      "fail": false,
                      "pending": false,
                      "context": null,
                      "code": "return __awaiter(_this, void 0, void 0, function () {\n                    return __generator(this, function (_a) {\n                        switch (_a.label) {\n                            case 0: return [4 /*yield*/, ckbRequestTest(this.ctx, TestCkBkbClient.getEpochByNumber(\"0x0\"), config)];\n                            case 1:\n                                _a.sent();\n                                return [2 /*return*/];\n                        }\n                    });\n                });",
                      "err": {},
                      "uuid": "3efa5baa-83ec-4a9e-b9bf-9c2f4cc06b72",
                      "parentUUID": "daabdba7-d6a5-481c-8439-8ae3856d21ba",
                      "isHook": false,
                      "skipped": false
                    },
                    {
                      "title": "get_block_economic_state",
                      "fullTitle": "Ckb Node Rpc check Tests public-MIRANA(0.118.0 (b0bde9f 2024-09-14)) Chain get_block_economic_state",
                      "timedOut": false,
                      "duration": 2428,
                      "state": "passed",
                      "speed": "slow",
                      "pass": true,
                      "fail": false,
                      "pending": false,
                      "context": null,
                      "code": "return __awaiter(_this, void 0, void 0, function () {\n                    return __generator(this, function (_a) {\n                        switch (_a.label) {\n                            case 0: return [4 /*yield*/, ckbRequestTest(this.ctx, TestCkBkbClient.getBlockEconomicState(\"0xb2671d3cc16b7738bbc8902ef11322bc2bfe7c54f5ce4a5cdfdf57b1a02fcb11\"), config)];\n                            case 1:\n                                _a.sent();\n                                return [2 /*return*/];\n                        }\n                    });\n                });",
                      "err": {},
                      "uuid": "b4a6960f-249d-44d6-be21-2882314b284f",
                      "parentUUID": "daabdba7-d6a5-481c-8439-8ae3856d21ba",
                      "isHook": false,
                      "skipped": false
                    },
                    {
                      "title": "get_transaction_proof",
                      "fullTitle": "Ckb Node Rpc check Tests public-MIRANA(0.118.0 (b0bde9f 2024-09-14)) Chain get_transaction_proof",
                      "timedOut": false,
                      "duration": 2695,
                      "state": "passed",
                      "speed": "slow",
                      "pass": true,
                      "fail": false,
                      "pending": false,
                      "context": null,
                      "code": "return __awaiter(_this, void 0, void 0, function () {\n                    var block;\n                    return __generator(this, function (_a) {\n                        switch (_a.label) {\n                            case 0: return [4 /*yield*/, TestCkBkbClient.getBlockByNumber(\"0x0\")];\n                            case 1:\n                                block = _a.sent();\n                                return [4 /*yield*/, ckbRequestTest(this.ctx, TestCkBkbClient.getTransactionProof(block.transactions.map(function (tx) { return tx.hash; })), config)];\n                            case 2:\n                                _a.sent();\n                                return [2 /*return*/];\n                        }\n                    });\n                });",
                      "err": {},
                      "uuid": "4e716851-9fde-4e0f-8e5e-bef6d96eb756",
                      "parentUUID": "daabdba7-d6a5-481c-8439-8ae3856d21ba",
                      "isHook": false,
                      "skipped": false
                    },
                    {
                      "title": "verify_transaction_proof",
                      "fullTitle": "Ckb Node Rpc check Tests public-MIRANA(0.118.0 (b0bde9f 2024-09-14)) Chain verify_transaction_proof",
                      "timedOut": false,
                      "duration": 4108,
                      "state": "passed",
                      "speed": "slow",
                      "pass": true,
                      "fail": false,
                      "pending": false,
                      "context": null,
                      "code": "return __awaiter(_this, void 0, void 0, function () {\n                    var block, proof;\n                    return __generator(this, function (_a) {\n                        switch (_a.label) {\n                            case 0: return [4 /*yield*/, TestCkBkbClient.getBlockByNumber(\"0x0\")];\n                            case 1:\n                                block = _a.sent();\n                                return [4 /*yield*/, TestCkBkbClient.getTransactionProof(block.transactions.map(function (tx) { return tx.hash; }))];\n                            case 2:\n                                proof = _a.sent();\n                                return [4 /*yield*/, ckbRequestTest(this.ctx, TestCkBkbClient.verifyTransactionProof(proof), config)];\n                            case 3:\n                                _a.sent();\n                                return [2 /*return*/];\n                        }\n                    });\n                });",
                      "err": {},
                      "uuid": "b013fbb5-2b10-42da-91e2-fb7ccb7d03ae",
                      "parentUUID": "daabdba7-d6a5-481c-8439-8ae3856d21ba",
                      "isHook": false,
                      "skipped": false
                    },
                    {
                      "title": "get_consensus",
                      "fullTitle": "Ckb Node Rpc check Tests public-MIRANA(0.118.0 (b0bde9f 2024-09-14)) Chain get_consensus",
                      "timedOut": false,
                      "duration": 504,
                      "state": "passed",
                      "speed": "slow",
                      "pass": true,
                      "fail": false,
                      "pending": false,
                      "context": null,
                      "code": "return __awaiter(_this, void 0, void 0, function () {\n                    return __generator(this, function (_a) {\n                        switch (_a.label) {\n                            case 0: return [4 /*yield*/, ckbRequestTest(this.ctx, request(1, config.rpc, \"get_consensus\", []), config)];\n                            case 1:\n                                _a.sent();\n                                return [2 /*return*/];\n                        }\n                    });\n                });",
                      "err": {},
                      "uuid": "3bf2e1fb-1137-4c19-9630-298fb490adf1",
                      "parentUUID": "daabdba7-d6a5-481c-8439-8ae3856d21ba",
                      "isHook": false,
                      "skipped": false
                    },
                    {
                      "title": "get_block_median_time",
                      "fullTitle": "Ckb Node Rpc check Tests public-MIRANA(0.118.0 (b0bde9f 2024-09-14)) Chain get_block_median_time",
                      "timedOut": false,
                      "duration": 829,
                      "state": "passed",
                      "speed": "slow",
                      "pass": true,
                      "fail": false,
                      "pending": false,
                      "context": null,
                      "code": "return __awaiter(_this, void 0, void 0, function () {\n                    return __generator(this, function (_a) {\n                        switch (_a.label) {\n                            case 0: return [4 /*yield*/, ckbRequestTest(this.ctx, request(1, config.rpc, \"get_block_median_time\", [\"0xb3c5b9789dff3821e298a62e6cc4060accb19ed2558f988a8826573252b9ae20\"]), config)];\n                            case 1:\n                                _a.sent();\n                                return [2 /*return*/];\n                        }\n                    });\n                });",
                      "err": {},
                      "uuid": "97f8dd85-33ef-498c-bca6-5c3803cc5e93",
                      "parentUUID": "daabdba7-d6a5-481c-8439-8ae3856d21ba",
                      "isHook": false,
                      "skipped": false
                    },
                    {
                      "title": "estimate_cycles",
                      "fullTitle": "Ckb Node Rpc check Tests public-MIRANA(0.118.0 (b0bde9f 2024-09-14)) Chain estimate_cycles",
                      "timedOut": false,
                      "duration": 282,
                      "state": "passed",
                      "speed": "slow",
                      "pass": true,
                      "fail": false,
                      "pending": false,
                      "context": null,
                      "code": "return __awaiter(_this, void 0, void 0, function () {\n                    function test() {\n                        return __awaiter(this, void 0, void 0, function () {\n                            var response, e_1;\n                            return __generator(this, function (_a) {\n                                switch (_a.label) {\n                                    case 0:\n                                        _a.trys.push([0, 2, , 3]);\n                                        return [4 /*yield*/, request(1, config.rpc, \"estimate_cycles\", [\n                                                {\n                                                    \"cell_deps\": [\n                                                        {\n                                                            \"dep_type\": \"code\",\n                                                            \"out_point\": {\n                                                                \"index\": \"0x0\",\n                                                                \"tx_hash\": \"0xa4037a893eb48e18ed4ef61034ce26eba9c585f15c9cee102ae58505565eccc3\"\n                                                            }\n                                                        }\n                                                    ],\n                                                    \"header_deps\": [\n                                                        \"0x7978ec7ce5b507cfb52e149e36b1a23f6062ed150503c85bbf825da3599095ed\"\n                                                    ],\n                                                    \"inputs\": [\n                                                        {\n                                                            \"previous_output\": {\n                                                                \"index\": \"0x0\",\n                                                                \"tx_hash\": \"0x365698b50ca0da75dca2c87f9e7b563811d3b5813736b8cc62cc3b106faceb17\"\n                                                            },\n                                                            \"since\": \"0x0\"\n                                                        }\n                                                    ],\n                                                    \"outputs\": [\n                                                        {\n                                                            \"capacity\": \"0x2540be400\",\n                                                            \"lock\": {\n                                                                \"code_hash\": \"0x28e83a1277d48add8e72fadaa9248559e1b632bab2bd60b27955ebc4c03800a5\",\n                                                                \"hash_type\": \"data\",\n                                                                \"args\": \"0x\"\n                                                            },\n                                                            \"type\": null\n                                                        }\n                                                    ],\n                                                    \"outputs_data\": [\n                                                        \"0x\"\n                                                    ],\n                                                    \"version\": \"0x0\",\n                                                    \"witnesses\": []\n                                                }\n                                            ])];\n                                    case 1:\n                                        response = _a.sent();\n                                        console.log(\"response1:\", response);\n                                        return [3 /*break*/, 3];\n                                    case 2:\n                                        e_1 = _a.sent();\n                                        chai_1.expect(e_1.toString()).to.be.include(\"TransactionFailedToResolve\");\n                                        return [2 /*return*/];\n                                    case 3:\n                                        chai_1.expect.fail(\"failed\");\n                                        return [2 /*return*/];\n                                }\n                            });\n                        });\n                    }\n                    return __generator(this, function (_a) {\n                        switch (_a.label) {\n                            case 0: return [4 /*yield*/, ckbRequestTest(this.ctx, test(), config)];\n                            case 1:\n                                _a.sent();\n                                return [2 /*return*/];\n                        }\n                    });\n                });",
                      "err": {},
                      "uuid": "93ff94fb-540a-420f-aea9-ebf7bb37bc64",
                      "parentUUID": "daabdba7-d6a5-481c-8439-8ae3856d21ba",
                      "isHook": false,
                      "skipped": false
                    },
                    {
                      "title": "get_fee_rate_statics",
                      "fullTitle": "Ckb Node Rpc check Tests public-MIRANA(0.118.0 (b0bde9f 2024-09-14)) Chain get_fee_rate_statics",
                      "timedOut": false,
                      "duration": 545,
                      "state": "passed",
                      "speed": "slow",
                      "pass": true,
                      "fail": false,
                      "pending": false,
                      "context": null,
                      "code": "return __awaiter(_this, void 0, void 0, function () {\n                    return __generator(this, function (_a) {\n                        switch (_a.label) {\n                            case 0: return [4 /*yield*/, ckbRequestTest(this.ctx, request(1, config.rpc, \"get_fee_rate_statics\", []), config)];\n                            case 1:\n                                _a.sent();\n                                return [2 /*return*/];\n                        }\n                    });\n                });",
                      "err": {},
                      "uuid": "50b34374-1247-4987-a1f2-9ba31180ef5a",
                      "parentUUID": "daabdba7-d6a5-481c-8439-8ae3856d21ba",
                      "isHook": false,
                      "skipped": false
                    }
                  ],
                  "suites": [],
                  "passes": [
                    "96c0186d-4e11-4c3d-87f2-afc606d9eb85",
                    "764f1840-0fc9-4dc2-853d-52fbf53912cb",
                    "a9081853-5e8d-482d-bf96-6c3ed7e0568a",
                    "af544086-be35-44f4-a3fb-c613bae6acdf",
                    "7734d4e0-cc7f-4711-b488-6db74b10a831",
                    "544a0a83-455d-4fe3-883f-5a6dd02bc1db",
                    "238f9d34-17cf-4d1f-ab86-1d0a9a7d2329",
                    "b45f5b6a-d1ac-4f8d-b1f0-cccfae47c630",
                    "b9c98ddb-e5c5-4104-955f-679db9592c42",
                    "8b8f7ab2-069b-4752-a616-5d8c5ebecf50",
                    "9a3b62ae-dff1-4e6d-bf58-3d0728624931",
                    "3efa5baa-83ec-4a9e-b9bf-9c2f4cc06b72",
                    "b4a6960f-249d-44d6-be21-2882314b284f",
                    "4e716851-9fde-4e0f-8e5e-bef6d96eb756",
                    "b013fbb5-2b10-42da-91e2-fb7ccb7d03ae",
                    "3bf2e1fb-1137-4c19-9630-298fb490adf1",
                    "97f8dd85-33ef-498c-bca6-5c3803cc5e93",
                    "93ff94fb-540a-420f-aea9-ebf7bb37bc64",
                    "50b34374-1247-4987-a1f2-9ba31180ef5a"
                  ],
                  "failures": [],
                  "pending": [],
                  "skipped": [],
                  "duration": 21975,
                  "root": false,
                  "rootEmpty": false,
                  "_timeout": 1000000
                },
                {
                  "uuid": "e586696d-8588-4925-a7f9-20b8d104f08a",
                  "title": "Experiment",
                  "fullFile": "/home/runner/work/CkbGuardian/CkbGuardian/ckb/test/ckb.spec.test.ts",
                  "file": "/test/ckb.spec.test.ts",
                  "beforeHooks": [],
                  "afterHooks": [],
                  "tests": [
                    {
                      "title": "calculate_dao_maximum_withdraw",
                      "fullTitle": "Ckb Node Rpc check Tests public-MIRANA(0.118.0 (b0bde9f 2024-09-14)) Experiment calculate_dao_maximum_withdraw",
                      "timedOut": false,
                      "duration": 540,
                      "state": "passed",
                      "speed": "slow",
                      "pass": true,
                      "fail": false,
                      "pending": false,
                      "context": null,
                      "code": "return __awaiter(_this, void 0, void 0, function () {\n                    function test() {\n                        return __awaiter(this, void 0, void 0, function () {\n                            var e_2;\n                            return __generator(this, function (_a) {\n                                switch (_a.label) {\n                                    case 0:\n                                        _a.trys.push([0, 2, , 3]);\n                                        return [4 /*yield*/, TestCkBkbClient.calculateDaoMaximumWithdraw({\n                                                index: \"0x1\",\n                                                txHash: \"0x12e82575740ec53e0b52ce8a36e212ad62beb58d1beac997996363e0bfe3d9e5\"\n                                            }, \"0xa5f5c85987a15de25661e5a214f2c1449cd803f071acc7999820f25246471f40\")];\n                                    case 1:\n                                        _a.sent();\n                                        return [3 /*break*/, 3];\n                                    case 2:\n                                        e_2 = _a.sent();\n                                        chai_1.expect(e_2.toString()).to.be.include(\"invalid out_point\");\n                                        return [2 /*return*/];\n                                    case 3:\n                                        chai_1.expect.fail(\"failed \");\n                                        return [2 /*return*/];\n                                }\n                            });\n                        });\n                    }\n                    return __generator(this, function (_a) {\n                        switch (_a.label) {\n                            case 0: return [4 /*yield*/, ckbRequestTest(this.ctx, test(), config)];\n                            case 1:\n                                _a.sent();\n                                return [2 /*return*/];\n                        }\n                    });\n                });",
                      "err": {},
                      "uuid": "615ef21a-9a92-4c1c-ade1-810ac9cdd0e9",
                      "parentUUID": "e586696d-8588-4925-a7f9-20b8d104f08a",
                      "isHook": false,
                      "skipped": false
                    },
                    {
                      "title": "dry_run_transaction",
                      "fullTitle": "Ckb Node Rpc check Tests public-MIRANA(0.118.0 (b0bde9f 2024-09-14)) Experiment dry_run_transaction",
                      "timedOut": false,
                      "duration": 573,
                      "state": "passed",
                      "speed": "slow",
                      "pass": true,
                      "fail": false,
                      "pending": false,
                      "context": null,
                      "code": "return __awaiter(_this, void 0, void 0, function () {\n                    function test() {\n                        return __awaiter(this, void 0, void 0, function () {\n                            var e_3;\n                            return __generator(this, function (_a) {\n                                switch (_a.label) {\n                                    case 0:\n                                        _a.trys.push([0, 2, , 3]);\n                                        return [4 /*yield*/, TestCkBkbClient.dryRunTransaction({\n                                                cellDeps: [\n                                                    {\n                                                        depType: \"code\",\n                                                        outPoint: {\n                                                            index: \"0x0\",\n                                                            txHash: \"0xa4037a893eb48e18ed4ef61034ce26eba9c585f15c9cee102ae58505565eccc3\"\n                                                        }\n                                                    }\n                                                ],\n                                                headerDeps: [\n                                                    \"0x7978ec7ce5b507cfb52e149e36b1a23f6062ed150503c85bbf825da3599095ed\"\n                                                ],\n                                                inputs: [\n                                                    {\n                                                        previousOutput: {\n                                                            index: \"0x0\",\n                                                            txHash: \"0x365698b50ca0da75dca2c87f9e7b563811d3b5813736b8cc62cc3b106faceb17\"\n                                                        },\n                                                        since: \"0x0\"\n                                                    }\n                                                ],\n                                                outputs: [\n                                                    {\n                                                        capacity: \"0x2540be400\",\n                                                        lock: {\n                                                            codeHash: \"0x28e83a1277d48add8e72fadaa9248559e1b632bab2bd60b27955ebc4c03800a5\",\n                                                            hashType: \"data\",\n                                                            args: \"0x\"\n                                                        },\n                                                        type: null\n                                                    }\n                                                ],\n                                                outputsData: [\n                                                    \"0x\"\n                                                ],\n                                                version: \"0x0\",\n                                                witnesses: []\n                                            })];\n                                    case 1:\n                                        _a.sent();\n                                        return [3 /*break*/, 3];\n                                    case 2:\n                                        e_3 = _a.sent();\n                                        chai_1.expect(e_3.toString()).to.be.include(\"TransactionFailedToResolve\");\n                                        return [2 /*return*/];\n                                    case 3:\n                                        chai_1.expect.fail(\"failed\");\n                                        return [2 /*return*/];\n                                }\n                            });\n                        });\n                    }\n                    return __generator(this, function (_a) {\n                        switch (_a.label) {\n                            case 0: return [4 /*yield*/, ckbRequestTest(this.ctx, test(), config)];\n                            case 1:\n                                _a.sent();\n                                return [2 /*return*/];\n                        }\n                    });\n                });",
                      "err": {},
                      "uuid": "efa34da4-1945-4448-8ce4-0c306b29c4e6",
                      "parentUUID": "e586696d-8588-4925-a7f9-20b8d104f08a",
                      "isHook": false,
                      "skipped": false
                    }
                  ],
                  "suites": [],
                  "passes": [
                    "615ef21a-9a92-4c1c-ade1-810ac9cdd0e9",
                    "efa34da4-1945-4448-8ce4-0c306b29c4e6"
                  ],
                  "failures": [],
                  "pending": [],
                  "skipped": [],
                  "duration": 1113,
                  "root": false,
                  "rootEmpty": false,
                  "_timeout": 100000000
                },
                {
                  "uuid": "29076800-5add-4bc1-8e6c-97b61fffba13",
                  "title": "Alert",
                  "fullFile": "/home/runner/work/CkbGuardian/CkbGuardian/ckb/test/ckb.spec.test.ts",
                  "file": "/test/ckb.spec.test.ts",
                  "beforeHooks": [],
                  "afterHooks": [],
                  "tests": [
                    {
                      "title": "send_alert,should failed",
                      "fullTitle": "Ckb Node Rpc check Tests public-MIRANA(0.118.0 (b0bde9f 2024-09-14)) Alert send_alert,should failed",
                      "timedOut": false,
                      "duration": 740,
                      "state": "passed",
                      "speed": "slow",
                      "pass": true,
                      "fail": false,
                      "pending": false,
                      "context": null,
                      "code": "return __awaiter(_this, void 0, void 0, function () {\n                    return __generator(this, function (_a) {\n                        switch (_a.label) {\n                            case 0: return [4 /*yield*/, ckbRequestTest(this.ctx, request(1, config.rpc, \"send_alert\", [\n                                    {\n                                        \"id\": \"0x1\",\n                                        \"cancel\": \"0x0\",\n                                        \"priority\": \"0x1\",\n                                        \"message\": \"An example alert message!\",\n                                        \"notice_until\": \"0x24bcca57c00\",\n                                        \"signatures\": [\n                                            \"0xbd07059aa9a3d057da294c2c4d96fa1e67eeb089837c87b523f124239e18e9fc7d11bb95b720478f7f937d073517d0e4eb9a91d12da5c88a05f750362f4c214dd0\",\n                                            \"0x0242ef40bb64fe3189284de91f981b17f4d740c5e24a3fc9b70059db6aa1d198a2e76da4f84ab37549880d116860976e0cf81cd039563c452412076ebffa2e4453\"\n                                        ]\n                                    }\n                                ]), config)];\n                            case 1:\n                                _a.sent();\n                                return [2 /*return*/];\n                        }\n                    });\n                });",
                      "err": {},
                      "uuid": "15b0e416-e404-46fa-800a-0657a6a02ffa",
                      "parentUUID": "29076800-5add-4bc1-8e6c-97b61fffba13",
                      "isHook": false,
                      "skipped": false
                    }
                  ],
                  "suites": [],
                  "passes": [
                    "15b0e416-e404-46fa-800a-0657a6a02ffa"
                  ],
                  "failures": [],
                  "pending": [],
                  "skipped": [],
                  "duration": 740,
                  "root": false,
                  "rootEmpty": false,
                  "_timeout": 100000000
                },
                {
                  "uuid": "8595857b-83d0-43bd-a761-0f532e6411c3",
                  "title": "Indexer",
                  "fullFile": "/home/runner/work/CkbGuardian/CkbGuardian/ckb/test/ckb.spec.test.ts",
                  "file": "/test/ckb.spec.test.ts",
                  "beforeHooks": [],
                  "afterHooks": [],
                  "tests": [
                    {
                      "title": "get_indexer_tip",
                      "fullTitle": "Ckb Node Rpc check Tests public-MIRANA(0.118.0 (b0bde9f 2024-09-14)) Indexer get_indexer_tip",
                      "timedOut": false,
                      "duration": 543,
                      "state": "passed",
                      "speed": "slow",
                      "pass": true,
                      "fail": false,
                      "pending": false,
                      "context": null,
                      "code": "return __awaiter(_this, void 0, void 0, function () {\n                    return __generator(this, function (_a) {\n                        switch (_a.label) {\n                            case 0: \n                            // await request(1,)\n                            return [4 /*yield*/, ckbRequestTest(this.ctx, TestCkBkbClient.getIndexerTip(), config)];\n                            case 1:\n                                // await request(1,)\n                                _a.sent();\n                                return [2 /*return*/];\n                        }\n                    });\n                });",
                      "err": {},
                      "uuid": "d297a688-1e85-4ad8-86a4-50a21ea28f84",
                      "parentUUID": "8595857b-83d0-43bd-a761-0f532e6411c3",
                      "isHook": false,
                      "skipped": false
                    },
                    {
                      "title": "get_cells",
                      "fullTitle": "Ckb Node Rpc check Tests public-MIRANA(0.118.0 (b0bde9f 2024-09-14)) Indexer get_cells",
                      "timedOut": false,
                      "duration": 278,
                      "state": "passed",
                      "speed": "slow",
                      "pass": true,
                      "fail": false,
                      "pending": false,
                      "context": null,
                      "code": "return __awaiter(_this, void 0, void 0, function () {\n                    return __generator(this, function (_a) {\n                        switch (_a.label) {\n                            case 0: return [4 /*yield*/, ckbRequestTest(this.ctx, TestCkBkbClient.getCells({\n                                    \"script\": {\n                                        \"codeHash\": \"0x9bd7e06f3ecf4be0f2fcd2188b23f1b9fcc88e5d4b65a8637b17723bbda3cce8\",\n                                        \"hashType\": \"type\",\n                                        \"args\": \"0x5989ae415bb667931a99896e5fbbfad9ba53a223\"\n                                    },\n                                    \"scriptType\": \"lock\"\n                                }, \"asc\", \"0x64\"), config)];\n                            case 1:\n                                _a.sent();\n                                return [2 /*return*/];\n                        }\n                    });\n                });",
                      "err": {},
                      "uuid": "50eccb83-8eb5-4e7c-a649-1e98f25ba201",
                      "parentUUID": "8595857b-83d0-43bd-a761-0f532e6411c3",
                      "isHook": false,
                      "skipped": false
                    },
                    {
                      "title": "get_transactions",
                      "fullTitle": "Ckb Node Rpc check Tests public-MIRANA(0.118.0 (b0bde9f 2024-09-14)) Indexer get_transactions",
                      "timedOut": false,
                      "duration": 583,
                      "state": "passed",
                      "speed": "slow",
                      "pass": true,
                      "fail": false,
                      "pending": false,
                      "context": null,
                      "code": "return __awaiter(_this, void 0, void 0, function () {\n                    return __generator(this, function (_a) {\n                        switch (_a.label) {\n                            case 0: return [4 /*yield*/, ckbRequestTest(this.ctx, TestCkBkbClient.getTransactions({\n                                    \"script\": {\n                                        \"codeHash\": \"0x9bd7e06f3ecf4be0f2fcd2188b23f1b9fcc88e5d4b65a8637b17723bbda3cce8\",\n                                        \"hashType\": \"type\",\n                                        \"args\": \"0x5989ae415bb667931a99896e5fbbfad9ba53a223\"\n                                    },\n                                    \"scriptType\": \"lock\"\n                                }, \"asc\", \"0x64\"), config)];\n                            case 1:\n                                _a.sent();\n                                return [2 /*return*/];\n                        }\n                    });\n                });",
                      "err": {},
                      "uuid": "5afa0f92-ca91-431f-922f-e83b529faed0",
                      "parentUUID": "8595857b-83d0-43bd-a761-0f532e6411c3",
                      "isHook": false,
                      "skipped": false
                    },
                    {
                      "title": "get_cells_capacity",
                      "fullTitle": "Ckb Node Rpc check Tests public-MIRANA(0.118.0 (b0bde9f 2024-09-14)) Indexer get_cells_capacity",
                      "timedOut": false,
                      "duration": 509,
                      "state": "passed",
                      "speed": "slow",
                      "pass": true,
                      "fail": false,
                      "pending": false,
                      "context": null,
                      "code": "return __awaiter(_this, void 0, void 0, function () {\n                    return __generator(this, function (_a) {\n                        switch (_a.label) {\n                            case 0: return [4 /*yield*/, ckbRequestTest(this.ctx, TestCkBkbClient.getCellsCapacity({\n                                    \"script\": {\n                                        \"codeHash\": \"0x9bd7e06f3ecf4be0f2fcd2188b23f1b9fcc88e5d4b65a8637b17723bbda3cce8\",\n                                        \"hashType\": \"type\",\n                                        \"args\": \"0x5989ae415bb667931a99896e5fbbfad9ba53a223\"\n                                    },\n                                    \"scriptType\": \"lock\"\n                                }), config)];\n                            case 1:\n                                _a.sent();\n                                return [2 /*return*/];\n                        }\n                    });\n                });",
                      "err": {},
                      "uuid": "9a5445cc-e613-4f2b-81f5-4e99a0ea8f2e",
                      "parentUUID": "8595857b-83d0-43bd-a761-0f532e6411c3",
                      "isHook": false,
                      "skipped": false
                    }
                  ],
                  "suites": [],
                  "passes": [
                    "d297a688-1e85-4ad8-86a4-50a21ea28f84",
                    "50eccb83-8eb5-4e7c-a649-1e98f25ba201",
                    "5afa0f92-ca91-431f-922f-e83b529faed0",
                    "9a5445cc-e613-4f2b-81f5-4e99a0ea8f2e"
                  ],
                  "failures": [],
                  "pending": [],
                  "skipped": [],
                  "duration": 1913,
                  "root": false,
                  "rootEmpty": false,
                  "_timeout": 100000000
                },
                {
                  "uuid": "5335f0c5-1e73-4cf6-ae1d-703af7a443ef",
                  "title": "IntegrationTest",
                  "fullFile": "/home/runner/work/CkbGuardian/CkbGuardian/ckb/test/ckb.spec.test.ts",
                  "file": "/test/ckb.spec.test.ts",
                  "beforeHooks": [],
                  "afterHooks": [],
                  "tests": [
                    {
                      "title": "process_block_without_verify",
                      "fullTitle": "Ckb Node Rpc check Tests public-MIRANA(0.118.0 (b0bde9f 2024-09-14)) IntegrationTest process_block_without_verify",
                      "timedOut": false,
                      "duration": 0,
                      "state": "pending",
                      "speed": null,
                      "pass": false,
                      "fail": false,
                      "pending": true,
                      "context": null,
                      "code": "",
                      "err": {},
                      "uuid": "4ee72fdf-6773-4d4b-8268-0914738deb39",
                      "parentUUID": "5335f0c5-1e73-4cf6-ae1d-703af7a443ef",
                      "isHook": false,
                      "skipped": false
                    },
                    {
                      "title": "truncate",
                      "fullTitle": "Ckb Node Rpc check Tests public-MIRANA(0.118.0 (b0bde9f 2024-09-14)) IntegrationTest truncate",
                      "timedOut": false,
                      "duration": 0,
                      "state": "pending",
                      "speed": null,
                      "pass": false,
                      "fail": false,
                      "pending": true,
                      "context": null,
                      "code": "",
                      "err": {},
                      "uuid": "b097bc9f-578b-41ce-94b2-094912d850c2",
                      "parentUUID": "5335f0c5-1e73-4cf6-ae1d-703af7a443ef",
                      "isHook": false,
                      "skipped": false
                    },
                    {
                      "title": "notify_transaction",
                      "fullTitle": "Ckb Node Rpc check Tests public-MIRANA(0.118.0 (b0bde9f 2024-09-14)) IntegrationTest notify_transaction",
                      "timedOut": false,
                      "duration": 0,
                      "state": "pending",
                      "speed": null,
                      "pass": false,
                      "fail": false,
                      "pending": true,
                      "context": null,
                      "code": "",
                      "err": {},
                      "uuid": "4ab8bbba-d169-47a4-b3a8-bf9409bda481",
                      "parentUUID": "5335f0c5-1e73-4cf6-ae1d-703af7a443ef",
                      "isHook": false,
                      "skipped": false
                    }
                  ],
                  "suites": [],
                  "passes": [],
                  "failures": [],
                  "pending": [
                    "4ee72fdf-6773-4d4b-8268-0914738deb39",
                    "b097bc9f-578b-41ce-94b2-094912d850c2",
                    "4ab8bbba-d169-47a4-b3a8-bf9409bda481"
                  ],
                  "skipped": [],
                  "duration": 0,
                  "root": false,
                  "rootEmpty": false,
                  "_timeout": 100000000
                },
                {
                  "uuid": "965d915f-d2b8-4ab6-9704-2debcd4a20ce",
                  "title": "Net",
                  "fullFile": "/home/runner/work/CkbGuardian/CkbGuardian/ckb/test/ckb.spec.test.ts",
                  "file": "/test/ckb.spec.test.ts",
                  "beforeHooks": [],
                  "afterHooks": [],
                  "tests": [
                    {
                      "title": "local_node_info",
                      "fullTitle": "Ckb Node Rpc check Tests public-MIRANA(0.118.0 (b0bde9f 2024-09-14)) Net local_node_info",
                      "timedOut": false,
                      "duration": 483,
                      "state": "passed",
                      "speed": "slow",
                      "pass": true,
                      "fail": false,
                      "pending": false,
                      "context": null,
                      "code": "return __awaiter(_this, void 0, void 0, function () {\n                    return __generator(this, function (_a) {\n                        switch (_a.label) {\n                            case 0: return [4 /*yield*/, ckbRequestTest(this.ctx, TestCkBkbClient.localNodeInfo(), config)];\n                            case 1:\n                                _a.sent();\n                                return [2 /*return*/];\n                        }\n                    });\n                });",
                      "err": {},
                      "uuid": "168c0c13-9250-4396-9a46-c69aa8253827",
                      "parentUUID": "965d915f-d2b8-4ab6-9704-2debcd4a20ce",
                      "isHook": false,
                      "skipped": false
                    },
                    {
                      "title": "get_peers",
                      "fullTitle": "Ckb Node Rpc check Tests public-MIRANA(0.118.0 (b0bde9f 2024-09-14)) Net get_peers",
                      "timedOut": false,
                      "duration": 309,
                      "state": "passed",
                      "speed": "slow",
                      "pass": true,
                      "fail": false,
                      "pending": false,
                      "context": null,
                      "code": "return __awaiter(_this, void 0, void 0, function () {\n                    return __generator(this, function (_a) {\n                        switch (_a.label) {\n                            case 0: return [4 /*yield*/, ckbRequestTest(this.ctx, TestCkBkbClient.getPeers(), config)];\n                            case 1:\n                                _a.sent();\n                                return [2 /*return*/];\n                        }\n                    });\n                });",
                      "err": {},
                      "uuid": "47dca284-ba36-4407-8fe5-4832b5ab72a0",
                      "parentUUID": "965d915f-d2b8-4ab6-9704-2debcd4a20ce",
                      "isHook": false,
                      "skipped": false
                    },
                    {
                      "title": "get_banned_addresses",
                      "fullTitle": "Ckb Node Rpc check Tests public-MIRANA(0.118.0 (b0bde9f 2024-09-14)) Net get_banned_addresses",
                      "timedOut": false,
                      "duration": 509,
                      "state": "passed",
                      "speed": "slow",
                      "pass": true,
                      "fail": false,
                      "pending": false,
                      "context": null,
                      "code": "return __awaiter(_this, void 0, void 0, function () {\n                    return __generator(this, function (_a) {\n                        switch (_a.label) {\n                            case 0: return [4 /*yield*/, ckbRequestTest(this.ctx, TestCkBkbClient.getBannedAddresses(), config)];\n                            case 1:\n                                _a.sent();\n                                return [2 /*return*/];\n                        }\n                    });\n                });",
                      "err": {},
                      "uuid": "54665cd4-3408-4e54-ac39-357674e3a03f",
                      "parentUUID": "965d915f-d2b8-4ab6-9704-2debcd4a20ce",
                      "isHook": false,
                      "skipped": false
                    },
                    {
                      "title": "clear_banned_addresses,should failed",
                      "fullTitle": "Ckb Node Rpc check Tests public-MIRANA(0.118.0 (b0bde9f 2024-09-14)) Net clear_banned_addresses,should failed",
                      "timedOut": false,
                      "duration": 258,
                      "state": "passed",
                      "speed": "slow",
                      "pass": true,
                      "fail": false,
                      "pending": false,
                      "context": null,
                      "code": "return __awaiter(_this, void 0, void 0, function () {\n                    return __generator(this, function (_a) {\n                        switch (_a.label) {\n                            case 0: return [4 /*yield*/, ckbRequestTest(this.ctx, TestCkBkbClient.clearBannedAddresses(), config)];\n                            case 1:\n                                _a.sent();\n                                return [2 /*return*/];\n                        }\n                    });\n                });",
                      "err": {},
                      "uuid": "30722aa9-b45a-412d-b443-94a1e4c21e19",
                      "parentUUID": "965d915f-d2b8-4ab6-9704-2debcd4a20ce",
                      "isHook": false,
                      "skipped": false
                    },
                    {
                      "title": "set_ban,should failed",
                      "fullTitle": "Ckb Node Rpc check Tests public-MIRANA(0.118.0 (b0bde9f 2024-09-14)) Net set_ban,should failed",
                      "timedOut": false,
                      "duration": 516,
                      "state": "passed",
                      "speed": "slow",
                      "pass": true,
                      "fail": false,
                      "pending": false,
                      "context": null,
                      "code": "return __awaiter(_this, void 0, void 0, function () {\n                    return __generator(this, function (_a) {\n                        switch (_a.label) {\n                            case 0: return [4 /*yield*/, ckbRequestTest(this.ctx, TestCkBkbClient.setBan(\"192.168.0.2\", \"delete\", \"0x1ac89236180\", true, \"set_ban example\"), config)];\n                            case 1:\n                                _a.sent();\n                                return [2 /*return*/];\n                        }\n                    });\n                });",
                      "err": {},
                      "uuid": "a5387eaf-84e5-4fbf-a039-b650fe3a9a0a",
                      "parentUUID": "965d915f-d2b8-4ab6-9704-2debcd4a20ce",
                      "isHook": false,
                      "skipped": false
                    },
                    {
                      "title": "sync_state",
                      "fullTitle": "Ckb Node Rpc check Tests public-MIRANA(0.118.0 (b0bde9f 2024-09-14)) Net sync_state",
                      "timedOut": false,
                      "duration": 581,
                      "state": "passed",
                      "speed": "slow",
                      "pass": true,
                      "fail": false,
                      "pending": false,
                      "context": null,
                      "code": "return __awaiter(_this, void 0, void 0, function () {\n                    return __generator(this, function (_a) {\n                        switch (_a.label) {\n                            case 0: return [4 /*yield*/, ckbRequestTest(this.ctx, TestCkBkbClient.syncState(), config)];\n                            case 1:\n                                _a.sent();\n                                return [2 /*return*/];\n                        }\n                    });\n                });",
                      "err": {},
                      "uuid": "2918e2e4-df4d-498c-b606-33a96b918967",
                      "parentUUID": "965d915f-d2b8-4ab6-9704-2debcd4a20ce",
                      "isHook": false,
                      "skipped": false
                    },
                    {
                      "title": "set_network_active,should failed",
                      "fullTitle": "Ckb Node Rpc check Tests public-MIRANA(0.118.0 (b0bde9f 2024-09-14)) Net set_network_active,should failed",
                      "timedOut": false,
                      "duration": 261,
                      "state": "passed",
                      "speed": "slow",
                      "pass": true,
                      "fail": false,
                      "pending": false,
                      "context": null,
                      "code": "return __awaiter(_this, void 0, void 0, function () {\n                    return __generator(this, function (_a) {\n                        switch (_a.label) {\n                            case 0: return [4 /*yield*/, ckbRequestTest(this.ctx, TestCkBkbClient.setNetworkActive(true), config)];\n                            case 1:\n                                _a.sent();\n                                return [2 /*return*/];\n                        }\n                    });\n                });",
                      "err": {},
                      "uuid": "17b1bd8b-0a20-4184-aacb-023e9ff0a70d",
                      "parentUUID": "965d915f-d2b8-4ab6-9704-2debcd4a20ce",
                      "isHook": false,
                      "skipped": false
                    },
                    {
                      "title": "add_node,should failed",
                      "fullTitle": "Ckb Node Rpc check Tests public-MIRANA(0.118.0 (b0bde9f 2024-09-14)) Net add_node,should failed",
                      "timedOut": false,
                      "duration": 252,
                      "state": "passed",
                      "speed": "slow",
                      "pass": true,
                      "fail": false,
                      "pending": false,
                      "context": null,
                      "code": "return __awaiter(_this, void 0, void 0, function () {\n                    return __generator(this, function (_a) {\n                        switch (_a.label) {\n                            case 0: return [4 /*yield*/, ckbRequestTest(this.ctx, TestCkBkbClient.addNode(\"id1\", \"/ip4/192.168.2.100/tcp/8114/QmUsZHPbjjzU627UZFt4k8j6ycEcNvXRnVGxCPKqwbAfQS\"), config)];\n                            case 1:\n                                _a.sent();\n                                return [2 /*return*/];\n                        }\n                    });\n                });",
                      "err": {},
                      "uuid": "85eecf1e-f47d-492b-bdab-cb2de16ded9e",
                      "parentUUID": "965d915f-d2b8-4ab6-9704-2debcd4a20ce",
                      "isHook": false,
                      "skipped": false
                    },
                    {
                      "title": "remove_node,should failed",
                      "fullTitle": "Ckb Node Rpc check Tests public-MIRANA(0.118.0 (b0bde9f 2024-09-14)) Net remove_node,should failed",
                      "timedOut": false,
                      "duration": 274,
                      "state": "passed",
                      "speed": "slow",
                      "pass": true,
                      "fail": false,
                      "pending": false,
                      "context": null,
                      "code": "return __awaiter(_this, void 0, void 0, function () {\n                    return __generator(this, function (_a) {\n                        switch (_a.label) {\n                            case 0: return [4 /*yield*/, ckbRequestTest(this.ctx, TestCkBkbClient.removeNode(\"1234\"), config)];\n                            case 1:\n                                _a.sent();\n                                return [2 /*return*/];\n                        }\n                    });\n                });",
                      "err": {},
                      "uuid": "64fd88ee-fac2-4b77-8b7d-f747adfd0a2a",
                      "parentUUID": "965d915f-d2b8-4ab6-9704-2debcd4a20ce",
                      "isHook": false,
                      "skipped": false
                    },
                    {
                      "title": "ping_peers",
                      "fullTitle": "Ckb Node Rpc check Tests public-MIRANA(0.118.0 (b0bde9f 2024-09-14)) Net ping_peers",
                      "timedOut": false,
                      "duration": 530,
                      "state": "passed",
                      "speed": "slow",
                      "pass": true,
                      "fail": false,
                      "pending": false,
                      "context": null,
                      "code": "return __awaiter(_this, void 0, void 0, function () {\n                    return __generator(this, function (_a) {\n                        switch (_a.label) {\n                            case 0: return [4 /*yield*/, ckbRequestTest(this.ctx, TestCkBkbClient.pingPeers(), config)];\n                            case 1:\n                                _a.sent();\n                                return [2 /*return*/];\n                        }\n                    });\n                });",
                      "err": {},
                      "uuid": "739a4b3a-1b09-4cb5-91d2-e760b314fea3",
                      "parentUUID": "965d915f-d2b8-4ab6-9704-2debcd4a20ce",
                      "isHook": false,
                      "skipped": false
                    }
                  ],
                  "suites": [],
                  "passes": [
                    "168c0c13-9250-4396-9a46-c69aa8253827",
                    "47dca284-ba36-4407-8fe5-4832b5ab72a0",
                    "54665cd4-3408-4e54-ac39-357674e3a03f",
                    "30722aa9-b45a-412d-b443-94a1e4c21e19",
                    "a5387eaf-84e5-4fbf-a039-b650fe3a9a0a",
                    "2918e2e4-df4d-498c-b606-33a96b918967",
                    "17b1bd8b-0a20-4184-aacb-023e9ff0a70d",
                    "85eecf1e-f47d-492b-bdab-cb2de16ded9e",
                    "64fd88ee-fac2-4b77-8b7d-f747adfd0a2a",
                    "739a4b3a-1b09-4cb5-91d2-e760b314fea3"
                  ],
                  "failures": [],
                  "pending": [],
                  "skipped": [],
                  "duration": 3973,
                  "root": false,
                  "rootEmpty": false,
                  "_timeout": 100000000
                },
                {
                  "uuid": "5988631a-b3a2-4901-b8b0-461b1fc27e08",
                  "title": "Pool",
                  "fullFile": "/home/runner/work/CkbGuardian/CkbGuardian/ckb/test/ckb.spec.test.ts",
                  "file": "/test/ckb.spec.test.ts",
                  "beforeHooks": [],
                  "afterHooks": [],
                  "tests": [
                    {
                      "title": "send_transaction",
                      "fullTitle": "Ckb Node Rpc check Tests public-MIRANA(0.118.0 (b0bde9f 2024-09-14)) Pool send_transaction",
                      "timedOut": false,
                      "duration": 1,
                      "state": "passed",
                      "speed": "fast",
                      "pass": true,
                      "fail": false,
                      "pending": false,
                      "context": null,
                      "code": "return __awaiter(_this, void 0, void 0, function () {\n                    return __generator(this, function (_a) {\n                        return [2 /*return*/];\n                    });\n                });",
                      "err": {},
                      "uuid": "e35c0447-533e-4a99-a3e0-e6114086a990",
                      "parentUUID": "5988631a-b3a2-4901-b8b0-461b1fc27e08",
                      "isHook": false,
                      "skipped": false
                    },
                    {
                      "title": "remove_transaction,should failed",
                      "fullTitle": "Ckb Node Rpc check Tests public-MIRANA(0.118.0 (b0bde9f 2024-09-14)) Pool remove_transaction,should failed",
                      "timedOut": false,
                      "duration": 510,
                      "state": "passed",
                      "speed": "slow",
                      "pass": true,
                      "fail": false,
                      "pending": false,
                      "context": null,
[...]
                      "pass": true,
                      "fail": false,
                      "pending": false,
                      "context": null,
                      "code": "return __awaiter(_this, void 0, void 0, function () {\n                    return __generator(this, function (_a) {\n                        switch (_a.label) {\n                            case 0: return [4 /*yield*/, ckbRequestTest(this.ctx, TestCkBkbClient.removeNode(\"1234\"), config)];\n                            case 1:\n                                _a.sent();\n                                return [2 /*return*/];\n                        }\n                    });\n                });",
                      "err": {},
                      "uuid": "31bc0925-80f4-4e26-91ee-7993090baf37",
                      "parentUUID": "c876d80c-91c4-4541-8e95-327e5c934edc",
                      "isHook": false,
                      "skipped": false
                    },
                    {
                      "title": "ping_peers",
                      "fullTitle": "Ckb Node Rpc check Tests publicApp-PUDGE(0.119.0-rc2 (a0a9e7b 2024-10-22)) Net ping_peers",
                      "timedOut": false,
                      "duration": 393,
                      "state": "passed",
                      "speed": "slow",
                      "pass": true,
                      "fail": false,
                      "pending": false,
                      "context": null,
                      "code": "return __awaiter(_this, void 0, void 0, function () {\n                    return __generator(this, function (_a) {\n                        switch (_a.label) {\n                            case 0: return [4 /*yield*/, ckbRequestTest(this.ctx, TestCkBkbClient.pingPeers(), config)];\n                            case 1:\n                                _a.sent();\n                                return [2 /*return*/];\n                        }\n                    });\n                });",
                      "err": {},
                      "uuid": "9507787f-58bb-4253-a3fa-4cd8121505e1",
                      "parentUUID": "c876d80c-91c4-4541-8e95-327e5c934edc",
                      "isHook": false,
                      "skipped": false
                    }
                  ],
                  "suites": [],
                  "passes": [
                    "ceac50af-1ee9-4e0b-85a4-fa0d2a626dc0",
                    "675d3a31-67b3-47ec-b323-653639e1f0b9",
                    "22f0f765-a34e-4c5b-9c5a-fe675e300c53",
                    "2fda9924-d745-4a27-bf8b-48a2f9b08b46",
                    "0a077d23-9241-40f7-941f-037498671197",
                    "bc1cb500-9963-409d-9a83-87ebc70592a4",
                    "098937ba-901a-44a1-83aa-251ec7eacbd6",
                    "a85a4f36-0620-4875-89c3-562e6cb177f9",
                    "31bc0925-80f4-4e26-91ee-7993090baf37",
                    "9507787f-58bb-4253-a3fa-4cd8121505e1"
                  ],
                  "failures": [],
                  "pending": [],
                  "skipped": [],
                  "duration": 3776,
                  "root": false,
                  "rootEmpty": false,
                  "_timeout": 100000000
                },
                {
                  "uuid": "2ed8c026-4466-474a-9ddf-9ec832631553",
                  "title": "Pool",
                  "fullFile": "/home/runner/work/CkbGuardian/CkbGuardian/ckb/test/ckb.spec.test.ts",
                  "file": "/test/ckb.spec.test.ts",
                  "beforeHooks": [],
                  "afterHooks": [],
                  "tests": [
                    {
                      "title": "send_transaction",
                      "fullTitle": "Ckb Node Rpc check Tests publicApp-PUDGE(0.119.0-rc2 (a0a9e7b 2024-10-22)) Pool send_transaction",
                      "timedOut": false,
                      "duration": 0,
                      "state": "passed",
                      "speed": "fast",
                      "pass": true,
                      "fail": false,
                      "pending": false,
                      "context": null,
                      "code": "return __awaiter(_this, void 0, void 0, function () {\n                    return __generator(this, function (_a) {\n                        return [2 /*return*/];\n                    });\n                });",
                      "err": {},
                      "uuid": "2481b4ac-51eb-49e2-bd29-4f8b4c01f4eb",
                      "parentUUID": "2ed8c026-4466-474a-9ddf-9ec832631553",
                      "isHook": false,
                      "skipped": false
                    },
                    {
                      "title": "remove_transaction,should failed",
                      "fullTitle": "Ckb Node Rpc check Tests publicApp-PUDGE(0.119.0-rc2 (a0a9e7b 2024-10-22)) Pool remove_transaction,should failed",
                      "timedOut": false,
                      "duration": 399,
                      "state": "passed",
                      "speed": "slow",
                      "pass": true,
                      "fail": false,
                      "pending": false,
                      "context": null,
                      "code": "return __awaiter(_this, void 0, void 0, function () {\n                    return __generator(this, function (_a) {\n                        switch (_a.label) {\n                            case 0: return [4 /*yield*/, ckbRequestTest(this.ctx, request(1, config.rpc, \"remove_transaction\", [\"0xa0ef4eb5f4ceeb08a4c8524d84c5da95dce2f608e0ca2ec8091191b0f330c6e3\"]), config)];\n                            case 1:\n                                _a.sent();\n                                return [2 /*return*/];\n                        }\n                    });\n                });",
                      "err": {},
                      "uuid": "dee51ca9-873f-433a-b10e-199e3c9b0d59",
                      "parentUUID": "2ed8c026-4466-474a-9ddf-9ec832631553",
                      "isHook": false,
                      "skipped": false
                    },
                    {
                      "title": "tx_pool_info",
                      "fullTitle": "Ckb Node Rpc check Tests publicApp-PUDGE(0.119.0-rc2 (a0a9e7b 2024-10-22)) Pool tx_pool_info",
                      "timedOut": false,
                      "duration": 401,
                      "state": "passed",
                      "speed": "slow",
                      "pass": true,
                      "fail": false,
                      "pending": false,
                      "context": null,
                      "code": "return __awaiter(_this, void 0, void 0, function () {\n                    return __generator(this, function (_a) {\n                        switch (_a.label) {\n                            case 0: return [4 /*yield*/, ckbRequestTest(this.ctx, TestCkBkbClient.txPoolInfo(), config)];\n                            case 1:\n                                _a.sent();\n                                return [2 /*return*/];\n                        }\n                    });\n                });",
                      "err": {},
                      "uuid": "7c021cd7-5341-475f-9164-ac308936a0ce",
                      "parentUUID": "2ed8c026-4466-474a-9ddf-9ec832631553",
                      "isHook": false,
                      "skipped": false
                    },
                    {
                      "title": "clear_tx_pool,should failed",
                      "fullTitle": "Ckb Node Rpc check Tests publicApp-PUDGE(0.119.0-rc2 (a0a9e7b 2024-10-22)) Pool clear_tx_pool,should failed",
                      "timedOut": false,
                      "duration": 387,
                      "state": "passed",
                      "speed": "slow",
                      "pass": true,
                      "fail": false,
                      "pending": false,
                      "context": null,
                      "code": "return __awaiter(_this, void 0, void 0, function () {\n                    return __generator(this, function (_a) {\n                        switch (_a.label) {\n                            case 0: return [4 /*yield*/, ckbRequestTest(this.ctx, TestCkBkbClient.clearTxPool(), config)];\n                            case 1:\n                                _a.sent();\n                                return [2 /*return*/];\n                        }\n                    });\n                });",
                      "err": {},
                      "uuid": "a658564e-8aaf-45e5-afdf-901166fec31a",
                      "parentUUID": "2ed8c026-4466-474a-9ddf-9ec832631553",
                      "isHook": false,
                      "skipped": false
                    },
                    {
                      "title": "get_raw_tx_pool",
                      "fullTitle": "Ckb Node Rpc check Tests publicApp-PUDGE(0.119.0-rc2 (a0a9e7b 2024-10-22)) Pool get_raw_tx_pool",
                      "timedOut": false,
                      "duration": 409,
                      "state": "passed",
                      "speed": "slow",
                      "pass": true,
                      "fail": false,
                      "pending": false,
                      "context": null,
                      "code": "return __awaiter(_this, void 0, void 0, function () {\n                    return __generator(this, function (_a) {\n                        switch (_a.label) {\n                            case 0: return [4 /*yield*/, ckbRequestTest(this.ctx, TestCkBkbClient.getRawTxPool(), config)];\n                            case 1:\n                                _a.sent();\n                                return [2 /*return*/];\n                        }\n                    });\n                });",
                      "err": {},
                      "uuid": "24820167-f424-4d90-aace-a8ea15f090bb",
                      "parentUUID": "2ed8c026-4466-474a-9ddf-9ec832631553",
                      "isHook": false,
                      "skipped": false
                    },
                    {
                      "title": "tx_pool_ready",
                      "fullTitle": "Ckb Node Rpc check Tests publicApp-PUDGE(0.119.0-rc2 (a0a9e7b 2024-10-22)) Pool tx_pool_ready",
                      "timedOut": false,
                      "duration": 380,
                      "state": "passed",
                      "speed": "slow",
                      "pass": true,
                      "fail": false,
                      "pending": false,
                      "context": null,
                      "code": "return __awaiter(_this, void 0, void 0, function () {\n                    return __generator(this, function (_a) {\n                        switch (_a.label) {\n                            case 0: return [4 /*yield*/, ckbRequestTest(this.ctx, request(1, config.rpc, \"tx_pool_ready\", []), config)];\n                            case 1:\n                                _a.sent();\n                                return [2 /*return*/];\n                        }\n                    });\n                });",
                      "err": {},
                      "uuid": "09433262-30d0-432d-96e9-aa9ed36df71e",
                      "parentUUID": "2ed8c026-4466-474a-9ddf-9ec832631553",
                      "isHook": false,
                      "skipped": false
                    }
                  ],
                  "suites": [],
                  "passes": [
                    "2481b4ac-51eb-49e2-bd29-4f8b4c01f4eb",
                    "dee51ca9-873f-433a-b10e-199e3c9b0d59",
                    "7c021cd7-5341-475f-9164-ac308936a0ce",
                    "a658564e-8aaf-45e5-afdf-901166fec31a",
                    "24820167-f424-4d90-aace-a8ea15f090bb",
                    "09433262-30d0-432d-96e9-aa9ed36df71e"
                  ],
                  "failures": [],
                  "pending": [],
                  "skipped": [],
                  "duration": 1976,
                  "root": false,
                  "rootEmpty": false,
                  "_timeout": 100000000
                },
                {
                  "uuid": "48f5a0cc-edbf-459d-9ab3-e3381e1e24f9",
                  "title": "Stats",
                  "fullFile": "/home/runner/work/CkbGuardian/CkbGuardian/ckb/test/ckb.spec.test.ts",
                  "file": "/test/ckb.spec.test.ts",
                  "beforeHooks": [],
                  "afterHooks": [],
                  "tests": [
                    {
                      "title": "get_blockchain_info",
                      "fullTitle": "Ckb Node Rpc check Tests publicApp-PUDGE(0.119.0-rc2 (a0a9e7b 2024-10-22)) Stats get_blockchain_info",
                      "timedOut": false,
                      "duration": 400,
                      "state": "passed",
                      "speed": "slow",
                      "pass": true,
                      "fail": false,
                      "pending": false,
                      "context": null,
                      "code": "return __awaiter(_this, void 0, void 0, function () {\n                    return __generator(this, function (_a) {\n                        switch (_a.label) {\n                            case 0: return [4 /*yield*/, ckbRequestTest(this.ctx, request(1, config.rpc, \"get_blockchain_info\", []), config)];\n                            case 1:\n                                _a.sent();\n                                return [2 /*return*/];\n                        }\n                    });\n                });",
                      "err": {},
                      "uuid": "51267068-4062-4756-a524-c0ef3d6585ed",
                      "parentUUID": "48f5a0cc-edbf-459d-9ab3-e3381e1e24f9",
                      "isHook": false,
                      "skipped": false
                    },
                    {
                      "title": "get_deployments_info",
                      "fullTitle": "Ckb Node Rpc check Tests publicApp-PUDGE(0.119.0-rc2 (a0a9e7b 2024-10-22)) Stats get_deployments_info",
                      "timedOut": false,
                      "duration": 233,
                      "state": "passed",
                      "speed": "slow",
                      "pass": true,
                      "fail": false,
                      "pending": false,
                      "context": null,
                      "code": "return __awaiter(_this, void 0, void 0, function () {\n                    return __generator(this, function (_a) {\n                        switch (_a.label) {\n                            case 0: return [4 /*yield*/, ckbRequestTest(this.ctx, request(1, config.rpc, \"get_deployments_info\", []), config)];\n                            case 1:\n                                _a.sent();\n                                return [2 /*return*/];\n                        }\n                    });\n                });",
                      "err": {},
                      "uuid": "82b84eab-ee78-469e-a145-59722b940384",
                      "parentUUID": "48f5a0cc-edbf-459d-9ab3-e3381e1e24f9",
                      "isHook": false,
                      "skipped": false
                    }
                  ],
                  "suites": [],
                  "passes": [
                    "51267068-4062-4756-a524-c0ef3d6585ed",
                    "82b84eab-ee78-469e-a145-59722b940384"
                  ],
                  "failures": [],
                  "pending": [],
                  "skipped": [],
                  "duration": 633,
                  "root": false,
                  "rootEmpty": false,
                  "_timeout": 100000000
                },
                {
                  "uuid": "faa1d8e9-109c-4bb9-91be-90cd37a2c9d2",
                  "title": "Subscription",
                  "fullFile": "/home/runner/work/CkbGuardian/CkbGuardian/ckb/test/ckb.spec.test.ts",
                  "file": "/test/ckb.spec.test.ts",
                  "beforeHooks": [],
                  "afterHooks": [],
                  "tests": [
                    {
                      "title": "subscribe,should failed",
                      "fullTitle": "Ckb Node Rpc check Tests publicApp-PUDGE(0.119.0-rc2 (a0a9e7b 2024-10-22)) Subscription subscribe,should failed",
                      "timedOut": false,
                      "duration": 383,
                      "state": "passed",
                      "speed": "slow",
                      "pass": true,
                      "fail": false,
                      "pending": false,
                      "context": null,
                      "code": "return __awaiter(_this, void 0, void 0, function () {\n                    return __generator(this, function (_a) {\n                        switch (_a.label) {\n                            case 0: return [4 /*yield*/, ckbRequestTest(this.ctx, request(1, config.rpc, \"subscribe\", [\"new_tip_header\"]), config)];\n                            case 1:\n                                _a.sent();\n                                return [2 /*return*/];\n                        }\n                    });\n                });",
                      "err": {},
                      "uuid": "1afdaf21-ab07-4ee3-bcf5-a52a406f09ed",
                      "parentUUID": "faa1d8e9-109c-4bb9-91be-90cd37a2c9d2",
                      "isHook": false,
                      "skipped": false
                    },
                    {
                      "title": "unsubscribe",
                      "fullTitle": "Ckb Node Rpc check Tests publicApp-PUDGE(0.119.0-rc2 (a0a9e7b 2024-10-22)) Subscription unsubscribe",
                      "timedOut": false,
                      "duration": 0,
                      "state": "pending",
                      "speed": null,
                      "pass": false,
                      "fail": false,
                      "pending": true,
                      "context": null,
                      "code": "",
                      "err": {},
                      "uuid": "7115f629-9a68-48ae-84c3-0d510d957cf5",
                      "parentUUID": "faa1d8e9-109c-4bb9-91be-90cd37a2c9d2",
                      "isHook": false,
                      "skipped": false
                    }
                  ],
                  "suites": [],
                  "passes": [
                    "1afdaf21-ab07-4ee3-bcf5-a52a406f09ed"
                  ],
                  "failures": [],
                  "pending": [
                    "7115f629-9a68-48ae-84c3-0d510d957cf5"
                  ],
                  "skipped": [],
                  "duration": 383,
                  "root": false,
                  "rootEmpty": false,
                  "_timeout": 100000000
                }
              ],
              "passes": [],
              "failures": [],
              "pending": [],
              "skipped": [],
              "duration": 0,
              "root": false,
              "rootEmpty": false,
              "_timeout": 100000000
            }
          ],
          "passes": [],
          "failures": [],
          "pending": [],
          "skipped": [],
          "duration": 0,
          "root": false,
          "rootEmpty": false,
          "_timeout": 100000000
        }
      ],
      "passes": [],
      "failures": [],
      "pending": [],
      "skipped": [],
      "duration": 0,
      "root": true,
      "rootEmpty": true,
      "_timeout": 2000
    }
  ],
  "meta": {
    "mocha": {
      "version": "9.2.2"
    },
    "mochawesome": {
      "options": {
        "quiet": false,
        "reportFilename": "mochawesome",
        "saveHtml": true,
        "saveJson": true,
        "consoleReporter": "spec",
        "useInlineDiffs": false,
        "code": true
      },
      "version": "7.1.3"
    },
    "marge": {
      "options": null,
      "version": "6.2.0"
    }
  }
}