{
  "stats": {
    "suites": 51,
    "tests": 245,
    "passes": 225,
    "pending": 20,
    "failures": 0,
    "start": "2024-05-01T02:07:08.103Z",
    "end": "2024-05-01T02:08:42.871Z",
    "duration": 94768,
    "testsRegistered": 245,
    "passPercent": 100,
    "pendingPercent": 8.16326530612245,
    "other": 0,
    "hasOther": false,
    "skipped": 0,
    "hasSkipped": false
  },
  "results": [
    {
      "uuid": "d458f5b3-20cf-4383-b6a4-bfdc254f84b0",
      "title": "",
      "fullFile": "/home/runner/work/CkbGuardian/CkbGuardian/ckb/test/ckb.spec.test.ts",
      "file": "/test/ckb.spec.test.ts",
      "beforeHooks": [],
      "afterHooks": [],
      "tests": [],
      "suites": [
        {
          "uuid": "037145f0-a878-4e80-9b6d-b45965f5f357",
          "title": "Ckb Node Rpc check Tests",
          "fullFile": "/home/runner/work/CkbGuardian/CkbGuardian/ckb/test/ckb.spec.test.ts",
          "file": "/test/ckb.spec.test.ts",
          "beforeHooks": [
            {
              "title": "\"before all\" hook in \"Ckb Node Rpc check Tests\"",
              "fullTitle": "Ckb Node Rpc check Tests \"before all\" hook in \"Ckb Node Rpc check Tests\"",
              "timedOut": false,
              "duration": 507,
              "state": null,
              "speed": null,
              "pass": false,
              "fail": false,
              "pending": false,
              "context": null,
              "code": "return __awaiter(_this, void 0, void 0, function () {\n            var version;\n            return __generator(this, function (_a) {\n                switch (_a.label) {\n                    case 0: return [4 /*yield*/, getCkbVersion(TestCkBkbClient)];\n                    case 1:\n                        version = _a.sent();\n                        this.suites[idx].title = this.suites[idx].title + \"(\" + version + \")\";\n                        idx++;\n                        return [2 /*return*/];\n                }\n            });\n        });",
              "err": {},
              "uuid": "005f1f5a-7a7a-4315-a465-7abc1076c073",
              "parentUUID": "037145f0-a878-4e80-9b6d-b45965f5f357",
              "isHook": true,
              "skipped": false
            },
            {
              "title": "\"before all\" hook in \"Ckb Node Rpc check Tests\"",
              "fullTitle": "Ckb Node Rpc check Tests \"before all\" hook in \"Ckb Node Rpc check Tests\"",
              "timedOut": false,
              "duration": 451,
              "state": null,
              "speed": null,
              "pass": false,
              "fail": false,
              "pending": false,
              "context": null,
              "code": "return __awaiter(_this, void 0, void 0, function () {\n            var version;\n            return __generator(this, function (_a) {\n                switch (_a.label) {\n                    case 0: return [4 /*yield*/, getCkbVersion(TestCkBkbClient)];\n                    case 1:\n                        version = _a.sent();\n                        this.suites[idx].title = this.suites[idx].title + \"(\" + version + \")\";\n                        idx++;\n                        return [2 /*return*/];\n                }\n            });\n        });",
              "err": {},
              "uuid": "e33213d6-4f8d-4299-8107-a854a6ebe547",
              "parentUUID": "037145f0-a878-4e80-9b6d-b45965f5f357",
              "isHook": true,
              "skipped": false
            },
            {
              "title": "\"before all\" hook in \"Ckb Node Rpc check Tests\"",
              "fullTitle": "Ckb Node Rpc check Tests \"before all\" hook in \"Ckb Node Rpc check Tests\"",
              "timedOut": false,
              "duration": 390,
              "state": null,
              "speed": null,
              "pass": false,
              "fail": false,
              "pending": false,
              "context": null,
              "code": "return __awaiter(_this, void 0, void 0, function () {\n            var version;\n            return __generator(this, function (_a) {\n                switch (_a.label) {\n                    case 0: return [4 /*yield*/, getCkbVersion(TestCkBkbClient)];\n                    case 1:\n                        version = _a.sent();\n                        this.suites[idx].title = this.suites[idx].title + \"(\" + version + \")\";\n                        idx++;\n                        return [2 /*return*/];\n                }\n            });\n        });",
              "err": {},
              "uuid": "3ad1910a-07ab-4432-8b61-36e9f1da1d54",
              "parentUUID": "037145f0-a878-4e80-9b6d-b45965f5f357",
              "isHook": true,
              "skipped": false
            },
            {
              "title": "\"before all\" hook in \"Ckb Node Rpc check Tests\"",
              "fullTitle": "Ckb Node Rpc check Tests \"before all\" hook in \"Ckb Node Rpc check Tests\"",
              "timedOut": false,
              "duration": 365,
              "state": null,
              "speed": null,
              "pass": false,
              "fail": false,
              "pending": false,
              "context": null,
              "code": "return __awaiter(_this, void 0, void 0, function () {\n            var version;\n            return __generator(this, function (_a) {\n                switch (_a.label) {\n                    case 0: return [4 /*yield*/, getCkbVersion(TestCkBkbClient)];\n                    case 1:\n                        version = _a.sent();\n                        this.suites[idx].title = this.suites[idx].title + \"(\" + version + \")\";\n                        idx++;\n                        return [2 /*return*/];\n                }\n            });\n        });",
              "err": {},
              "uuid": "cf753a7a-de69-437b-8d69-85fe00f3e99d",
              "parentUUID": "037145f0-a878-4e80-9b6d-b45965f5f357",
              "isHook": true,
              "skipped": false
            },
            {
              "title": "\"before all\" hook in \"Ckb Node Rpc check Tests\"",
              "fullTitle": "Ckb Node Rpc check Tests \"before all\" hook in \"Ckb Node Rpc check Tests\"",
              "timedOut": false,
              "duration": 338,
              "state": null,
              "speed": null,
              "pass": false,
              "fail": false,
              "pending": false,
              "context": null,
              "code": "return __awaiter(_this, void 0, void 0, function () {\n            var version;\n            return __generator(this, function (_a) {\n                switch (_a.label) {\n                    case 0: return [4 /*yield*/, getCkbVersion(TestCkBkbClient)];\n                    case 1:\n                        version = _a.sent();\n                        this.suites[idx].title = this.suites[idx].title + \"(\" + version + \")\";\n                        idx++;\n                        return [2 /*return*/];\n                }\n            });\n        });",
              "err": {},
              "uuid": "f19f60e5-0198-4392-88f0-761cc3b53318",
              "parentUUID": "037145f0-a878-4e80-9b6d-b45965f5f357",
              "isHook": true,
              "skipped": false
            }
          ],
          "afterHooks": [],
          "tests": [],
          "suites": [
            {
              "uuid": "6b6280b4-fb0c-4ce2-9968-34269fbedd0e",
              "title": "public-MIRANA(0.115.0 (d845cbf 2024-04-01))",
              "fullFile": "/home/runner/work/CkbGuardian/CkbGuardian/ckb/test/ckb.spec.test.ts",
              "file": "/test/ckb.spec.test.ts",
              "beforeHooks": [],
              "afterHooks": [],
              "tests": [],
              "suites": [
                {
                  "uuid": "6a170c5e-d7bf-4af8-a2c6-36952f48ed6e",
                  "title": "Chain",
                  "fullFile": "/home/runner/work/CkbGuardian/CkbGuardian/ckb/test/ckb.spec.test.ts",
                  "file": "/test/ckb.spec.test.ts",
                  "beforeHooks": [],
                  "afterHooks": [],
                  "tests": [
                    {
                      "title": "get_block",
                      "fullTitle": "Ckb Node Rpc check Tests public-MIRANA(0.115.0 (d845cbf 2024-04-01)) Chain get_block",
                      "timedOut": false,
                      "duration": 453,
                      "state": "passed",
                      "speed": "slow",
                      "pass": true,
                      "fail": false,
                      "pending": false,
                      "context": null,
                      "code": "return __awaiter(_this, void 0, void 0, function () {\n                    return __generator(this, function (_a) {\n                        switch (_a.label) {\n                            case 0: return [4 /*yield*/, ckbRequestTest(this.ctx, TestCkBkbClient.getBlock(\"0xb2671d3cc16b7738bbc8902ef11322bc2bfe7c54f5ce4a5cdfdf57b1a02fcb11\"), config)];\n                            case 1:\n                                _a.sent();\n                                return [2 /*return*/];\n                        }\n                    });\n                });",
                      "err": {},
                      "uuid": "c485f16e-cba6-4775-9257-ec94c659dc77",
                      "parentUUID": "6a170c5e-d7bf-4af8-a2c6-36952f48ed6e",
                      "isHook": false,
                      "skipped": false
                    },
                    {
                      "title": "get_block_by_number",
                      "fullTitle": "Ckb Node Rpc check Tests public-MIRANA(0.115.0 (d845cbf 2024-04-01)) Chain get_block_by_number",
                      "timedOut": false,
                      "duration": 681,
                      "state": "passed",
                      "speed": "slow",
                      "pass": true,
                      "fail": false,
                      "pending": false,
                      "context": null,
                      "code": "return __awaiter(_this, void 0, void 0, function () {\n                    return __generator(this, function (_a) {\n                        switch (_a.label) {\n                            case 0: return [4 /*yield*/, ckbRequestTest(this.ctx, TestCkBkbClient.getBlockByNumber(\"0x400\"), config)];\n                            case 1:\n                                _a.sent();\n                                return [2 /*return*/];\n                        }\n                    });\n                });",
                      "err": {},
                      "uuid": "9d6c0b9f-5f40-4ddc-b2f5-524f0ec02da8",
                      "parentUUID": "6a170c5e-d7bf-4af8-a2c6-36952f48ed6e",
                      "isHook": false,
                      "skipped": false
                    },
                    {
                      "title": "get_header",
                      "fullTitle": "Ckb Node Rpc check Tests public-MIRANA(0.115.0 (d845cbf 2024-04-01)) Chain get_header",
                      "timedOut": false,
                      "duration": 402,
                      "state": "passed",
                      "speed": "slow",
                      "pass": true,
                      "fail": false,
                      "pending": false,
                      "context": null,
                      "code": "return __awaiter(_this, void 0, void 0, function () {\n                    return __generator(this, function (_a) {\n                        switch (_a.label) {\n                            case 0: return [4 /*yield*/, ckbRequestTest(this.ctx, TestCkBkbClient.getHeader(\"0xb2671d3cc16b7738bbc8902ef11322bc2bfe7c54f5ce4a5cdfdf57b1a02fcb11\"), config)];\n                            case 1:\n                                _a.sent();\n                                return [2 /*return*/];\n                        }\n                    });\n                });",
                      "err": {},
                      "uuid": "5b1d728c-4c0f-4d9a-8557-47b4ebf1caf9",
                      "parentUUID": "6a170c5e-d7bf-4af8-a2c6-36952f48ed6e",
                      "isHook": false,
                      "skipped": false
                    },
                    {
                      "title": "get_header_by_number",
                      "fullTitle": "Ckb Node Rpc check Tests public-MIRANA(0.115.0 (d845cbf 2024-04-01)) Chain get_header_by_number",
                      "timedOut": false,
                      "duration": 225,
                      "state": "passed",
                      "speed": "slow",
                      "pass": true,
                      "fail": false,
                      "pending": false,
                      "context": null,
                      "code": "return __awaiter(_this, void 0, void 0, function () {\n                    return __generator(this, function (_a) {\n                        switch (_a.label) {\n                            case 0: return [4 /*yield*/, ckbRequestTest(this.ctx, TestCkBkbClient.getHeaderByNumber(\"0x400\"), config)];\n                            case 1:\n                                _a.sent();\n                                return [2 /*return*/];\n                        }\n                    });\n                });",
                      "err": {},
                      "uuid": "03499e59-96db-4852-ae23-6fcb5c83f0b7",
                      "parentUUID": "6a170c5e-d7bf-4af8-a2c6-36952f48ed6e",
                      "isHook": false,
                      "skipped": false
                    },
                    {
                      "title": "get_block_filter",
                      "fullTitle": "Ckb Node Rpc check Tests public-MIRANA(0.115.0 (d845cbf 2024-04-01)) Chain get_block_filter",
                      "timedOut": false,
                      "duration": 395,
                      "state": "passed",
                      "speed": "slow",
                      "pass": true,
                      "fail": false,
                      "pending": false,
                      "context": null,
                      "code": "return __awaiter(_this, void 0, void 0, function () {\n                    return __generator(this, function (_a) {\n                        switch (_a.label) {\n                            case 0: return [4 /*yield*/, ckbRequestTest(this.ctx, request(1, config.rpc, \"get_block_filter\", [\"0xb2671d3cc16b7738bbc8902ef11322bc2bfe7c54f5ce4a5cdfdf57b1a02fcb11\"]), config)];\n                            case 1:\n                                _a.sent();\n                                return [2 /*return*/];\n                        }\n                    });\n                });",
                      "err": {},
                      "uuid": "6c6ceba9-9685-44fe-9b59-84471d367167",
                      "parentUUID": "6a170c5e-d7bf-4af8-a2c6-36952f48ed6e",
                      "isHook": false,
                      "skipped": false
                    },
                    {
                      "title": "get_transaction",
                      "fullTitle": "Ckb Node Rpc check Tests public-MIRANA(0.115.0 (d845cbf 2024-04-01)) Chain get_transaction",
                      "timedOut": false,
                      "duration": 373,
                      "state": "passed",
                      "speed": "slow",
                      "pass": true,
                      "fail": false,
                      "pending": false,
                      "context": null,
                      "code": "return __awaiter(_this, void 0, void 0, function () {\n                    return __generator(this, function (_a) {\n                        switch (_a.label) {\n                            case 0: return [4 /*yield*/, ckbRequestTest(this.ctx, TestCkBkbClient.getTransaction(\"0x037dafd7f9c6f742e8c9f225191b441b0b5c4e8b3c1e87c29a2f2ec2fbbf6934\"), config)];\n                            case 1:\n                                _a.sent();\n                                return [2 /*return*/];\n                        }\n                    });\n                });",
                      "err": {},
                      "uuid": "5db679ed-fdd9-4f8b-bfc8-e07cd62a71af",
                      "parentUUID": "6a170c5e-d7bf-4af8-a2c6-36952f48ed6e",
                      "isHook": false,
                      "skipped": false
                    },
                    {
                      "title": "get_block_hash",
                      "fullTitle": "Ckb Node Rpc check Tests public-MIRANA(0.115.0 (d845cbf 2024-04-01)) Chain get_block_hash",
                      "timedOut": false,
                      "duration": 210,
                      "state": "passed",
                      "speed": "slow",
                      "pass": true,
                      "fail": false,
                      "pending": false,
                      "context": null,
                      "code": "return __awaiter(_this, void 0, void 0, function () {\n                    return __generator(this, function (_a) {\n                        switch (_a.label) {\n                            case 0: return [4 /*yield*/, ckbRequestTest(this.ctx, TestCkBkbClient.getBlockHash(\"0x400\"), config)];\n                            case 1:\n                                _a.sent();\n                                return [2 /*return*/];\n                        }\n                    });\n                });",
                      "err": {},
                      "uuid": "7c05c8cf-bec0-47b3-94c6-4b94014af8e5",
                      "parentUUID": "6a170c5e-d7bf-4af8-a2c6-36952f48ed6e",
                      "isHook": false,
                      "skipped": false
                    },
                    {
                      "title": "get_tip_header",
                      "fullTitle": "Ckb Node Rpc check Tests public-MIRANA(0.115.0 (d845cbf 2024-04-01)) Chain get_tip_header",
                      "timedOut": false,
                      "duration": 391,
                      "state": "passed",
                      "speed": "slow",
                      "pass": true,
                      "fail": false,
                      "pending": false,
                      "context": null,
                      "code": "return __awaiter(_this, void 0, void 0, function () {\n                    return __generator(this, function (_a) {\n                        switch (_a.label) {\n                            case 0: return [4 /*yield*/, ckbRequestTest(this.ctx, TestCkBkbClient.getTipHeader(), config)];\n                            case 1:\n                                _a.sent();\n                                return [2 /*return*/];\n                        }\n                    });\n                });",
                      "err": {},
                      "uuid": "98f1981c-e42b-402b-ab25-a8a990ec4ba9",
                      "parentUUID": "6a170c5e-d7bf-4af8-a2c6-36952f48ed6e",
                      "isHook": false,
                      "skipped": false
                    },
                    {
                      "title": "get_live_cell",
                      "fullTitle": "Ckb Node Rpc check Tests public-MIRANA(0.115.0 (d845cbf 2024-04-01)) Chain get_live_cell",
                      "timedOut": false,
                      "duration": 379,
                      "state": "passed",
                      "speed": "slow",
                      "pass": true,
                      "fail": false,
                      "pending": false,
                      "context": null,
                      "code": "return __awaiter(_this, void 0, void 0, function () {\n                    return __generator(this, function (_a) {\n                        switch (_a.label) {\n                            case 0: return [4 /*yield*/, ckbRequestTest(this.ctx, TestCkBkbClient.getLiveCell({\n                                    \"index\": \"0x0\",\n                                    \"txHash\": \"0x037dafd7f9c6f742e8c9f225191b441b0b5c4e8b3c1e87c29a2f2ec2fbbf6934\"\n                                }, true), config)];\n                            case 1:\n                                _a.sent();\n                                return [2 /*return*/];\n                        }\n                    });\n                });",
                      "err": {},
                      "uuid": "4e1633f6-ba19-41e0-88f6-2d39f208ebd7",
                      "parentUUID": "6a170c5e-d7bf-4af8-a2c6-36952f48ed6e",
                      "isHook": false,
                      "skipped": false
                    },
                    {
                      "title": "get_tip_block_number",
                      "fullTitle": "Ckb Node Rpc check Tests public-MIRANA(0.115.0 (d845cbf 2024-04-01)) Chain get_tip_block_number",
                      "timedOut": false,
                      "duration": 381,
                      "state": "passed",
                      "speed": "slow",
                      "pass": true,
                      "fail": false,
                      "pending": false,
                      "context": null,
                      "code": "return __awaiter(_this, void 0, void 0, function () {\n                    return __generator(this, function (_a) {\n                        switch (_a.label) {\n                            case 0: return [4 /*yield*/, ckbRequestTest(this.ctx, TestCkBkbClient.getTipBlockNumber(), config)];\n                            case 1:\n                                _a.sent();\n                                return [2 /*return*/];\n                        }\n                    });\n                });",
                      "err": {},
                      "uuid": "5f7a7e36-d12d-4bfd-80f5-f6ce92595ce5",
                      "parentUUID": "6a170c5e-d7bf-4af8-a2c6-36952f48ed6e",
                      "isHook": false,
                      "skipped": false
                    },
                    {
                      "title": "get_current_epoch",
                      "fullTitle": "Ckb Node Rpc check Tests public-MIRANA(0.115.0 (d845cbf 2024-04-01)) Chain get_current_epoch",
                      "timedOut": false,
                      "duration": 380,
                      "state": "passed",
                      "speed": "slow",
                      "pass": true,
                      "fail": false,
                      "pending": false,
                      "context": null,
                      "code": "return __awaiter(_this, void 0, void 0, function () {\n                    return __generator(this, function (_a) {\n                        switch (_a.label) {\n                            case 0: return [4 /*yield*/, ckbRequestTest(this.ctx, TestCkBkbClient.getCurrentEpoch(), config)];\n                            case 1:\n                                _a.sent();\n                                return [2 /*return*/];\n                        }\n                    });\n                });",
                      "err": {},
                      "uuid": "62a62173-22bf-4386-a28a-82de41c09066",
                      "parentUUID": "6a170c5e-d7bf-4af8-a2c6-36952f48ed6e",
                      "isHook": false,
                      "skipped": false
                    },
                    {
                      "title": "get_epoch_by_number",
                      "fullTitle": "Ckb Node Rpc check Tests public-MIRANA(0.115.0 (d845cbf 2024-04-01)) Chain get_epoch_by_number",
                      "timedOut": false,
                      "duration": 364,
                      "state": "passed",
                      "speed": "slow",
                      "pass": true,
                      "fail": false,
                      "pending": false,
                      "context": null,
                      "code": "return __awaiter(_this, void 0, void 0, function () {\n                    return __generator(this, function (_a) {\n                        switch (_a.label) {\n                            case 0: return [4 /*yield*/, ckbRequestTest(this.ctx, TestCkBkbClient.getEpochByNumber(\"0x0\"), config)];\n                            case 1:\n                                _a.sent();\n                                return [2 /*return*/];\n                        }\n                    });\n                });",
                      "err": {},
                      "uuid": "3eaf1a85-b3bc-430b-a4bc-3d97e20baae5",
                      "parentUUID": "6a170c5e-d7bf-4af8-a2c6-36952f48ed6e",
                      "isHook": false,
                      "skipped": false
                    },
                    {
                      "title": "get_block_economic_state",
                      "fullTitle": "Ckb Node Rpc check Tests public-MIRANA(0.115.0 (d845cbf 2024-04-01)) Chain get_block_economic_state",
                      "timedOut": false,
                      "duration": 475,
                      "state": "passed",
                      "speed": "slow",
                      "pass": true,
                      "fail": false,
                      "pending": false,
                      "context": null,
                      "code": "return __awaiter(_this, void 0, void 0, function () {\n                    return __generator(this, function (_a) {\n                        switch (_a.label) {\n                            case 0: return [4 /*yield*/, ckbRequestTest(this.ctx, TestCkBkbClient.getBlockEconomicState(\"0xb2671d3cc16b7738bbc8902ef11322bc2bfe7c54f5ce4a5cdfdf57b1a02fcb11\"), config)];\n                            case 1:\n                                _a.sent();\n                                return [2 /*return*/];\n                        }\n                    });\n                });",
                      "err": {},
                      "uuid": "5febbd94-f06d-4646-b71d-5105dd1c7aed",
                      "parentUUID": "6a170c5e-d7bf-4af8-a2c6-36952f48ed6e",
                      "isHook": false,
                      "skipped": false
                    },
                    {
                      "title": "get_transaction_proof",
                      "fullTitle": "Ckb Node Rpc check Tests public-MIRANA(0.115.0 (d845cbf 2024-04-01)) Chain get_transaction_proof",
                      "timedOut": false,
                      "duration": 1745,
                      "state": "passed",
                      "speed": "slow",
                      "pass": true,
                      "fail": false,
                      "pending": false,
                      "context": null,
                      "code": "return __awaiter(_this, void 0, void 0, function () {\n                    var block;\n                    return __generator(this, function (_a) {\n                        switch (_a.label) {\n                            case 0: return [4 /*yield*/, TestCkBkbClient.getBlockByNumber(\"0x0\")];\n                            case 1:\n                                block = _a.sent();\n                                return [4 /*yield*/, ckbRequestTest(this.ctx, TestCkBkbClient.getTransactionProof(block.transactions.map(function (tx) { return tx.hash; })), config)];\n                            case 2:\n                                _a.sent();\n                                return [2 /*return*/];\n                        }\n                    });\n                });",
                      "err": {},
                      "uuid": "6b20ad62-527a-4764-b139-1e5a6223b0ba",
                      "parentUUID": "6a170c5e-d7bf-4af8-a2c6-36952f48ed6e",
                      "isHook": false,
                      "skipped": false
                    },
                    {
                      "title": "verify_transaction_proof",
                      "fullTitle": "Ckb Node Rpc check Tests public-MIRANA(0.115.0 (d845cbf 2024-04-01)) Chain verify_transaction_proof",
                      "timedOut": false,
                      "duration": 2141,
                      "state": "passed",
                      "speed": "slow",
                      "pass": true,
                      "fail": false,
                      "pending": false,
                      "context": null,
                      "code": "return __awaiter(_this, void 0, void 0, function () {\n                    var block, proof;\n                    return __generator(this, function (_a) {\n                        switch (_a.label) {\n                            case 0: return [4 /*yield*/, TestCkBkbClient.getBlockByNumber(\"0x0\")];\n                            case 1:\n                                block = _a.sent();\n                                return [4 /*yield*/, TestCkBkbClient.getTransactionProof(block.transactions.map(function (tx) { return tx.hash; }))];\n                            case 2:\n                                proof = _a.sent();\n                                return [4 /*yield*/, ckbRequestTest(this.ctx, TestCkBkbClient.verifyTransactionProof(proof), config)];\n                            case 3:\n                                _a.sent();\n                                return [2 /*return*/];\n                        }\n                    });\n                });",
                      "err": {},
                      "uuid": "b49aea4b-d54b-45a8-adf6-992b27686a24",
                      "parentUUID": "6a170c5e-d7bf-4af8-a2c6-36952f48ed6e",
                      "isHook": false,
                      "skipped": false
                    },
                    {
                      "title": "get_consensus",
                      "fullTitle": "Ckb Node Rpc check Tests public-MIRANA(0.115.0 (d845cbf 2024-04-01)) Chain get_consensus",
                      "timedOut": false,
                      "duration": 374,
                      "state": "passed",
                      "speed": "slow",
                      "pass": true,
                      "fail": false,
                      "pending": false,
                      "context": null,
                      "code": "return __awaiter(_this, void 0, void 0, function () {\n                    return __generator(this, function (_a) {\n                        switch (_a.label) {\n                            case 0: return [4 /*yield*/, ckbRequestTest(this.ctx, request(1, config.rpc, \"get_consensus\", []), config)];\n                            case 1:\n                                _a.sent();\n                                return [2 /*return*/];\n                        }\n                    });\n                });",
                      "err": {},
                      "uuid": "99aa4910-91c8-4099-aeaf-ffb44033086f",
                      "parentUUID": "6a170c5e-d7bf-4af8-a2c6-36952f48ed6e",
                      "isHook": false,
                      "skipped": false
                    },
                    {
                      "title": "get_block_median_time",
                      "fullTitle": "Ckb Node Rpc check Tests public-MIRANA(0.115.0 (d845cbf 2024-04-01)) Chain get_block_median_time",
                      "timedOut": false,
                      "duration": 256,
                      "state": "passed",
                      "speed": "slow",
                      "pass": true,
                      "fail": false,
                      "pending": false,
                      "context": null,
                      "code": "return __awaiter(_this, void 0, void 0, function () {\n                    return __generator(this, function (_a) {\n                        switch (_a.label) {\n                            case 0: return [4 /*yield*/, ckbRequestTest(this.ctx, request(1, config.rpc, \"get_block_median_time\", [\"0xb3c5b9789dff3821e298a62e6cc4060accb19ed2558f988a8826573252b9ae20\"]), config)];\n                            case 1:\n                                _a.sent();\n                                return [2 /*return*/];\n                        }\n                    });\n                });",
                      "err": {},
                      "uuid": "90027a8d-a0c6-4ee6-b606-f3f37de551ae",
                      "parentUUID": "6a170c5e-d7bf-4af8-a2c6-36952f48ed6e",
                      "isHook": false,
                      "skipped": false
                    },
                    {
                      "title": "estimate_cycles",
                      "fullTitle": "Ckb Node Rpc check Tests public-MIRANA(0.115.0 (d845cbf 2024-04-01)) Chain estimate_cycles",
                      "timedOut": false,
                      "duration": 204,
                      "state": "passed",
                      "speed": "slow",
                      "pass": true,
                      "fail": false,
                      "pending": false,
                      "context": null,
                      "code": "return __awaiter(_this, void 0, void 0, function () {\n                    function test() {\n                        return __awaiter(this, void 0, void 0, function () {\n                            var response, e_1;\n                            return __generator(this, function (_a) {\n                                switch (_a.label) {\n                                    case 0:\n                                        _a.trys.push([0, 2, , 3]);\n                                        return [4 /*yield*/, request(1, config.rpc, \"estimate_cycles\", [\n                                                {\n                                                    \"cell_deps\": [\n                                                        {\n                                                            \"dep_type\": \"code\",\n                                                            \"out_point\": {\n                                                                \"index\": \"0x0\",\n                                                                \"tx_hash\": \"0xa4037a893eb48e18ed4ef61034ce26eba9c585f15c9cee102ae58505565eccc3\"\n                                                            }\n                                                        }\n                                                    ],\n                                                    \"header_deps\": [\n                                                        \"0x7978ec7ce5b507cfb52e149e36b1a23f6062ed150503c85bbf825da3599095ed\"\n                                                    ],\n                                                    \"inputs\": [\n                                                        {\n                                                            \"previous_output\": {\n                                                                \"index\": \"0x0\",\n                                                                \"tx_hash\": \"0x365698b50ca0da75dca2c87f9e7b563811d3b5813736b8cc62cc3b106faceb17\"\n                                                            },\n                                                            \"since\": \"0x0\"\n                                                        }\n                                                    ],\n                                                    \"outputs\": [\n                                                        {\n                                                            \"capacity\": \"0x2540be400\",\n                                                            \"lock\": {\n                                                                \"code_hash\": \"0x28e83a1277d48add8e72fadaa9248559e1b632bab2bd60b27955ebc4c03800a5\",\n                                                                \"hash_type\": \"data\",\n                                                                \"args\": \"0x\"\n                                                            },\n                                                            \"type\": null\n                                                        }\n                                                    ],\n                                                    \"outputs_data\": [\n                                                        \"0x\"\n                                                    ],\n                                                    \"version\": \"0x0\",\n                                                    \"witnesses\": []\n                                                }\n                                            ])];\n                                    case 1:\n                                        response = _a.sent();\n                                        console.log(\"response1:\", response);\n                                        return [3 /*break*/, 3];\n                                    case 2:\n                                        e_1 = _a.sent();\n                                        chai_1.expect(e_1.toString()).to.be.include(\"TransactionFailedToResolve\");\n                                        return [2 /*return*/];\n                                    case 3:\n                                        chai_1.expect.fail(\"failed\");\n                                        return [2 /*return*/];\n                                }\n                            });\n                        });\n                    }\n                    return __generator(this, function (_a) {\n                        switch (_a.label) {\n                            case 0: return [4 /*yield*/, ckbRequestTest(this.ctx, test(), config)];\n                            case 1:\n                                _a.sent();\n                                return [2 /*return*/];\n                        }\n                    });\n                });",
                      "err": {},
                      "uuid": "93dafe3f-a3be-44df-9b51-6bc7eff0a3d8",
                      "parentUUID": "6a170c5e-d7bf-4af8-a2c6-36952f48ed6e",
                      "isHook": false,
                      "skipped": false
                    },
                    {
                      "title": "get_fee_rate_statics",
                      "fullTitle": "Ckb Node Rpc check Tests public-MIRANA(0.115.0 (d845cbf 2024-04-01)) Chain get_fee_rate_statics",
                      "timedOut": false,
                      "duration": 380,
                      "state": "passed",
                      "speed": "slow",
                      "pass": true,
                      "fail": false,
                      "pending": false,
                      "context": null,
                      "code": "return __awaiter(_this, void 0, void 0, function () {\n                    return __generator(this, function (_a) {\n                        switch (_a.label) {\n                            case 0: return [4 /*yield*/, ckbRequestTest(this.ctx, request(1, config.rpc, \"get_fee_rate_statics\", []), config)];\n                            case 1:\n                                _a.sent();\n                                return [2 /*return*/];\n                        }\n                    });\n                });",
                      "err": {},
                      "uuid": "b0f2ea0c-411f-4326-8c16-81d49a79a22a",
                      "parentUUID": "6a170c5e-d7bf-4af8-a2c6-36952f48ed6e",
                      "isHook": false,
                      "skipped": false
                    }
                  ],
                  "suites": [],
                  "passes": [
                    "c485f16e-cba6-4775-9257-ec94c659dc77",
                    "9d6c0b9f-5f40-4ddc-b2f5-524f0ec02da8",
                    "5b1d728c-4c0f-4d9a-8557-47b4ebf1caf9",
                    "03499e59-96db-4852-ae23-6fcb5c83f0b7",
                    "6c6ceba9-9685-44fe-9b59-84471d367167",
                    "5db679ed-fdd9-4f8b-bfc8-e07cd62a71af",
                    "7c05c8cf-bec0-47b3-94c6-4b94014af8e5",
                    "98f1981c-e42b-402b-ab25-a8a990ec4ba9",
                    "4e1633f6-ba19-41e0-88f6-2d39f208ebd7",
                    "5f7a7e36-d12d-4bfd-80f5-f6ce92595ce5",
                    "62a62173-22bf-4386-a28a-82de41c09066",
                    "3eaf1a85-b3bc-430b-a4bc-3d97e20baae5",
                    "5febbd94-f06d-4646-b71d-5105dd1c7aed",
                    "6b20ad62-527a-4764-b139-1e5a6223b0ba",
                    "b49aea4b-d54b-45a8-adf6-992b27686a24",
                    "99aa4910-91c8-4099-aeaf-ffb44033086f",
                    "90027a8d-a0c6-4ee6-b606-f3f37de551ae",
                    "93dafe3f-a3be-44df-9b51-6bc7eff0a3d8",
                    "b0f2ea0c-411f-4326-8c16-81d49a79a22a"
                  ],
                  "failures": [],
                  "pending": [],
                  "skipped": [],
                  "duration": 10209,
                  "root": false,
                  "rootEmpty": false,
                  "_timeout": 1000000
                },
                {
                  "uuid": "bf82ff4c-bbe2-43a7-8aa7-6d9396d331a9",
                  "title": "Experiment",
                  "fullFile": "/home/runner/work/CkbGuardian/CkbGuardian/ckb/test/ckb.spec.test.ts",
                  "file": "/test/ckb.spec.test.ts",
                  "beforeHooks": [],
                  "afterHooks": [],
                  "tests": [
                    {
                      "title": "calculate_dao_maximum_withdraw",
                      "fullTitle": "Ckb Node Rpc check Tests public-MIRANA(0.115.0 (d845cbf 2024-04-01)) Experiment calculate_dao_maximum_withdraw",
                      "timedOut": false,
                      "duration": 377,
                      "state": "passed",
                      "speed": "slow",
                      "pass": true,
                      "fail": false,
                      "pending": false,
                      "context": null,
                      "code": "return __awaiter(_this, void 0, void 0, function () {\n                    function test() {\n                        return __awaiter(this, void 0, void 0, function () {\n                            var e_2;\n                            return __generator(this, function (_a) {\n                                switch (_a.label) {\n                                    case 0:\n                                        _a.trys.push([0, 2, , 3]);\n                                        return [4 /*yield*/, TestCkBkbClient.calculateDaoMaximumWithdraw({\n                                                index: \"0x1\",\n                                                txHash: \"0x12e82575740ec53e0b52ce8a36e212ad62beb58d1beac997996363e0bfe3d9e5\"\n                                            }, \"0xa5f5c85987a15de25661e5a214f2c1449cd803f071acc7999820f25246471f40\")];\n                                    case 1:\n                                        _a.sent();\n                                        return [3 /*break*/, 3];\n                                    case 2:\n                                        e_2 = _a.sent();\n                                        chai_1.expect(e_2.toString()).to.be.include(\"invalid out_point\");\n                                        return [2 /*return*/];\n                                    case 3:\n                                        chai_1.expect.fail(\"failed \");\n                                        return [2 /*return*/];\n                                }\n                            });\n                        });\n                    }\n                    return __generator(this, function (_a) {\n                        switch (_a.label) {\n                            case 0: return [4 /*yield*/, ckbRequestTest(this.ctx, test(), config)];\n                            case 1:\n                                _a.sent();\n                                return [2 /*return*/];\n                        }\n                    });\n                });",
                      "err": {},
                      "uuid": "18c92577-0351-4077-9b93-fb7420522ad8",
                      "parentUUID": "bf82ff4c-bbe2-43a7-8aa7-6d9396d331a9",
                      "isHook": false,
                      "skipped": false
                    },
                    {
                      "title": "dry_run_transaction",
                      "fullTitle": "Ckb Node Rpc check Tests public-MIRANA(0.115.0 (d845cbf 2024-04-01)) Experiment dry_run_transaction",
                      "timedOut": false,
                      "duration": 213,
                      "state": "passed",
                      "speed": "slow",
                      "pass": true,
                      "fail": false,
                      "pending": false,
                      "context": null,
                      "code": "return __awaiter(_this, void 0, void 0, function () {\n                    function test() {\n                        return __awaiter(this, void 0, void 0, function () {\n                            var e_3;\n                            return __generator(this, function (_a) {\n                                switch (_a.label) {\n                                    case 0:\n                                        _a.trys.push([0, 2, , 3]);\n                                        return [4 /*yield*/, TestCkBkbClient.dryRunTransaction({\n                                                cellDeps: [\n                                                    {\n                                                        depType: \"code\",\n                                                        outPoint: {\n                                                            index: \"0x0\",\n                                                            txHash: \"0xa4037a893eb48e18ed4ef61034ce26eba9c585f15c9cee102ae58505565eccc3\"\n                                                        }\n                                                    }\n                                                ],\n                                                headerDeps: [\n                                                    \"0x7978ec7ce5b507cfb52e149e36b1a23f6062ed150503c85bbf825da3599095ed\"\n                                                ],\n                                                inputs: [\n                                                    {\n                                                        previousOutput: {\n                                                            index: \"0x0\",\n                                                            txHash: \"0x365698b50ca0da75dca2c87f9e7b563811d3b5813736b8cc62cc3b106faceb17\"\n                                                        },\n                                                        since: \"0x0\"\n                                                    }\n                                                ],\n                                                outputs: [\n                                                    {\n                                                        capacity: \"0x2540be400\",\n                                                        lock: {\n                                                            codeHash: \"0x28e83a1277d48add8e72fadaa9248559e1b632bab2bd60b27955ebc4c03800a5\",\n                                                            hashType: \"data\",\n                                                            args: \"0x\"\n                                                        },\n                                                        type: null\n                                                    }\n                                                ],\n                                                outputsData: [\n                                                    \"0x\"\n                                                ],\n                                                version: \"0x0\",\n                                                witnesses: []\n                                            })];\n                                    case 1:\n                                        _a.sent();\n                                        return [3 /*break*/, 3];\n                                    case 2:\n                                        e_3 = _a.sent();\n                                        chai_1.expect(e_3.toString()).to.be.include(\"TransactionFailedToResolve\");\n                                        return [2 /*return*/];\n                                    case 3:\n                                        chai_1.expect.fail(\"failed\");\n                                        return [2 /*return*/];\n                                }\n                            });\n                        });\n                    }\n                    return __generator(this, function (_a) {\n                        switch (_a.label) {\n                            case 0: return [4 /*yield*/, ckbRequestTest(this.ctx, test(), config)];\n                            case 1:\n                                _a.sent();\n                                return [2 /*return*/];\n                        }\n                    });\n                });",
                      "err": {},
                      "uuid": "a357d184-8523-416e-b0af-548766ec4771",
                      "parentUUID": "bf82ff4c-bbe2-43a7-8aa7-6d9396d331a9",
                      "isHook": false,
                      "skipped": false
                    }
                  ],
                  "suites": [],
                  "passes": [
                    "18c92577-0351-4077-9b93-fb7420522ad8",
                    "a357d184-8523-416e-b0af-548766ec4771"
                  ],
                  "failures": [],
                  "pending": [],
                  "skipped": [],
                  "duration": 590,
                  "root": false,
                  "rootEmpty": false,
                  "_timeout": 100000000
                },
                {
                  "uuid": "ab2ddac9-79ea-4095-96f1-9f10975d001a",
                  "title": "Alert",
                  "fullFile": "/home/runner/work/CkbGuardian/CkbGuardian/ckb/test/ckb.spec.test.ts",
                  "file": "/test/ckb.spec.test.ts",
                  "beforeHooks": [],
                  "afterHooks": [],
                  "tests": [
                    {
                      "title": "send_alert,should failed",
                      "fullTitle": "Ckb Node Rpc check Tests public-MIRANA(0.115.0 (d845cbf 2024-04-01)) Alert send_alert,should failed",
                      "timedOut": false,
                      "duration": 377,
                      "state": "passed",
                      "speed": "slow",
                      "pass": true,
                      "fail": false,
                      "pending": false,
                      "context": null,
                      "code": "return __awaiter(_this, void 0, void 0, function () {\n                    return __generator(this, function (_a) {\n                        switch (_a.label) {\n                            case 0: return [4 /*yield*/, ckbRequestTest(this.ctx, request(1, config.rpc, \"send_alert\", [\n                                    {\n                                        \"id\": \"0x1\",\n                                        \"cancel\": \"0x0\",\n                                        \"priority\": \"0x1\",\n                                        \"message\": \"An example alert message!\",\n                                        \"notice_until\": \"0x24bcca57c00\",\n                                        \"signatures\": [\n                                            \"0xbd07059aa9a3d057da294c2c4d96fa1e67eeb089837c87b523f124239e18e9fc7d11bb95b720478f7f937d073517d0e4eb9a91d12da5c88a05f750362f4c214dd0\",\n                                            \"0x0242ef40bb64fe3189284de91f981b17f4d740c5e24a3fc9b70059db6aa1d198a2e76da4f84ab37549880d116860976e0cf81cd039563c452412076ebffa2e4453\"\n                                        ]\n                                    }\n                                ]), config)];\n                            case 1:\n                                _a.sent();\n                                return [2 /*return*/];\n                        }\n                    });\n                });",
                      "err": {},
                      "uuid": "ccc21793-3a7a-41f1-a79f-b11638afa058",
                      "parentUUID": "ab2ddac9-79ea-4095-96f1-9f10975d001a",
                      "isHook": false,
                      "skipped": false
                    }
                  ],
                  "suites": [],
                  "passes": [
                    "ccc21793-3a7a-41f1-a79f-b11638afa058"
                  ],
                  "failures": [],
                  "pending": [],
                  "skipped": [],
                  "duration": 377,
                  "root": false,
                  "rootEmpty": false,
                  "_timeout": 100000000
                },
                {
                  "uuid": "6e4d1ebc-6a50-43c6-9370-2bf9add8395c",
                  "title": "Indexer",
                  "fullFile": "/home/runner/work/CkbGuardian/CkbGuardian/ckb/test/ckb.spec.test.ts",
                  "file": "/test/ckb.spec.test.ts",
                  "beforeHooks": [],
                  "afterHooks": [],
                  "tests": [
                    {
                      "title": "get_indexer_tip",
                      "fullTitle": "Ckb Node Rpc check Tests public-MIRANA(0.115.0 (d845cbf 2024-04-01)) Indexer get_indexer_tip",
                      "timedOut": false,
                      "duration": 210,
                      "state": "passed",
                      "speed": "slow",
                      "pass": true,
                      "fail": false,
                      "pending": false,
                      "context": null,
                      "code": "return __awaiter(_this, void 0, void 0, function () {\n                    return __generator(this, function (_a) {\n                        switch (_a.label) {\n                            case 0: \n                            // await request(1,)\n                            return [4 /*yield*/, ckbRequestTest(this.ctx, TestCkBkbClient.getIndexerTip(), config)];\n                            case 1:\n                                // await request(1,)\n                                _a.sent();\n                                return [2 /*return*/];\n                        }\n                    });\n                });",
                      "err": {},
                      "uuid": "055afe50-ce82-43c9-9d24-30728fad353b",
                      "parentUUID": "6e4d1ebc-6a50-43c6-9370-2bf9add8395c",
                      "isHook": false,
                      "skipped": false
                    },
                    {
                      "title": "get_cells",
                      "fullTitle": "Ckb Node Rpc check Tests public-MIRANA(0.115.0 (d845cbf 2024-04-01)) Indexer get_cells",
                      "timedOut": false,
                      "duration": 306,
                      "state": "passed",
                      "speed": "slow",
                      "pass": true,
                      "fail": false,
                      "pending": false,
                      "context": null,
                      "code": "return __awaiter(_this, void 0, void 0, function () {\n                    return __generator(this, function (_a) {\n                        switch (_a.label) {\n                            case 0: return [4 /*yield*/, ckbRequestTest(this.ctx, TestCkBkbClient.getCells({\n                                    \"script\": {\n                                        \"codeHash\": \"0x9bd7e06f3ecf4be0f2fcd2188b23f1b9fcc88e5d4b65a8637b17723bbda3cce8\",\n                                        \"hashType\": \"type\",\n                                        \"args\": \"0x5989ae415bb667931a99896e5fbbfad9ba53a223\"\n                                    },\n                                    \"scriptType\": \"lock\"\n                                }, \"asc\", \"0x64\"), config)];\n                            case 1:\n                                _a.sent();\n                                return [2 /*return*/];\n                        }\n                    });\n                });",
                      "err": {},
                      "uuid": "bb74edbf-f31a-4f94-920c-ff5a5ad8b484",
                      "parentUUID": "6e4d1ebc-6a50-43c6-9370-2bf9add8395c",
                      "isHook": false,
                      "skipped": false
                    },
                    {
                      "title": "get_transactions",
                      "fullTitle": "Ckb Node Rpc check Tests public-MIRANA(0.115.0 (d845cbf 2024-04-01)) Indexer get_transactions",
                      "timedOut": false,
                      "duration": 379,
                      "state": "passed",
                      "speed": "slow",
                      "pass": true,
                      "fail": false,
                      "pending": false,
                      "context": null,
                      "code": "return __awaiter(_this, void 0, void 0, function () {\n                    return __generator(this, function (_a) {\n                        switch (_a.label) {\n                            case 0: return [4 /*yield*/, ckbRequestTest(this.ctx, TestCkBkbClient.getTransactions({\n                                    \"script\": {\n                                        \"codeHash\": \"0x9bd7e06f3ecf4be0f2fcd2188b23f1b9fcc88e5d4b65a8637b17723bbda3cce8\",\n                                        \"hashType\": \"type\",\n                                        \"args\": \"0x5989ae415bb667931a99896e5fbbfad9ba53a223\"\n                                    },\n                                    \"scriptType\": \"lock\"\n                                }, \"asc\", \"0x64\"), config)];\n                            case 1:\n                                _a.sent();\n                                return [2 /*return*/];\n                        }\n                    });\n                });",
                      "err": {},
                      "uuid": "2a0a550e-e936-465b-8bc5-6a80a3504b53",
                      "parentUUID": "6e4d1ebc-6a50-43c6-9370-2bf9add8395c",
                      "isHook": false,
                      "skipped": false
                    },
                    {
                      "title": "get_cells_capacity",
                      "fullTitle": "Ckb Node Rpc check Tests public-MIRANA(0.115.0 (d845cbf 2024-04-01)) Indexer get_cells_capacity",
                      "timedOut": false,
                      "duration": 394,
                      "state": "passed",
                      "speed": "slow",
                      "pass": true,
                      "fail": false,
                      "pending": false,
                      "context": null,
                      "code": "return __awaiter(_this, void 0, void 0, function () {\n                    return __generator(this, function (_a) {\n                        switch (_a.label) {\n                            case 0: return [4 /*yield*/, ckbRequestTest(this.ctx, TestCkBkbClient.getCellsCapacity({\n                                    \"script\": {\n                                        \"codeHash\": \"0x9bd7e06f3ecf4be0f2fcd2188b23f1b9fcc88e5d4b65a8637b17723bbda3cce8\",\n                                        \"hashType\": \"type\",\n                                        \"args\": \"0x5989ae415bb667931a99896e5fbbfad9ba53a223\"\n                                    },\n                                    \"scriptType\": \"lock\"\n                                }), config)];\n                            case 1:\n                                _a.sent();\n                                return [2 /*return*/];\n                        }\n                    });\n                });",
                      "err": {},
                      "uuid": "4e3ab065-5585-4250-81aa-41ed7668950e",
                      "parentUUID": "6e4d1ebc-6a50-43c6-9370-2bf9add8395c",
                      "isHook": false,
                      "skipped": false
                    }
                  ],
                  "suites": [],
                  "passes": [
                    "055afe50-ce82-43c9-9d24-30728fad353b",
                    "bb74edbf-f31a-4f94-920c-ff5a5ad8b484",
                    "2a0a550e-e936-465b-8bc5-6a80a3504b53",
                    "4e3ab065-5585-4250-81aa-41ed7668950e"
                  ],
                  "failures": [],
                  "pending": [],
                  "skipped": [],
                  "duration": 1289,
                  "root": false,
                  "rootEmpty": false,
                  "_timeout": 100000000
                },
                {
                  "uuid": "d413fcdd-a051-4ae9-acb0-69aa819f1536",
                  "title": "IntegrationTest",
                  "fullFile": "/home/runner/work/CkbGuardian/CkbGuardian/ckb/test/ckb.spec.test.ts",
                  "file": "/test/ckb.spec.test.ts",
                  "beforeHooks": [],
                  "afterHooks": [],
                  "tests": [
                    {
                      "title": "process_block_without_verify",
                      "fullTitle": "Ckb Node Rpc check Tests public-MIRANA(0.115.0 (d845cbf 2024-04-01)) IntegrationTest process_block_without_verify",
                      "timedOut": false,
                      "duration": 0,
                      "state": "pending",
                      "speed": null,
                      "pass": false,
                      "fail": false,
                      "pending": true,
                      "context": null,
                      "code": "",
                      "err": {},
                      "uuid": "dbffe2a4-2831-47e1-97f7-a7878b17ac8e",
                      "parentUUID": "d413fcdd-a051-4ae9-acb0-69aa819f1536",
                      "isHook": false,
                      "skipped": false
                    },
                    {
                      "title": "truncate",
                      "fullTitle": "Ckb Node Rpc check Tests public-MIRANA(0.115.0 (d845cbf 2024-04-01)) IntegrationTest truncate",
                      "timedOut": false,
                      "duration": 0,
                      "state": "pending",
                      "speed": null,
                      "pass": false,
                      "fail": false,
                      "pending": true,
                      "context": null,
                      "code": "",
                      "err": {},
                      "uuid": "7aeb1867-104f-4fe2-a67a-400aed01e7c6",
                      "parentUUID": "d413fcdd-a051-4ae9-acb0-69aa819f1536",
                      "isHook": false,
                      "skipped": false
                    },
                    {
                      "title": "notify_transaction",
                      "fullTitle": "Ckb Node Rpc check Tests public-MIRANA(0.115.0 (d845cbf 2024-04-01)) IntegrationTest notify_transaction",
                      "timedOut": false,
                      "duration": 0,
                      "state": "pending",
                      "speed": null,
                      "pass": false,
                      "fail": false,
                      "pending": true,
                      "context": null,
                      "code": "",
                      "err": {},
                      "uuid": "0d2ba6e6-36e1-455f-a707-040447ade074",
                      "parentUUID": "d413fcdd-a051-4ae9-acb0-69aa819f1536",
                      "isHook": false,
                      "skipped": false
                    }
                  ],
                  "suites": [],
                  "passes": [],
                  "failures": [],
                  "pending": [
                    "dbffe2a4-2831-47e1-97f7-a7878b17ac8e",
                    "7aeb1867-104f-4fe2-a67a-400aed01e7c6",
                    "0d2ba6e6-36e1-455f-a707-040447ade074"
                  ],
                  "skipped": [],
                  "duration": 0,
                  "root": false,
                  "rootEmpty": false,
                  "_timeout": 100000000
                },
                {
                  "uuid": "cd15b5ad-54b0-4f2d-a11a-de7136ea34ac",
                  "title": "Net",
                  "fullFile": "/home/runner/work/CkbGuardian/CkbGuardian/ckb/test/ckb.spec.test.ts",
                  "file": "/test/ckb.spec.test.ts",
                  "beforeHooks": [],
                  "afterHooks": [],
                  "tests": [
                    {
                      "title": "local_node_info",
                      "fullTitle": "Ckb Node Rpc check Tests public-MIRANA(0.115.0 (d845cbf 2024-04-01)) Net local_node_info",
                      "timedOut": false,
                      "duration": 208,
                      "state": "passed",
                      "speed": "slow",
                      "pass": true,
                      "fail": false,
                      "pending": false,
                      "context": null,
                      "code": "return __awaiter(_this, void 0, void 0, function () {\n                    return __generator(this, function (_a) {\n                        switch (_a.label) {\n                            case 0: return [4 /*yield*/, ckbRequestTest(this.ctx, TestCkBkbClient.localNodeInfo(), config)];\n                            case 1:\n                                _a.sent();\n                                return [2 /*return*/];\n                        }\n                    });\n                });",
                      "err": {},
                      "uuid": "057d2b66-b0f0-40f7-8205-5bc0251c18df",
                      "parentUUID": "cd15b5ad-54b0-4f2d-a11a-de7136ea34ac",
                      "isHook": false,
                      "skipped": false
                    },
                    {
                      "title": "get_peers",
                      "fullTitle": "Ckb Node Rpc check Tests public-MIRANA(0.115.0 (d845cbf 2024-04-01)) Net get_peers",
                      "timedOut": false,
                      "duration": 216,
                      "state": "passed",
                      "speed": "slow",
                      "pass": true,
                      "fail": false,
                      "pending": false,
                      "context": null,
                      "code": "return __awaiter(_this, void 0, void 0, function () {\n                    return __generator(this, function (_a) {\n                        switch (_a.label) {\n                            case 0: return [4 /*yield*/, ckbRequestTest(this.ctx, TestCkBkbClient.getPeers(), config)];\n                            case 1:\n                                _a.sent();\n                                return [2 /*return*/];\n                        }\n                    });\n                });",
                      "err": {},
                      "uuid": "d6778f69-74ab-45dd-8687-1f84393420c9",
                      "parentUUID": "cd15b5ad-54b0-4f2d-a11a-de7136ea34ac",
                      "isHook": false,
                      "skipped": false
                    },
                    {
                      "title": "get_banned_addresses",
                      "fullTitle": "Ckb Node Rpc check Tests public-MIRANA(0.115.0 (d845cbf 2024-04-01)) Net get_banned_addresses",
                      "timedOut": false,
                      "duration": 372,
                      "state": "passed",
                      "speed": "slow",
                      "pass": true,
                      "fail": false,
                      "pending": false,
                      "context": null,
                      "code": "return __awaiter(_this, void 0, void 0, function () {\n                    return __generator(this, function (_a) {\n                        switch (_a.label) {\n                            case 0: return [4 /*yield*/, ckbRequestTest(this.ctx, TestCkBkbClient.getBannedAddresses(), config)];\n                            case 1:\n                                _a.sent();\n                                return [2 /*return*/];\n                        }\n                    });\n                });",
                      "err": {},
                      "uuid": "8bd39bd0-b6d8-4267-83a8-b9cde7f7315e",
                      "parentUUID": "cd15b5ad-54b0-4f2d-a11a-de7136ea34ac",
                      "isHook": false,
                      "skipped": false
                    },
                    {
                      "title": "clear_banned_addresses,should failed",
                      "fullTitle": "Ckb Node Rpc check Tests public-MIRANA(0.115.0 (d845cbf 2024-04-01)) Net clear_banned_addresses,should failed",
                      "timedOut": false,
                      "duration": 384,
                      "state": "passed",
                      "speed": "slow",
                      "pass": true,
                      "fail": false,
                      "pending": false,
                      "context": null,
                      "code": "return __awaiter(_this, void 0, void 0, function () {\n                    return __generator(this, function (_a) {\n                        switch (_a.label) {\n                            case 0: return [4 /*yield*/, ckbRequestTest(this.ctx, TestCkBkbClient.clearBannedAddresses(), config)];\n                            case 1:\n                                _a.sent();\n                                return [2 /*return*/];\n                        }\n                    });\n                });",
                      "err": {},
                      "uuid": "6f7a2f4d-8df2-4426-bfc7-40037590c141",
                      "parentUUID": "cd15b5ad-54b0-4f2d-a11a-de7136ea34ac",
                      "isHook": false,
                      "skipped": false
                    },
                    {
                      "title": "set_ban,should failed",
                      "fullTitle": "Ckb Node Rpc check Tests public-MIRANA(0.115.0 (d845cbf 2024-04-01)) Net set_ban,should failed",
                      "timedOut": false,
                      "duration": 357,
                      "state": "passed",
                      "speed": "slow",
                      "pass": true,
                      "fail": false,
                      "pending": false,
                      "context": null,
                      "code": "return __awaiter(_this, void 0, void 0, function () {\n                    return __generator(this, function (_a) {\n                        switch (_a.label) {\n                            case 0: return [4 /*yield*/, ckbRequestTest(this.ctx, TestCkBkbClient.setBan(\"192.168.0.2\", \"delete\", \"0x1ac89236180\", true, \"set_ban example\"), config)];\n                            case 1:\n                                _a.sent();\n                                return [2 /*return*/];\n                        }\n                    });\n                });",
                      "err": {},
                      "uuid": "b0c77a2b-2be4-423e-8ae7-8dbc2b9ce589",
                      "parentUUID": "cd15b5ad-54b0-4f2d-a11a-de7136ea34ac",
                      "isHook": false,
                      "skipped": false
                    },
                    {
                      "title": "sync_state",
                      "fullTitle": "Ckb Node Rpc check Tests public-MIRANA(0.115.0 (d845cbf 2024-04-01)) Net sync_state",
                      "timedOut": false,
                      "duration": 387,
                      "state": "passed",
                      "speed": "slow",
                      "pass": true,
                      "fail": false,
                      "pending": false,
                      "context": null,
                      "code": "return __awaiter(_this, void 0, void 0, function () {\n                    return __generator(this, function (_a) {\n                        switch (_a.label) {\n                            case 0: return [4 /*yield*/, ckbRequestTest(this.ctx, TestCkBkbClient.syncState(), config)];\n                            case 1:\n                                _a.sent();\n                                return [2 /*return*/];\n                        }\n                    });\n                });",
                      "err": {},
                      "uuid": "f5b132ae-b260-44c6-ad27-102334d5e0b3",
                      "parentUUID": "cd15b5ad-54b0-4f2d-a11a-de7136ea34ac",
                      "isHook": false,
                      "skipped": false
                    },
                    {
                      "title": "set_network_active,should failed",
                      "fullTitle": "Ckb Node Rpc check Tests public-MIRANA(0.115.0 (d845cbf 2024-04-01)) Net set_network_active,should failed",
                      "timedOut": false,
                      "duration": 514,
                      "state": "passed",
                      "speed": "slow",
                      "pass": true,
                      "fail": false,
                      "pending": false,
                      "context": null,
                      "code": "return __awaiter(_this, void 0, void 0, function () {\n                    return __generator(this, function (_a) {\n                        switch (_a.label) {\n                            case 0: return [4 /*yield*/, ckbRequestTest(this.ctx, TestCkBkbClient.setNetworkActive(true), config)];\n                            case 1:\n                                _a.sent();\n                                return [2 /*return*/];\n                        }\n                    });\n                });",
                      "err": {},
                      "uuid": "16b08392-3ef2-44ed-80b9-be0b6aee0231",
                      "parentUUID": "cd15b5ad-54b0-4f2d-a11a-de7136ea34ac",
                      "isHook": false,
                      "skipped": false
                    },
                    {
                      "title": "add_node,should failed",
                      "fullTitle": "Ckb Node Rpc check Tests public-MIRANA(0.115.0 (d845cbf 2024-04-01)) Net add_node,should failed",
                      "timedOut": false,
                      "duration": 376,
                      "state": "passed",
                      "speed": "slow",
                      "pass": true,
                      "fail": false,
                      "pending": false,
                      "context": null,
                      "code": "return __awaiter(_this, void 0, void 0, function () {\n                    return __generator(this, function (_a) {\n                        switch (_a.label) {\n                            case 0: return [4 /*yield*/, ckbRequestTest(this.ctx, TestCkBkbClient.addNode(\"id1\", \"/ip4/192.168.2.100/tcp/8114/QmUsZHPbjjzU627UZFt4k8j6ycEcNvXRnVGxCPKqwbAfQS\"), config)];\n                            case 1:\n                                _a.sent();\n                                return [2 /*return*/];\n                        }\n                    });\n                });",
                      "err": {},
                      "uuid": "e6356b8d-da13-4a05-91e1-e3b1a316b3fd",
                      "parentUUID": "cd15b5ad-54b0-4f2d-a11a-de7136ea34ac",
                      "isHook": false,
                      "skipped": false
                    },
                    {
                      "title": "remove_node,should failed",
                      "fullTitle": "Ckb Node Rpc check Tests public-MIRANA(0.115.0 (d845cbf 2024-04-01)) Net remove_node,should failed",
                      "timedOut": false,
                      "duration": 403,
                      "state": "passed",
                      "speed": "slow",
                      "pass": true,
                      "fail": false,
                      "pending": false,
                      "context": null,
                      "code": "return __awaiter(_this, void 0, void 0, function () {\n                    return __generator(this, function (_a) {\n                        switch (_a.label) {\n                            case 0: return [4 /*yield*/, ckbRequestTest(this.ctx, TestCkBkbClient.removeNode(\"1234\"), config)];\n                            case 1:\n                                _a.sent();\n                                return [2 /*return*/];\n                        }\n                    });\n                });",
                      "err": {},
                      "uuid": "4a870fe3-3933-4ddb-a1c3-13ca02916b58",
                      "parentUUID": "cd15b5ad-54b0-4f2d-a11a-de7136ea34ac",
                      "isHook": false,
                      "skipped": false
                    },
                    {
                      "title": "ping_peers",
                      "fullTitle": "Ckb Node Rpc check Tests public-MIRANA(0.115.0 (d845cbf 2024-04-01)) Net ping_peers",
                      "timedOut": false,
                      "duration": 360,
                      "state": "passed",
                      "speed": "slow",
                      "pass": true,
                      "fail": false,
                      "pending": false,
                      "context": null,
                      "code": "return __awaiter(_this, void 0, void 0, function () {\n                    return __generator(this, function (_a) {\n                        switch (_a.label) {\n                            case 0: return [4 /*yield*/, ckbRequestTest(this.ctx, TestCkBkbClient.pingPeers(), config)];\n                            case 1:\n                                _a.sent();\n                                return [2 /*return*/];\n                        }\n                    });\n                });",
                      "err": {},
                      "uuid": "c6f30953-153f-465a-9002-77f90681dd73",
                      "parentUUID": "cd15b5ad-54b0-4f2d-a11a-de7136ea34ac",
                      "isHook": false,
                      "skipped": false
                    }
                  ],
                  "suites": [],
                  "passes": [
                    "057d2b66-b0f0-40f7-8205-5bc0251c18df",
                    "d6778f69-74ab-45dd-8687-1f84393420c9",
                    "8bd39bd0-b6d8-4267-83a8-b9cde7f7315e",
                    "6f7a2f4d-8df2-4426-bfc7-40037590c141",
                    "b0c77a2b-2be4-423e-8ae7-8dbc2b9ce589",
                    "f5b132ae-b260-44c6-ad27-102334d5e0b3",
                    "16b08392-3ef2-44ed-80b9-be0b6aee0231",
                    "e6356b8d-da13-4a05-91e1-e3b1a316b3fd",
                    "4a870fe3-3933-4ddb-a1c3-13ca02916b58",
                    "c6f30953-153f-465a-9002-77f90681dd73"
                  ],
                  "failures": [],
                  "pending": [],
                  "skipped": [],
                  "duration": 3577,
                  "root": false,
                  "rootEmpty": false,
                  "_timeout": 100000000
                },
                {
                  "uuid": "a8051eda-d235-4fe5-b26c-ab97cd8a1521",
                  "title": "Pool",
                  "fullFile": "/home/runner/work/CkbGuardian/CkbGuardian/ckb/test/ckb.spec.test.ts",
                  "file": "/test/ckb.spec.test.ts",
                  "beforeHooks": [],
                  "afterHooks": [],
                  "tests": [
                    {
                      "title": "send_transaction",
                      "fullTitle": "Ckb Node Rpc check Tests public-MIRANA(0.115.0 (d845cbf 2024-04-01)) Pool send_transaction",
                      "timedOut": false,
                      "duration": 0,
                      "state": "passed",
                      "speed": "fast",
                      "pass": true,
                      "fail": false,
                      "pending": false,
                      "context": null,
[...]
                    },
                    {
                      "title": "remove_node,should failed",
                      "fullTitle": "Ckb Node Rpc check Tests ankr-MIRANA(-) Net remove_node,should failed",
                      "timedOut": false,
                      "duration": 107,
                      "state": "passed",
                      "speed": "slow",
                      "pass": true,
                      "fail": false,
                      "pending": false,
                      "context": null,
                      "code": "return __awaiter(_this, void 0, void 0, function () {\n                    return __generator(this, function (_a) {\n                        switch (_a.label) {\n                            case 0: return [4 /*yield*/, ckbRequestTest(this.ctx, TestCkBkbClient.removeNode(\"1234\"), config)];\n                            case 1:\n                                _a.sent();\n                                return [2 /*return*/];\n                        }\n                    });\n                });",
                      "err": {},
                      "uuid": "f8e95f2c-d848-42ea-bea6-79c207aab9bc",
                      "parentUUID": "785d19a9-cc3e-4964-ab5e-4baccf3a639c",
                      "isHook": false,
                      "skipped": false
                    },
                    {
                      "title": "ping_peers,should failed",
                      "fullTitle": "Ckb Node Rpc check Tests ankr-MIRANA(-) Net ping_peers,should failed",
                      "timedOut": false,
                      "duration": 68,
                      "state": "passed",
                      "speed": "medium",
                      "pass": true,
                      "fail": false,
                      "pending": false,
                      "context": null,
                      "code": "return __awaiter(_this, void 0, void 0, function () {\n                    return __generator(this, function (_a) {\n                        switch (_a.label) {\n                            case 0: return [4 /*yield*/, ckbRequestTest(this.ctx, TestCkBkbClient.pingPeers(), config)];\n                            case 1:\n                                _a.sent();\n                                return [2 /*return*/];\n                        }\n                    });\n                });",
                      "err": {},
                      "uuid": "f80b0fc4-e464-4858-8c23-126ba86617e0",
                      "parentUUID": "785d19a9-cc3e-4964-ab5e-4baccf3a639c",
                      "isHook": false,
                      "skipped": false
                    }
                  ],
                  "suites": [],
                  "passes": [
                    "31679e68-dc2d-4154-82fd-ee568dca1a5f",
                    "b054c13e-fa0e-4040-9891-0b63d1be13bd",
                    "75b14d05-3d85-44d9-9984-1ee6899d3cb2",
                    "4c215984-303f-4f1a-a29e-5fb63cdb7671",
                    "8a3d906a-40ff-4640-b0c6-d39a95ce07d9",
                    "9407fb98-6ef9-45ef-a7b4-60e11586cee2",
                    "38ffffbb-e8a4-47ef-8e9d-6a63d3627019",
                    "a00ebd9a-e276-4176-a83f-7c7fe0337187",
                    "f8e95f2c-d848-42ea-bea6-79c207aab9bc",
                    "f80b0fc4-e464-4858-8c23-126ba86617e0"
                  ],
                  "failures": [],
                  "pending": [],
                  "skipped": [],
                  "duration": 868,
                  "root": false,
                  "rootEmpty": false,
                  "_timeout": 100000000
                },
                {
                  "uuid": "b8046751-b4e5-433f-a85e-6b99f5472ba2",
                  "title": "Pool",
                  "fullFile": "/home/runner/work/CkbGuardian/CkbGuardian/ckb/test/ckb.spec.test.ts",
                  "file": "/test/ckb.spec.test.ts",
                  "beforeHooks": [],
                  "afterHooks": [],
                  "tests": [
                    {
                      "title": "send_transaction",
                      "fullTitle": "Ckb Node Rpc check Tests ankr-MIRANA(-) Pool send_transaction",
                      "timedOut": false,
                      "duration": 0,
                      "state": "passed",
                      "speed": "fast",
                      "pass": true,
                      "fail": false,
                      "pending": false,
                      "context": null,
                      "code": "return __awaiter(_this, void 0, void 0, function () {\n                    return __generator(this, function (_a) {\n                        return [2 /*return*/];\n                    });\n                });",
                      "err": {},
                      "uuid": "174952d4-20dd-455e-8b0c-278f6c58f232",
                      "parentUUID": "b8046751-b4e5-433f-a85e-6b99f5472ba2",
                      "isHook": false,
                      "skipped": false
                    },
                    {
                      "title": "remove_transaction,should failed",
                      "fullTitle": "Ckb Node Rpc check Tests ankr-MIRANA(-) Pool remove_transaction,should failed",
                      "timedOut": false,
                      "duration": 87,
                      "state": "passed",
                      "speed": "slow",
                      "pass": true,
                      "fail": false,
                      "pending": false,
                      "context": null,
                      "code": "return __awaiter(_this, void 0, void 0, function () {\n                    return __generator(this, function (_a) {\n                        switch (_a.label) {\n                            case 0: return [4 /*yield*/, ckbRequestTest(this.ctx, request(1, config.rpc, \"remove_transaction\", [\"0xa0ef4eb5f4ceeb08a4c8524d84c5da95dce2f608e0ca2ec8091191b0f330c6e3\"]), config)];\n                            case 1:\n                                _a.sent();\n                                return [2 /*return*/];\n                        }\n                    });\n                });",
                      "err": {},
                      "uuid": "88bf13c5-8fe8-4f19-86b0-643b760a169d",
                      "parentUUID": "b8046751-b4e5-433f-a85e-6b99f5472ba2",
                      "isHook": false,
                      "skipped": false
                    },
                    {
                      "title": "tx_pool_info",
                      "fullTitle": "Ckb Node Rpc check Tests ankr-MIRANA(-) Pool tx_pool_info",
                      "timedOut": false,
                      "duration": 123,
                      "state": "passed",
                      "speed": "slow",
                      "pass": true,
                      "fail": false,
                      "pending": false,
                      "context": null,
                      "code": "return __awaiter(_this, void 0, void 0, function () {\n                    return __generator(this, function (_a) {\n                        switch (_a.label) {\n                            case 0: return [4 /*yield*/, ckbRequestTest(this.ctx, TestCkBkbClient.txPoolInfo(), config)];\n                            case 1:\n                                _a.sent();\n                                return [2 /*return*/];\n                        }\n                    });\n                });",
                      "err": {},
                      "uuid": "a46c0857-b356-4b2d-8128-949476d4b526",
                      "parentUUID": "b8046751-b4e5-433f-a85e-6b99f5472ba2",
                      "isHook": false,
                      "skipped": false
                    },
                    {
                      "title": "clear_tx_pool,should failed",
                      "fullTitle": "Ckb Node Rpc check Tests ankr-MIRANA(-) Pool clear_tx_pool,should failed",
                      "timedOut": false,
                      "duration": 96,
                      "state": "passed",
                      "speed": "slow",
                      "pass": true,
                      "fail": false,
                      "pending": false,
                      "context": null,
                      "code": "return __awaiter(_this, void 0, void 0, function () {\n                    return __generator(this, function (_a) {\n                        switch (_a.label) {\n                            case 0: return [4 /*yield*/, ckbRequestTest(this.ctx, TestCkBkbClient.clearTxPool(), config)];\n                            case 1:\n                                _a.sent();\n                                return [2 /*return*/];\n                        }\n                    });\n                });",
                      "err": {},
                      "uuid": "f6a5fc2d-b0a2-409d-a855-325d3a514e3e",
                      "parentUUID": "b8046751-b4e5-433f-a85e-6b99f5472ba2",
                      "isHook": false,
                      "skipped": false
                    },
                    {
                      "title": "get_raw_tx_pool",
                      "fullTitle": "Ckb Node Rpc check Tests ankr-MIRANA(-) Pool get_raw_tx_pool",
                      "timedOut": false,
                      "duration": 106,
                      "state": "passed",
                      "speed": "slow",
                      "pass": true,
                      "fail": false,
                      "pending": false,
                      "context": null,
                      "code": "return __awaiter(_this, void 0, void 0, function () {\n                    return __generator(this, function (_a) {\n                        switch (_a.label) {\n                            case 0: return [4 /*yield*/, ckbRequestTest(this.ctx, TestCkBkbClient.getRawTxPool(), config)];\n                            case 1:\n                                _a.sent();\n                                return [2 /*return*/];\n                        }\n                    });\n                });",
                      "err": {},
                      "uuid": "7a2d2671-eb23-4e1c-a496-4c5e1a4631bd",
                      "parentUUID": "b8046751-b4e5-433f-a85e-6b99f5472ba2",
                      "isHook": false,
                      "skipped": false
                    },
                    {
                      "title": "tx_pool_ready",
                      "fullTitle": "Ckb Node Rpc check Tests ankr-MIRANA(-) Pool tx_pool_ready",
                      "timedOut": false,
                      "duration": 123,
                      "state": "passed",
                      "speed": "slow",
                      "pass": true,
                      "fail": false,
                      "pending": false,
                      "context": null,
                      "code": "return __awaiter(_this, void 0, void 0, function () {\n                    return __generator(this, function (_a) {\n                        switch (_a.label) {\n                            case 0: return [4 /*yield*/, ckbRequestTest(this.ctx, request(1, config.rpc, \"tx_pool_ready\", []), config)];\n                            case 1:\n                                _a.sent();\n                                return [2 /*return*/];\n                        }\n                    });\n                });",
                      "err": {},
                      "uuid": "09730fcb-123a-498d-9816-71676b7741a4",
                      "parentUUID": "b8046751-b4e5-433f-a85e-6b99f5472ba2",
                      "isHook": false,
                      "skipped": false
                    }
                  ],
                  "suites": [],
                  "passes": [
                    "174952d4-20dd-455e-8b0c-278f6c58f232",
                    "88bf13c5-8fe8-4f19-86b0-643b760a169d",
                    "a46c0857-b356-4b2d-8128-949476d4b526",
                    "f6a5fc2d-b0a2-409d-a855-325d3a514e3e",
                    "7a2d2671-eb23-4e1c-a496-4c5e1a4631bd",
                    "09730fcb-123a-498d-9816-71676b7741a4"
                  ],
                  "failures": [],
                  "pending": [],
                  "skipped": [],
                  "duration": 535,
                  "root": false,
                  "rootEmpty": false,
                  "_timeout": 100000000
                },
                {
                  "uuid": "e6e1244b-e73d-4819-905f-77dc128a5711",
                  "title": "Stats",
                  "fullFile": "/home/runner/work/CkbGuardian/CkbGuardian/ckb/test/ckb.spec.test.ts",
                  "file": "/test/ckb.spec.test.ts",
                  "beforeHooks": [],
                  "afterHooks": [],
                  "tests": [
                    {
                      "title": "get_blockchain_info",
                      "fullTitle": "Ckb Node Rpc check Tests ankr-MIRANA(-) Stats get_blockchain_info",
                      "timedOut": false,
                      "duration": 130,
                      "state": "passed",
                      "speed": "slow",
                      "pass": true,
                      "fail": false,
                      "pending": false,
                      "context": null,
                      "code": "return __awaiter(_this, void 0, void 0, function () {\n                    return __generator(this, function (_a) {\n                        switch (_a.label) {\n                            case 0: return [4 /*yield*/, ckbRequestTest(this.ctx, request(1, config.rpc, \"get_blockchain_info\", []), config)];\n                            case 1:\n                                _a.sent();\n                                return [2 /*return*/];\n                        }\n                    });\n                });",
                      "err": {},
                      "uuid": "da95c5a1-1668-4984-9641-c0de1d343b47",
                      "parentUUID": "e6e1244b-e73d-4819-905f-77dc128a5711",
                      "isHook": false,
                      "skipped": false
                    },
                    {
                      "title": "get_deployments_info",
                      "fullTitle": "Ckb Node Rpc check Tests ankr-MIRANA(-) Stats get_deployments_info",
                      "timedOut": false,
                      "duration": 547,
                      "state": "passed",
                      "speed": "slow",
                      "pass": true,
                      "fail": false,
                      "pending": false,
                      "context": null,
                      "code": "return __awaiter(_this, void 0, void 0, function () {\n                    return __generator(this, function (_a) {\n                        switch (_a.label) {\n                            case 0: return [4 /*yield*/, ckbRequestTest(this.ctx, request(1, config.rpc, \"get_deployments_info\", []), config)];\n                            case 1:\n                                _a.sent();\n                                return [2 /*return*/];\n                        }\n                    });\n                });",
                      "err": {},
                      "uuid": "ea148686-9f0a-4b61-b045-44bfa80fefd7",
                      "parentUUID": "e6e1244b-e73d-4819-905f-77dc128a5711",
                      "isHook": false,
                      "skipped": false
                    }
                  ],
                  "suites": [],
                  "passes": [
                    "da95c5a1-1668-4984-9641-c0de1d343b47",
                    "ea148686-9f0a-4b61-b045-44bfa80fefd7"
                  ],
                  "failures": [],
                  "pending": [],
                  "skipped": [],
                  "duration": 677,
                  "root": false,
                  "rootEmpty": false,
                  "_timeout": 100000000
                },
                {
                  "uuid": "4e0b7fda-47a9-4523-8375-6a8bc101be3b",
                  "title": "Subscription",
                  "fullFile": "/home/runner/work/CkbGuardian/CkbGuardian/ckb/test/ckb.spec.test.ts",
                  "file": "/test/ckb.spec.test.ts",
                  "beforeHooks": [],
                  "afterHooks": [],
                  "tests": [
                    {
                      "title": "subscribe,should failed",
                      "fullTitle": "Ckb Node Rpc check Tests ankr-MIRANA(-) Subscription subscribe,should failed",
                      "timedOut": false,
                      "duration": 146,
                      "state": "passed",
                      "speed": "slow",
                      "pass": true,
                      "fail": false,
                      "pending": false,
                      "context": null,
                      "code": "return __awaiter(_this, void 0, void 0, function () {\n                    return __generator(this, function (_a) {\n                        switch (_a.label) {\n                            case 0: return [4 /*yield*/, ckbRequestTest(this.ctx, request(1, config.rpc, \"subscribe\", [\"new_tip_header\"]), config)];\n                            case 1:\n                                _a.sent();\n                                return [2 /*return*/];\n                        }\n                    });\n                });",
                      "err": {},
                      "uuid": "98336df6-60f1-4126-8cdb-2eb4faefb059",
                      "parentUUID": "4e0b7fda-47a9-4523-8375-6a8bc101be3b",
                      "isHook": false,
                      "skipped": false
                    },
                    {
                      "title": "unsubscribe",
                      "fullTitle": "Ckb Node Rpc check Tests ankr-MIRANA(-) Subscription unsubscribe",
                      "timedOut": false,
                      "duration": 0,
                      "state": "pending",
                      "speed": null,
                      "pass": false,
                      "fail": false,
                      "pending": true,
                      "context": null,
                      "code": "",
                      "err": {},
                      "uuid": "bc2ac9ed-1bc6-4414-820a-8828a9fdcdc8",
                      "parentUUID": "4e0b7fda-47a9-4523-8375-6a8bc101be3b",
                      "isHook": false,
                      "skipped": false
                    }
                  ],
                  "suites": [],
                  "passes": [
                    "98336df6-60f1-4126-8cdb-2eb4faefb059"
                  ],
                  "failures": [],
                  "pending": [
                    "bc2ac9ed-1bc6-4414-820a-8828a9fdcdc8"
                  ],
                  "skipped": [],
                  "duration": 146,
                  "root": false,
                  "rootEmpty": false,
                  "_timeout": 100000000
                }
              ],
              "passes": [],
              "failures": [],
              "pending": [],
              "skipped": [],
              "duration": 0,
              "root": false,
              "rootEmpty": false,
              "_timeout": 100000000
            }
          ],
          "passes": [],
          "failures": [],
          "pending": [],
          "skipped": [],
          "duration": 0,
          "root": false,
          "rootEmpty": false,
          "_timeout": 100000000
        }
      ],
      "passes": [],
      "failures": [],
      "pending": [],
      "skipped": [],
      "duration": 0,
      "root": true,
      "rootEmpty": true,
      "_timeout": 2000
    }
  ],
  "meta": {
    "mocha": {
      "version": "9.2.2"
    },
    "mochawesome": {
      "options": {
        "quiet": false,
        "reportFilename": "mochawesome",
        "saveHtml": true,
        "saveJson": true,
        "consoleReporter": "spec",
        "useInlineDiffs": false,
        "code": true
      },
      "version": "7.1.3"
    },
    "marge": {
      "options": null,
      "version": "6.2.0"
    }
  }
}